
[ 2015-11-19T17:02:19+08:00 ] 183.136.139.14 /YouPan/index.php/Home/Disk/callback
INFO: [ app_init ] --START--
INFO: Run Behavior\BuildLiteBehavior [ RunTime:0.000015s ]
INFO: [ app_init ] --END-- [ RunTime:0.000313s ]
INFO: [ app_begin ] --START--
INFO: Run Behavior\ReadHtmlCacheBehavior [ RunTime:0.000435s ]
INFO: [ app_begin ] --END-- [ RunTime:0.000501s ]
SQL: SHOW COLUMNS FROM `tbfile` [ RunTime:0.0007s ]
ERR: 错误:Array
(
    [fileName] => html.jpg
    [fileSize] => 1143601
    [fileKey] => FrMcNMIW_6zu49QkMPVljtUpT9SB
    [fileType] => image/jpeg
    [userID] => 
)

ERR: 错误:Array
(
    [fileName] => html.jpg
    [fileSize] => 1143601
    [fileKey] => FrMcNMIW_6zu49QkMPVljtUpT9SB
    [fileType] => image/jpeg
    [userID] => 
)

SQL: SELECT * FROM `tbfile` WHERE `fdKey` = 'FrMcNMIW_6zu49QkMPVljtUpT9SB' LIMIT 1   [ RunTime:0.0002s ]
SQL: SHOW COLUMNS FROM `tbMimeType` [ RunTime:0.0004s ]
SQL: SELECT * FROM `tbMimeType` WHERE `fdName` = 'image/jpeg' LIMIT 1   [ RunTime:0.0002s ]
ERR: 1048:Column 'fdUserID' cannot be null
 [ SQL语句 ] : INSERT INTO `tbfile` (`fdName`,`fdSize`,`fdSizeH`,`fdKey`,`fdUserID`,`fdCreate`,`fdUpdate`,`fdMimeTypeID`) VALUES ('html.jpg','1143601','1.09mb','FrMcNMIW_6zu49QkMPVljtUpT9SB',NULL,'2015-11-19 17:02:19','2015-11-19 17:02:19','133')
ERR: 1048:Column 'fdUserID' cannot be null
 [ SQL语句 ] : INSERT INTO `tbfile` (`fdName`,`fdSize`,`fdSizeH`,`fdKey`,`fdUserID`,`fdCreate`,`fdUpdate`,`fdMimeTypeID`) VALUES ('html.jpg','1143601','1.09mb','FrMcNMIW_6zu49QkMPVljtUpT9SB',NULL,'2015-11-19 17:02:19','2015-11-19 17:02:19','133')

[ 2015-11-19T17:02:19+08:00 ] 110.64.213.10 /index.php/Home/Disk/index.html
INFO: [ app_init ] --START--
INFO: Run Behavior\BuildLiteBehavior [ RunTime:0.000016s ]
INFO: [ app_init ] --END-- [ RunTime:0.000315s ]
INFO: [ app_begin ] --START--
INFO: Run Behavior\ReadHtmlCacheBehavior [ RunTime:0.000415s ]
INFO: [ app_begin ] --END-- [ RunTime:0.000466s ]
SQL: SHOW COLUMNS FROM `tbfile` [ RunTime:0.0008s ]
SQL: SELECT `id`,`fdName`,`fdSize`,`fdUpdate`,`fdSizeH` FROM `tbfile` WHERE `fdStatus` = 1 AND `fdUserID` = 1 ORDER BY id desc LIMIT 0,10   [ RunTime:0.0002s ]
INFO: [ view_parse ] --START--
INFO: [ template_filter ] --START--
INFO: Run Behavior\ContentReplaceBehavior [ RunTime:0.000038s ]
INFO: [ template_filter ] --END-- [ RunTime:0.000086s ]
INFO: Run Behavior\ParseTemplateBehavior [ RunTime:0.006037s ]
INFO: [ view_parse ] --END-- [ RunTime:0.006085s ]
INFO: [ view_filter ] --START--
INFO: Run Behavior\WriteHtmlCacheBehavior [ RunTime:0.000134s ]
INFO: [ view_filter ] --END-- [ RunTime:0.000183s ]

[ 2015-11-19T17:05:08+08:00 ] 123.151.149.222 http://www.baidu.com/
INFO: [ app_init ] --START--
INFO: Run Behavior\BuildLiteBehavior [ RunTime:0.000019s ]
INFO: [ app_init ] --END-- [ RunTime:0.000341s ]
INFO: [ app_begin ] --START--
INFO: Run Behavior\ReadHtmlCacheBehavior [ RunTime:0.000412s ]
INFO: [ app_begin ] --END-- [ RunTime:0.000485s ]
INFO: [ view_parse ] --START--
INFO: [ template_filter ] --START--
INFO: Run Behavior\ContentReplaceBehavior [ RunTime:0.000042s ]
INFO: [ template_filter ] --END-- [ RunTime:0.000104s ]
INFO: Run Behavior\ParseTemplateBehavior [ RunTime:0.007523s ]
INFO: [ view_parse ] --END-- [ RunTime:0.007602s ]
INFO: [ view_filter ] --START--
INFO: Run Behavior\WriteHtmlCacheBehavior [ RunTime:0.000133s ]
INFO: [ view_filter ] --END-- [ RunTime:0.000177s ]
INFO: [ app_end ] --START--
INFO: Run Behavior\ShowPageTraceBehavior [ RunTime:0.000447s ]
INFO: [ app_end ] --END-- [ RunTime:0.000498s ]

[ 2015-11-19T17:07:59+08:00 ] 183.136.139.19 /YouPan/index.php/Home/Disk/callback
INFO: [ app_init ] --START--
INFO: Run Behavior\BuildLiteBehavior [ RunTime:0.000015s ]
INFO: [ app_init ] --END-- [ RunTime:0.000310s ]
INFO: [ app_begin ] --START--
INFO: Run Behavior\ReadHtmlCacheBehavior [ RunTime:0.000384s ]
INFO: [ app_begin ] --END-- [ RunTime:0.000438s ]
SQL: SHOW COLUMNS FROM `tbfile` [ RunTime:0.0007s ]
SQL: SELECT * FROM `tbfile` WHERE `fdKey` = 'FvX4rSaBmkcTGNJGMfpQVQNnEqh-' LIMIT 1   [ RunTime:0.0002s ]
SQL: SHOW COLUMNS FROM `tbMimeType` [ RunTime:0.0004s ]
SQL: SELECT * FROM `tbMimeType` WHERE `fdName` = 'image/jpeg' LIMIT 1   [ RunTime:0.0002s ]
SQL: INSERT INTO `tbfile` (`fdName`,`fdSize`,`fdSizeH`,`fdKey`,`fdUserID`,`fdCreate`,`fdUpdate`,`fdMimeTypeID`) VALUES ('Chrysanthemum.jpg','879394','858.78kb','FvX4rSaBmkcTGNJGMfpQVQNnEqh-','1','2015-11-19 17:07:59','2015-11-19 17:07:59','133') [ RunTime:0.0085s ]

[ 2015-11-19T17:25:54+08:00 ] 183.136.139.17 /YouPan/index.php/Home/Disk/callback
INFO: [ app_init ] --START--
INFO: Run Behavior\BuildLiteBehavior [ RunTime:0.000015s ]
INFO: [ app_init ] --END-- [ RunTime:0.000321s ]
INFO: [ app_begin ] --START--
INFO: Run Behavior\ReadHtmlCacheBehavior [ RunTime:0.000395s ]
INFO: [ app_begin ] --END-- [ RunTime:0.000473s ]
SQL: SHOW COLUMNS FROM `tbfile` [ RunTime:0.0007s ]
SQL: SELECT * FROM `tbfile` WHERE `fdKey` = 'FoJ3xyK6R4voYG2EKd43crXeTl8J' LIMIT 1   [ RunTime:0.0002s ]
SQL: SHOW COLUMNS FROM `tbMimeType` [ RunTime:0.0004s ]
SQL: SELECT * FROM `tbMimeType` WHERE `fdName` = 'text/plain' LIMIT 1   [ RunTime:0.0003s ]
SQL: INSERT INTO `tbfile` (`fdName`,`fdSize`,`fdSizeH`,`fdKey`,`fdUserID`,`fdCreate`,`fdUpdate`,`fdMimeTypeID`) VALUES ('eula.1028.txt','17734','17.32kb','FoJ3xyK6R4voYG2EKd43crXeTl8J','1','2015-11-19 17:25:54','2015-11-19 17:25:54','160') [ RunTime:0.0078s ]

[ 2015-11-19T17:25:55+08:00 ] 183.136.139.19 /YouPan/index.php/Home/Disk/callback
INFO: [ app_init ] --START--
INFO: Run Behavior\BuildLiteBehavior [ RunTime:0.000015s ]
INFO: [ app_init ] --END-- [ RunTime:0.000308s ]
INFO: [ app_begin ] --START--
INFO: Run Behavior\ReadHtmlCacheBehavior [ RunTime:0.000385s ]
INFO: [ app_begin ] --END-- [ RunTime:0.000438s ]
SQL: SHOW COLUMNS FROM `tbfile` [ RunTime:0.0007s ]
SQL: SELECT * FROM `tbfile` WHERE `fdKey` = 'FoJ3xyK6R4voYG2EKd43crXeTl8J' LIMIT 1   [ RunTime:0.0002s ]

[ 2015-11-19T17:25:55+08:00 ] 183.136.139.14 /YouPan/index.php/Home/Disk/callback
INFO: [ app_init ] --START--
INFO: Run Behavior\BuildLiteBehavior [ RunTime:0.000015s ]
INFO: [ app_init ] --END-- [ RunTime:0.000317s ]
INFO: [ app_begin ] --START--
INFO: Run Behavior\ReadHtmlCacheBehavior [ RunTime:0.000402s ]
INFO: [ app_begin ] --END-- [ RunTime:0.000456s ]
SQL: SHOW COLUMNS FROM `tbfile` [ RunTime:0.0007s ]
SQL: SELECT * FROM `tbfile` WHERE `fdKey` = 'FnMgfr5Z9uEHPA12yINaMSw2e2EE' LIMIT 1   [ RunTime:0.0002s ]
SQL: SHOW COLUMNS FROM `tbMimeType` [ RunTime:0.0004s ]
SQL: SELECT * FROM `tbMimeType` WHERE `fdName` = 'text/plain' LIMIT 1   [ RunTime:0.0002s ]
SQL: INSERT INTO `tbfile` (`fdName`,`fdSize`,`fdSizeH`,`fdKey`,`fdUserID`,`fdCreate`,`fdUpdate`,`fdMimeTypeID`) VALUES ('eula.1033.txt','10134','9.9kb','FnMgfr5Z9uEHPA12yINaMSw2e2EE','1','2015-11-19 17:25:55','2015-11-19 17:25:55','160') [ RunTime:0.0100s ]

[ 2015-11-19T17:25:58+08:00 ] 183.136.139.11 /YouPan/index.php/Home/Disk/callback
INFO: [ app_init ] --START--
INFO: Run Behavior\BuildLiteBehavior [ RunTime:0.000016s ]
INFO: [ app_init ] --END-- [ RunTime:0.000316s ]
INFO: [ app_begin ] --START--
INFO: Run Behavior\ReadHtmlCacheBehavior [ RunTime:0.000512s ]
INFO: [ app_begin ] --END-- [ RunTime:0.000567s ]
SQL: SHOW COLUMNS FROM `tbfile` [ RunTime:0.0007s ]
SQL: SELECT * FROM `tbfile` WHERE `fdKey` = 'FoJ3xyK6R4voYG2EKd43crXeTl8J' LIMIT 1   [ RunTime:0.0003s ]

[ 2015-11-19T17:25:58+08:00 ] 183.136.139.19 /YouPan/index.php/Home/Disk/callback
INFO: [ app_init ] --START--
INFO: Run Behavior\BuildLiteBehavior [ RunTime:0.000020s ]
INFO: [ app_init ] --END-- [ RunTime:0.000409s ]
INFO: [ app_begin ] --START--
INFO: Run Behavior\ReadHtmlCacheBehavior [ RunTime:0.000451s ]
INFO: [ app_begin ] --END-- [ RunTime:0.000533s ]
SQL: SHOW COLUMNS FROM `tbfile` [ RunTime:0.0007s ]
SQL: SELECT * FROM `tbfile` WHERE `fdKey` = 'FoJ3xyK6R4voYG2EKd43crXeTl8J' LIMIT 1   [ RunTime:0.0002s ]

[ 2015-11-19T17:25:59+08:00 ] 183.136.139.11 /YouPan/index.php/Home/Disk/callback
INFO: [ app_init ] --START--
INFO: Run Behavior\BuildLiteBehavior [ RunTime:0.000015s ]
INFO: [ app_init ] --END-- [ RunTime:0.000312s ]
INFO: [ app_begin ] --START--
INFO: Run Behavior\ReadHtmlCacheBehavior [ RunTime:0.000383s ]
INFO: [ app_begin ] --END-- [ RunTime:0.000437s ]
SQL: SHOW COLUMNS FROM `tbfile` [ RunTime:0.0007s ]
SQL: SELECT * FROM `tbfile` WHERE `fdKey` = 'FuQ2JW_eu0uzIUROn7HYS-mEGTH-' LIMIT 1   [ RunTime:0.0002s ]
SQL: SHOW COLUMNS FROM `tbMimeType` [ RunTime:0.0004s ]
SQL: SELECT * FROM `tbMimeType` WHERE `fdName` = 'text/plain' LIMIT 1   [ RunTime:0.0002s ]
SQL: INSERT INTO `tbfile` (`fdName`,`fdSize`,`fdSizeH`,`fdKey`,`fdUserID`,`fdCreate`,`fdUpdate`,`fdMimeTypeID`) VALUES ('eula.1041.txt','118','118b','FuQ2JW_eu0uzIUROn7HYS-mEGTH-','1','2015-11-19 17:25:59','2015-11-19 17:25:59','160') [ RunTime:0.0093s ]

[ 2015-11-19T17:25:59+08:00 ] 183.136.139.17 /YouPan/index.php/Home/Disk/callback
INFO: [ app_init ] --START--
INFO: Run Behavior\BuildLiteBehavior [ RunTime:0.000023s ]
INFO: [ app_init ] --END-- [ RunTime:0.000495s ]
INFO: [ app_begin ] --START--
INFO: Run Behavior\ReadHtmlCacheBehavior [ RunTime:0.000637s ]
INFO: [ app_begin ] --END-- [ RunTime:0.000722s ]
SQL: SHOW COLUMNS FROM `tbfile` [ RunTime:0.0007s ]
SQL: SELECT * FROM `tbfile` WHERE `fdKey` = 'FoJ3xyK6R4voYG2EKd43crXeTl8J' LIMIT 1   [ RunTime:0.0003s ]

[ 2015-11-19T17:25:59+08:00 ] 183.136.139.14 /YouPan/index.php/Home/Disk/callback
INFO: [ app_init ] --START--
INFO: Run Behavior\BuildLiteBehavior [ RunTime:0.000015s ]
INFO: [ app_init ] --END-- [ RunTime:0.000340s ]
INFO: [ app_begin ] --START--
INFO: Run Behavior\ReadHtmlCacheBehavior [ RunTime:0.000423s ]
INFO: [ app_begin ] --END-- [ RunTime:0.000477s ]
SQL: SHOW COLUMNS FROM `tbfile` [ RunTime:0.0007s ]
SQL: SELECT * FROM `tbfile` WHERE `fdKey` = 'FoJ3xyK6R4voYG2EKd43crXeTl8J' LIMIT 1   [ RunTime:0.0002s ]

[ 2015-11-19T17:25:59+08:00 ] 183.136.139.11 /YouPan/index.php/Home/Disk/callback
INFO: [ app_init ] --START--
INFO: Run Behavior\BuildLiteBehavior [ RunTime:0.000016s ]
INFO: [ app_init ] --END-- [ RunTime:0.000322s ]
INFO: [ app_begin ] --START--
INFO: Run Behavior\ReadHtmlCacheBehavior [ RunTime:0.000428s ]
INFO: [ app_begin ] --END-- [ RunTime:0.000482s ]
SQL: SHOW COLUMNS FROM `tbfile` [ RunTime:0.0007s ]
SQL: SELECT * FROM `tbfile` WHERE `fdKey` = 'FoJ3xyK6R4voYG2EKd43crXeTl8J' LIMIT 1   [ RunTime:0.0003s ]

[ 2015-11-19T17:26:26+08:00 ] 110.64.213.10 /
INFO: [ app_init ] --START--
INFO: Run Behavior\BuildLiteBehavior [ RunTime:0.000015s ]
INFO: [ app_init ] --END-- [ RunTime:0.000321s ]
INFO: [ app_begin ] --START--
INFO: Run Behavior\ReadHtmlCacheBehavior [ RunTime:0.000424s ]
INFO: [ app_begin ] --END-- [ RunTime:0.000490s ]
INFO: [ view_parse ] --START--
INFO: [ template_filter ] --START--
INFO: Run Behavior\ContentReplaceBehavior [ RunTime:0.000040s ]
INFO: [ template_filter ] --END-- [ RunTime:0.000091s ]
INFO: Run Behavior\ParseTemplateBehavior [ RunTime:0.006920s ]
INFO: [ view_parse ] --END-- [ RunTime:0.006972s ]
INFO: [ view_filter ] --START--
INFO: Run Behavior\WriteHtmlCacheBehavior [ RunTime:0.000129s ]
INFO: [ view_filter ] --END-- [ RunTime:0.000174s ]
INFO: [ app_end ] --START--
INFO: Run Behavior\ShowPageTraceBehavior [ RunTime:0.000451s ]
INFO: [ app_end ] --END-- [ RunTime:0.000499s ]

[ 2015-11-19T17:27:24+08:00 ] 183.136.139.17 /YouPan/index.php/Home/Disk/callback
INFO: [ app_init ] --START--
INFO: Run Behavior\BuildLiteBehavior [ RunTime:0.000015s ]
INFO: [ app_init ] --END-- [ RunTime:0.000342s ]
INFO: [ app_begin ] --START--
INFO: Run Behavior\ReadHtmlCacheBehavior [ RunTime:0.000424s ]
INFO: [ app_begin ] --END-- [ RunTime:0.000495s ]
SQL: SHOW COLUMNS FROM `tbfile` [ RunTime:0.0007s ]
SQL: SELECT * FROM `tbfile` WHERE `fdKey` = 'FoJ3xyK6R4voYG2EKd43crXeTl8J' LIMIT 1   [ RunTime:0.0002s ]
SQL: SHOW COLUMNS FROM `tbMimeType` [ RunTime:0.0004s ]
SQL: SELECT * FROM `tbMimeType` WHERE `fdName` = 'text/plain' LIMIT 1   [ RunTime:0.0003s ]
SQL: INSERT INTO `tbfile` (`fdName`,`fdSize`,`fdSizeH`,`fdKey`,`fdUserID`,`fdCreate`,`fdUpdate`,`fdMimeTypeID`) VALUES ('eula.1028.txt','17734','17.32kb','FoJ3xyK6R4voYG2EKd43crXeTl8J','1','2015-11-19 17:27:24','2015-11-19 17:27:24','160') [ RunTime:0.0071s ]

[ 2015-11-19T17:27:25+08:00 ] 183.136.139.11 /YouPan/index.php/Home/Disk/callback
INFO: [ app_init ] --START--
INFO: Run Behavior\BuildLiteBehavior [ RunTime:0.000019s ]
INFO: [ app_init ] --END-- [ RunTime:0.000336s ]
INFO: [ app_begin ] --START--
INFO: Run Behavior\ReadHtmlCacheBehavior [ RunTime:0.000391s ]
INFO: [ app_begin ] --END-- [ RunTime:0.000446s ]
SQL: SHOW COLUMNS FROM `tbfile` [ RunTime:0.0007s ]
SQL: SELECT * FROM `tbfile` WHERE `fdKey` = 'FoJ3xyK6R4voYG2EKd43crXeTl8J' LIMIT 1   [ RunTime:0.0002s ]

[ 2015-11-19T17:27:25+08:00 ] 183.136.139.11 /YouPan/index.php/Home/Disk/callback
INFO: [ app_init ] --START--
INFO: Run Behavior\BuildLiteBehavior [ RunTime:0.000016s ]
INFO: [ app_init ] --END-- [ RunTime:0.000330s ]
INFO: [ app_begin ] --START--
INFO: Run Behavior\ReadHtmlCacheBehavior [ RunTime:0.000397s ]
INFO: [ app_begin ] --END-- [ RunTime:0.000451s ]
SQL: SHOW COLUMNS FROM `tbfile` [ RunTime:0.0007s ]
SQL: SELECT * FROM `tbfile` WHERE `fdKey` = 'FnMgfr5Z9uEHPA12yINaMSw2e2EE' LIMIT 1   [ RunTime:0.0003s ]
SQL: SHOW COLUMNS FROM `tbMimeType` [ RunTime:0.0004s ]
SQL: SELECT * FROM `tbMimeType` WHERE `fdName` = 'text/plain' LIMIT 1   [ RunTime:0.0002s ]
SQL: INSERT INTO `tbfile` (`fdName`,`fdSize`,`fdSizeH`,`fdKey`,`fdUserID`,`fdCreate`,`fdUpdate`,`fdMimeTypeID`) VALUES ('eula.1033.txt','10134','9.9kb','FnMgfr5Z9uEHPA12yINaMSw2e2EE','1','2015-11-19 17:27:25','2015-11-19 17:27:25','160') [ RunTime:0.0096s ]

[ 2015-11-19T17:27:25+08:00 ] 183.136.139.17 /YouPan/index.php/Home/Disk/callback
INFO: [ app_init ] --START--
INFO: Run Behavior\BuildLiteBehavior [ RunTime:0.000016s ]
INFO: [ app_init ] --END-- [ RunTime:0.000368s ]
INFO: [ app_begin ] --START--
INFO: Run Behavior\ReadHtmlCacheBehavior [ RunTime:0.000405s ]
INFO: [ app_begin ] --END-- [ RunTime:0.000467s ]
SQL: SHOW COLUMNS FROM `tbfile` [ RunTime:0.0008s ]
SQL: SELECT * FROM `tbfile` WHERE `fdKey` = 'FoJ3xyK6R4voYG2EKd43crXeTl8J' LIMIT 1   [ RunTime:0.0002s ]

[ 2015-11-19T17:27:25+08:00 ] 183.136.139.11 /YouPan/index.php/Home/Disk/callback
INFO: [ app_init ] --START--
INFO: Run Behavior\BuildLiteBehavior [ RunTime:0.000015s ]
INFO: [ app_init ] --END-- [ RunTime:0.000320s ]
INFO: [ app_begin ] --START--
INFO: Run Behavior\ReadHtmlCacheBehavior [ RunTime:0.000446s ]
INFO: [ app_begin ] --END-- [ RunTime:0.000517s ]
SQL: SHOW COLUMNS FROM `tbfile` [ RunTime:0.0007s ]
SQL: SELECT * FROM `tbfile` WHERE `fdKey` = 'FoJ3xyK6R4voYG2EKd43crXeTl8J' LIMIT 1   [ RunTime:0.0003s ]

[ 2015-11-19T17:27:25+08:00 ] 183.136.139.11 /YouPan/index.php/Home/Disk/callback
INFO: [ app_init ] --START--
INFO: Run Behavior\BuildLiteBehavior [ RunTime:0.000015s ]
INFO: [ app_init ] --END-- [ RunTime:0.000354s ]
INFO: [ app_begin ] --START--
INFO: Run Behavior\ReadHtmlCacheBehavior [ RunTime:0.000486s ]
INFO: [ app_begin ] --END-- [ RunTime:0.000550s ]
SQL: SHOW COLUMNS FROM `tbfile` [ RunTime:0.0007s ]
SQL: SELECT * FROM `tbfile` WHERE `fdKey` = 'FuQ2JW_eu0uzIUROn7HYS-mEGTH-' LIMIT 1   [ RunTime:0.0002s ]
SQL: SHOW COLUMNS FROM `tbMimeType` [ RunTime:0.0004s ]
SQL: SELECT * FROM `tbMimeType` WHERE `fdName` = 'text/plain' LIMIT 1   [ RunTime:0.0002s ]
SQL: INSERT INTO `tbfile` (`fdName`,`fdSize`,`fdSizeH`,`fdKey`,`fdUserID`,`fdCreate`,`fdUpdate`,`fdMimeTypeID`) VALUES ('eula.1041.txt','118','118b','FuQ2JW_eu0uzIUROn7HYS-mEGTH-','1','2015-11-19 17:27:25','2015-11-19 17:27:25','160') [ RunTime:0.0142s ]

[ 2015-11-19T17:27:26+08:00 ] 183.136.139.11 /YouPan/index.php/Home/Disk/callback
INFO: [ app_init ] --START--
INFO: Run Behavior\BuildLiteBehavior [ RunTime:0.000021s ]
INFO: [ app_init ] --END-- [ RunTime:0.000367s ]
INFO: [ app_begin ] --START--
INFO: Run Behavior\ReadHtmlCacheBehavior [ RunTime:0.000426s ]
INFO: [ app_begin ] --END-- [ RunTime:0.000480s ]
SQL: SHOW COLUMNS FROM `tbfile` [ RunTime:0.0007s ]
SQL: SELECT * FROM `tbfile` WHERE `fdKey` = 'FoJ3xyK6R4voYG2EKd43crXeTl8J' LIMIT 1   [ RunTime:0.0003s ]

[ 2015-11-19T17:27:26+08:00 ] 183.136.139.11 /YouPan/index.php/Home/Disk/callback
INFO: [ app_init ] --START--
INFO: Run Behavior\BuildLiteBehavior [ RunTime:0.000026s ]
INFO: [ app_init ] --END-- [ RunTime:0.000536s ]
INFO: [ app_begin ] --START--
INFO: Run Behavior\ReadHtmlCacheBehavior [ RunTime:0.000655s ]
INFO: [ app_begin ] --END-- [ RunTime:0.000735s ]
SQL: SHOW COLUMNS FROM `tbfile` [ RunTime:0.0007s ]
SQL: SELECT * FROM `tbfile` WHERE `fdKey` = 'FoJ3xyK6R4voYG2EKd43crXeTl8J' LIMIT 1   [ RunTime:0.0002s ]

[ 2015-11-19T17:27:26+08:00 ] 183.136.139.19 /YouPan/index.php/Home/Disk/callback
INFO: [ app_init ] --START--
INFO: Run Behavior\BuildLiteBehavior [ RunTime:0.000015s ]
INFO: [ app_init ] --END-- [ RunTime:0.000311s ]
INFO: [ app_begin ] --START--
INFO: Run Behavior\ReadHtmlCacheBehavior [ RunTime:0.000386s ]
INFO: [ app_begin ] --END-- [ RunTime:0.000438s ]
SQL: SHOW COLUMNS FROM `tbfile` [ RunTime:0.0007s ]
SQL: SELECT * FROM `tbfile` WHERE `fdKey` = 'FoJ3xyK6R4voYG2EKd43crXeTl8J' LIMIT 1   [ RunTime:0.0002s ]

[ 2015-11-19T17:27:48+08:00 ] 183.136.139.17 /YouPan/index.php/Home/Disk/callback
INFO: [ app_init ] --START--
INFO: Run Behavior\BuildLiteBehavior [ RunTime:0.000019s ]
INFO: [ app_init ] --END-- [ RunTime:0.000356s ]
INFO: [ app_begin ] --START--
INFO: Run Behavior\ReadHtmlCacheBehavior [ RunTime:0.000423s ]
INFO: [ app_begin ] --END-- [ RunTime:0.000485s ]
SQL: SHOW COLUMNS FROM `tbfile` [ RunTime:0.0007s ]
SQL: SELECT * FROM `tbfile` WHERE `fdKey` = 'FvX4rSaBmkcTGNJGMfpQVQNnEqh-' LIMIT 1   [ RunTime:0.0002s ]
SQL: SHOW COLUMNS FROM `tbMimeType` [ RunTime:0.0004s ]
SQL: SELECT * FROM `tbMimeType` WHERE `fdName` = 'image/jpeg' LIMIT 1   [ RunTime:0.0002s ]
SQL: INSERT INTO `tbfile` (`fdName`,`fdSize`,`fdSizeH`,`fdKey`,`fdUserID`,`fdCreate`,`fdUpdate`,`fdMimeTypeID`) VALUES ('Chrysanthemum.jpg','879394','858.78kb','FvX4rSaBmkcTGNJGMfpQVQNnEqh-','1','2015-11-19 17:27:48','2015-11-19 17:27:48','133') [ RunTime:0.0074s ]

[ 2015-11-19T17:27:50+08:00 ] 183.136.139.14 /YouPan/index.php/Home/Disk/callback
INFO: [ app_init ] --START--
INFO: Run Behavior\BuildLiteBehavior [ RunTime:0.000016s ]
INFO: [ app_init ] --END-- [ RunTime:0.000368s ]
INFO: [ app_begin ] --START--
INFO: Run Behavior\ReadHtmlCacheBehavior [ RunTime:0.000651s ]
INFO: [ app_begin ] --END-- [ RunTime:0.000721s ]
SQL: SHOW COLUMNS FROM `tbfile` [ RunTime:0.0011s ]
SQL: SELECT * FROM `tbfile` WHERE `fdKey` = 'FjBCDRqa-yvLYDNYElaa9ENaWc4X' LIMIT 1   [ RunTime:0.0003s ]
SQL: SHOW COLUMNS FROM `tbMimeType` [ RunTime:0.0004s ]
SQL: SELECT * FROM `tbMimeType` WHERE `fdName` = 'image/jpeg' LIMIT 1   [ RunTime:0.0002s ]
SQL: INSERT INTO `tbfile` (`fdName`,`fdSize`,`fdSizeH`,`fdKey`,`fdUserID`,`fdCreate`,`fdUpdate`,`fdMimeTypeID`) VALUES ('Desert.jpg','845941','826.11kb','FjBCDRqa-yvLYDNYElaa9ENaWc4X','1','2015-11-19 17:27:50','2015-11-19 17:27:50','133') [ RunTime:0.0063s ]

[ 2015-11-19T17:27:51+08:00 ] 183.136.139.19 /YouPan/index.php/Home/Disk/callback
INFO: [ app_init ] --START--
INFO: Run Behavior\BuildLiteBehavior [ RunTime:0.000016s ]
INFO: [ app_init ] --END-- [ RunTime:0.000326s ]
INFO: [ app_begin ] --START--
INFO: Run Behavior\ReadHtmlCacheBehavior [ RunTime:0.000427s ]
INFO: [ app_begin ] --END-- [ RunTime:0.000481s ]
SQL: SHOW COLUMNS FROM `tbfile` [ RunTime:0.0007s ]
SQL: SELECT * FROM `tbfile` WHERE `fdKey` = 'FtmX4cN-3AWth9A2A-Mq1JXuLPzh' LIMIT 1   [ RunTime:0.0003s ]
SQL: SHOW COLUMNS FROM `tbMimeType` [ RunTime:0.0004s ]
SQL: SELECT * FROM `tbMimeType` WHERE `fdName` = 'image/jpeg' LIMIT 1   [ RunTime:0.0002s ]
SQL: INSERT INTO `tbfile` (`fdName`,`fdSize`,`fdSizeH`,`fdKey`,`fdUserID`,`fdCreate`,`fdUpdate`,`fdMimeTypeID`) VALUES ('Hydrangeas.jpg','595284','581.33kb','FtmX4cN-3AWth9A2A-Mq1JXuLPzh','1','2015-11-19 17:27:51','2015-11-19 17:27:51','133') [ RunTime:0.0106s ]

[ 2015-11-19T17:27:53+08:00 ] 183.136.139.17 /YouPan/index.php/Home/Disk/callback
INFO: [ app_init ] --START--
INFO: Run Behavior\BuildLiteBehavior [ RunTime:0.000016s ]
INFO: [ app_init ] --END-- [ RunTime:0.000337s ]
INFO: [ app_begin ] --START--
INFO: Run Behavior\ReadHtmlCacheBehavior [ RunTime:0.000407s ]
INFO: [ app_begin ] --END-- [ RunTime:0.000461s ]
SQL: SHOW COLUMNS FROM `tbfile` [ RunTime:0.0007s ]
SQL: SELECT * FROM `tbfile` WHERE `fdKey` = 'FjsVvoSv8gsyKpPAuaqmLiWtM7S0' LIMIT 1   [ RunTime:0.0003s ]
SQL: SHOW COLUMNS FROM `tbMimeType` [ RunTime:0.0004s ]
SQL: SELECT * FROM `tbMimeType` WHERE `fdName` = 'image/jpeg' LIMIT 1   [ RunTime:0.0002s ]
SQL: INSERT INTO `tbfile` (`fdName`,`fdSize`,`fdSizeH`,`fdKey`,`fdUserID`,`fdCreate`,`fdUpdate`,`fdMimeTypeID`) VALUES ('Jellyfish.jpg','775702','757.52kb','FjsVvoSv8gsyKpPAuaqmLiWtM7S0','1','2015-11-19 17:27:53','2015-11-19 17:27:53','133') [ RunTime:0.0073s ]

[ 2015-11-19T17:27:55+08:00 ] 183.136.139.17 /YouPan/index.php/Home/Disk/callback
INFO: [ app_init ] --START--
INFO: Run Behavior\BuildLiteBehavior [ RunTime:0.000015s ]
INFO: [ app_init ] --END-- [ RunTime:0.000360s ]
INFO: [ app_begin ] --START--
INFO: Run Behavior\ReadHtmlCacheBehavior [ RunTime:0.000435s ]
INFO: [ app_begin ] --END-- [ RunTime:0.000489s ]
SQL: SHOW COLUMNS FROM `tbfile` [ RunTime:0.0007s ]
SQL: SELECT * FROM `tbfile` WHERE `fdKey` = 'Fpw9yx-RhaMU6iXVGu07WIGzL0IM' LIMIT 1   [ RunTime:0.0003s ]
SQL: SHOW COLUMNS FROM `tbMimeType` [ RunTime:0.0004s ]
SQL: SELECT * FROM `tbMimeType` WHERE `fdName` = 'image/jpeg' LIMIT 1   [ RunTime:0.0003s ]
SQL: INSERT INTO `tbfile` (`fdName`,`fdSize`,`fdSizeH`,`fdKey`,`fdUserID`,`fdCreate`,`fdUpdate`,`fdMimeTypeID`) VALUES ('Koala.jpg','780831','762.53kb','Fpw9yx-RhaMU6iXVGu07WIGzL0IM','1','2015-11-19 17:27:55','2015-11-19 17:27:55','133') [ RunTime:0.0061s ]

[ 2015-11-19T17:27:56+08:00 ] 183.136.139.11 /YouPan/index.php/Home/Disk/callback
INFO: [ app_init ] --START--
INFO: Run Behavior\BuildLiteBehavior [ RunTime:0.000024s ]
INFO: [ app_init ] --END-- [ RunTime:0.000382s ]
INFO: [ app_begin ] --START--
INFO: Run Behavior\ReadHtmlCacheBehavior [ RunTime:0.000409s ]
INFO: [ app_begin ] --END-- [ RunTime:0.000472s ]
SQL: SHOW COLUMNS FROM `tbfile` [ RunTime:0.0007s ]
SQL: SELECT * FROM `tbfile` WHERE `fdKey` = 'FhtGBbDiDOzPkaonjRDoH61k4k4n' LIMIT 1   [ RunTime:0.0002s ]
SQL: SHOW COLUMNS FROM `tbMimeType` [ RunTime:0.0004s ]
SQL: SELECT * FROM `tbMimeType` WHERE `fdName` = 'image/jpeg' LIMIT 1   [ RunTime:0.0003s ]
SQL: INSERT INTO `tbfile` (`fdName`,`fdSize`,`fdSizeH`,`fdKey`,`fdUserID`,`fdCreate`,`fdUpdate`,`fdMimeTypeID`) VALUES ('Lighthouse.jpg','561276','548.12kb','FhtGBbDiDOzPkaonjRDoH61k4k4n','1','2015-11-19 17:27:56','2015-11-19 17:27:56','133') [ RunTime:0.0070s ]

[ 2015-11-19T17:27:58+08:00 ] 183.136.139.17 /YouPan/index.php/Home/Disk/callback
INFO: [ app_init ] --START--
INFO: Run Behavior\BuildLiteBehavior [ RunTime:0.000016s ]
INFO: [ app_init ] --END-- [ RunTime:0.000365s ]
INFO: [ app_begin ] --START--
INFO: Run Behavior\ReadHtmlCacheBehavior [ RunTime:0.000441s ]
INFO: [ app_begin ] --END-- [ RunTime:0.000503s ]
SQL: SHOW COLUMNS FROM `tbfile` [ RunTime:0.0007s ]
SQL: SELECT * FROM `tbfile` WHERE `fdKey` = 'Ft976dxPRnGHeDrKaMfOmOTfIXLQ' LIMIT 1   [ RunTime:0.0003s ]
SQL: SHOW COLUMNS FROM `tbMimeType` [ RunTime:0.0004s ]
SQL: SELECT * FROM `tbMimeType` WHERE `fdName` = 'image/jpeg' LIMIT 1   [ RunTime:0.0002s ]
SQL: INSERT INTO `tbfile` (`fdName`,`fdSize`,`fdSizeH`,`fdKey`,`fdUserID`,`fdCreate`,`fdUpdate`,`fdMimeTypeID`) VALUES ('Penguins.jpg','777835','759.6kb','Ft976dxPRnGHeDrKaMfOmOTfIXLQ','1','2015-11-19 17:27:58','2015-11-19 17:27:58','133') [ RunTime:0.0150s ]

[ 2015-11-19T17:27:59+08:00 ] 183.136.139.14 /YouPan/index.php/Home/Disk/callback
INFO: [ app_init ] --START--
INFO: Run Behavior\BuildLiteBehavior [ RunTime:0.000016s ]
INFO: [ app_init ] --END-- [ RunTime:0.000346s ]
INFO: [ app_begin ] --START--
INFO: Run Behavior\ReadHtmlCacheBehavior [ RunTime:0.000393s ]
INFO: [ app_begin ] --END-- [ RunTime:0.000447s ]
SQL: SHOW COLUMNS FROM `tbfile` [ RunTime:0.0007s ]
SQL: SELECT * FROM `tbfile` WHERE `fdKey` = 'FlTC8aHrbxLWgaXHB4QhpVAM7gKt' LIMIT 1   [ RunTime:0.0003s ]
SQL: SHOW COLUMNS FROM `tbMimeType` [ RunTime:0.0004s ]
SQL: SELECT * FROM `tbMimeType` WHERE `fdName` = 'image/jpeg' LIMIT 1   [ RunTime:0.0002s ]
SQL: INSERT INTO `tbfile` (`fdName`,`fdSize`,`fdSizeH`,`fdKey`,`fdUserID`,`fdCreate`,`fdUpdate`,`fdMimeTypeID`) VALUES ('Tulips.jpg','620888','606.34kb','FlTC8aHrbxLWgaXHB4QhpVAM7gKt','1','2015-11-19 17:27:59','2015-11-19 17:27:59','133') [ RunTime:0.0072s ]

[ 2015-11-19T18:13:43+08:00 ] 14.152.69.176 /index.php/Home/Disk/
INFO: [ app_init ] --START--
INFO: Run Behavior\BuildLiteBehavior [ RunTime:0.000015s ]
INFO: [ app_init ] --END-- [ RunTime:0.000334s ]
INFO: [ app_begin ] --START--
INFO: Run Behavior\ReadHtmlCacheBehavior [ RunTime:0.000421s ]
INFO: [ app_begin ] --END-- [ RunTime:0.000515s ]

[ 2015-11-19T18:13:43+08:00 ] 14.152.69.176 /index.php/Home/Index/signin.html
INFO: [ app_init ] --START--
INFO: Run Behavior\BuildLiteBehavior [ RunTime:0.000016s ]
INFO: [ app_init ] --END-- [ RunTime:0.000315s ]
INFO: [ app_begin ] --START--
INFO: Run Behavior\ReadHtmlCacheBehavior [ RunTime:0.000394s ]
INFO: [ app_begin ] --END-- [ RunTime:0.000446s ]
INFO: [ view_parse ] --START--
INFO: [ template_filter ] --START--
INFO: Run Behavior\ContentReplaceBehavior [ RunTime:0.000044s ]
INFO: [ template_filter ] --END-- [ RunTime:0.000102s ]
INFO: Run Behavior\ParseTemplateBehavior [ RunTime:0.007094s ]
INFO: [ view_parse ] --END-- [ RunTime:0.007151s ]
INFO: [ view_filter ] --START--
INFO: Run Behavior\WriteHtmlCacheBehavior [ RunTime:0.000129s ]
INFO: [ view_filter ] --END-- [ RunTime:0.000173s ]
INFO: [ app_end ] --START--
INFO: Run Behavior\ShowPageTraceBehavior [ RunTime:0.000468s ]
INFO: [ app_end ] --END-- [ RunTime:0.000519s ]

[ 2015-11-19T21:17:02+08:00 ] 110.64.213.10 /
INFO: [ app_init ] --START--
INFO: Run Behavior\BuildLiteBehavior [ RunTime:0.000016s ]
INFO: [ app_init ] --END-- [ RunTime:0.000323s ]
INFO: [ app_begin ] --START--
INFO: Run Behavior\ReadHtmlCacheBehavior [ RunTime:0.000428s ]
INFO: [ app_begin ] --END-- [ RunTime:0.000481s ]
INFO: [ view_parse ] --START--
INFO: [ template_filter ] --START--
INFO: Run Behavior\ContentReplaceBehavior [ RunTime:0.000040s ]
INFO: [ template_filter ] --END-- [ RunTime:0.000096s ]
INFO: Run Behavior\ParseTemplateBehavior [ RunTime:0.026309s ]
INFO: [ view_parse ] --END-- [ RunTime:0.026377s ]
INFO: [ view_filter ] --START--
INFO: Run Behavior\WriteHtmlCacheBehavior [ RunTime:0.000148s ]
INFO: [ view_filter ] --END-- [ RunTime:0.000194s ]
INFO: [ app_end ] --START--
INFO: Run Behavior\ShowPageTraceBehavior [ RunTime:0.000465s ]
INFO: [ app_end ] --END-- [ RunTime:0.000512s ]

[ 2015-11-19T21:17:02+08:00 ] 110.64.213.10 /index.php/Home/Disk/index.html
INFO: [ app_init ] --START--
INFO: Run Behavior\BuildLiteBehavior [ RunTime:0.000016s ]
INFO: [ app_init ] --END-- [ RunTime:0.000309s ]
INFO: [ app_begin ] --START--
INFO: Run Behavior\ReadHtmlCacheBehavior [ RunTime:0.000391s ]
INFO: [ app_begin ] --END-- [ RunTime:0.000444s ]

[ 2015-11-19T21:17:03+08:00 ] 110.64.213.10 /index.php/Home/Index/signin.html
INFO: [ app_init ] --START--
INFO: Run Behavior\BuildLiteBehavior [ RunTime:0.000015s ]
INFO: [ app_init ] --END-- [ RunTime:0.000350s ]
INFO: [ app_begin ] --START--
INFO: Run Behavior\ReadHtmlCacheBehavior [ RunTime:0.000459s ]
INFO: [ app_begin ] --END-- [ RunTime:0.000522s ]
INFO: [ view_parse ] --START--
INFO: [ template_filter ] --START--
INFO: Run Behavior\ContentReplaceBehavior [ RunTime:0.000045s ]
INFO: [ template_filter ] --END-- [ RunTime:0.000105s ]
INFO: Run Behavior\ParseTemplateBehavior [ RunTime:0.007675s ]
INFO: [ view_parse ] --END-- [ RunTime:0.007736s ]
INFO: [ view_filter ] --START--
INFO: Run Behavior\WriteHtmlCacheBehavior [ RunTime:0.000127s ]
INFO: [ view_filter ] --END-- [ RunTime:0.000173s ]
INFO: [ app_end ] --START--
INFO: Run Behavior\ShowPageTraceBehavior [ RunTime:0.000436s ]
INFO: [ app_end ] --END-- [ RunTime:0.000481s ]

[ 2015-11-19T21:17:08+08:00 ] 110.64.213.10 /index.php/Home/Index/signin.html
INFO: [ app_init ] --START--
INFO: Run Behavior\BuildLiteBehavior [ RunTime:0.000018s ]
INFO: [ app_init ] --END-- [ RunTime:0.000352s ]
INFO: [ app_begin ] --START--
INFO: Run Behavior\ReadHtmlCacheBehavior [ RunTime:0.000394s ]
INFO: [ app_begin ] --END-- [ RunTime:0.000446s ]
SQL: SHOW COLUMNS FROM `tbuser` [ RunTime:0.0007s ]
NOTIC: [8] Undefined index: validate /application/httpd/htdocs/YouPan/ThinkPHP/Library/Think/Model.class.php 第 1185 行.
SQL: SELECT `id`,`fdName`,`fdPassword`,`fdStatus` FROM `tbuser` WHERE `fdEmail` = '924714955@qq.com' LIMIT 1   [ RunTime:0.0002s ]
NOTIC: [8] Undefined index: auto /application/httpd/htdocs/YouPan/ThinkPHP/Library/Think/Model.class.php 第 1128 行.

[ 2015-11-19T21:17:09+08:00 ] 110.64.213.10 /index.php/Home/Disk/index.html
INFO: [ app_init ] --START--
INFO: Run Behavior\BuildLiteBehavior [ RunTime:0.000016s ]
INFO: [ app_init ] --END-- [ RunTime:0.000346s ]
INFO: [ app_begin ] --START--
INFO: Run Behavior\ReadHtmlCacheBehavior [ RunTime:0.000550s ]
INFO: [ app_begin ] --END-- [ RunTime:0.000604s ]
SQL: SHOW COLUMNS FROM `tbfile` [ RunTime:0.0007s ]
SQL: SELECT `id`,`fdName`,`fdSize`,`fdUpdate`,`fdSizeH` FROM `tbfile` WHERE `fdStatus` = 1 AND `fdUserID` = 1 ORDER BY id desc LIMIT 0,10   [ RunTime:0.0003s ]
INFO: [ view_parse ] --START--
INFO: [ template_filter ] --START--
INFO: Run Behavior\ContentReplaceBehavior [ RunTime:0.000041s ]
INFO: [ template_filter ] --END-- [ RunTime:0.000097s ]
INFO: Run Behavior\ParseTemplateBehavior [ RunTime:0.006291s ]
INFO: [ view_parse ] --END-- [ RunTime:0.006356s ]
INFO: [ view_filter ] --START--
INFO: Run Behavior\WriteHtmlCacheBehavior [ RunTime:0.000132s ]
INFO: [ view_filter ] --END-- [ RunTime:0.000183s ]
SQL: SELECT COUNT(*) AS tp_count FROM `tbfile` WHERE `fdUserID` = 1 AND `fdStatus` = 1 LIMIT 1   [ RunTime:0.0002s ]
INFO: [ view_parse ] --START--
INFO: [ template_filter ] --START--
INFO: Run Behavior\ContentReplaceBehavior [ RunTime:0.000049s ]
INFO: [ template_filter ] --END-- [ RunTime:-0.005783s ]
INFO: Run Behavior\ParseTemplateBehavior [ RunTime:0.005502s ]
INFO: [ view_parse ] --END-- [ RunTime:-0.000694s ]
INFO: [ view_filter ] --START--
INFO: Run Behavior\WriteHtmlCacheBehavior [ RunTime:0.000011s ]
INFO: [ view_filter ] --END-- [ RunTime:-0.006066s ]
INFO: [ app_end ] --START--
INFO: Run Behavior\ShowPageTraceBehavior [ RunTime:0.000461s ]
INFO: [ app_end ] --END-- [ RunTime:0.000519s ]

[ 2015-11-19T21:18:38+08:00 ] 110.64.213.10 /index.php/Home/Disk/index.html
INFO: [ app_init ] --START--
INFO: Run Behavior\BuildLiteBehavior [ RunTime:0.000018s ]
INFO: [ app_init ] --END-- [ RunTime:0.000345s ]
INFO: [ app_begin ] --START--
INFO: Run Behavior\ReadHtmlCacheBehavior [ RunTime:0.000417s ]
INFO: [ app_begin ] --END-- [ RunTime:0.000467s ]
SQL: SHOW COLUMNS FROM `tbfile` [ RunTime:0.0008s ]
SQL: SELECT `id`,`fdName`,`fdSize`,`fdUpdate`,`fdSizeH` FROM `tbfile` WHERE `fdStatus` = 1 AND `fdUserID` = 1 ORDER BY id desc LIMIT 10,10   [ RunTime:0.0003s ]
INFO: [ view_parse ] --START--
INFO: [ template_filter ] --START--
INFO: Run Behavior\ContentReplaceBehavior [ RunTime:0.000054s ]
INFO: [ template_filter ] --END-- [ RunTime:0.000121s ]
INFO: Run Behavior\ParseTemplateBehavior [ RunTime:0.006214s ]
INFO: [ view_parse ] --END-- [ RunTime:0.006265s ]
INFO: [ view_filter ] --START--
INFO: Run Behavior\WriteHtmlCacheBehavior [ RunTime:0.000150s ]
INFO: [ view_filter ] --END-- [ RunTime:0.000191s ]

[ 2015-11-19T21:18:44+08:00 ] 110.64.213.10 /index.php/Home/Disk/index.html
INFO: [ app_init ] --START--
INFO: Run Behavior\BuildLiteBehavior [ RunTime:0.000015s ]
INFO: [ app_init ] --END-- [ RunTime:0.000310s ]
INFO: [ app_begin ] --START--
INFO: Run Behavior\ReadHtmlCacheBehavior [ RunTime:0.000394s ]
INFO: [ app_begin ] --END-- [ RunTime:0.000451s ]
SQL: SHOW COLUMNS FROM `tbfile` [ RunTime:0.0008s ]
SQL: SELECT `id`,`fdName`,`fdSize`,`fdUpdate`,`fdSizeH` FROM `tbfile` WHERE `fdStatus` = 1 AND `fdUserID` = 1 ORDER BY id desc LIMIT 0,10   [ RunTime:0.0004s ]
INFO: [ view_parse ] --START--
INFO: [ template_filter ] --START--
INFO: Run Behavior\ContentReplaceBehavior [ RunTime:0.000064s ]
INFO: [ template_filter ] --END-- [ RunTime:0.000129s ]
INFO: Run Behavior\ParseTemplateBehavior [ RunTime:0.007208s ]
INFO: [ view_parse ] --END-- [ RunTime:0.007267s ]
INFO: [ view_filter ] --START--
INFO: Run Behavior\WriteHtmlCacheBehavior [ RunTime:0.000135s ]
INFO: [ view_filter ] --END-- [ RunTime:0.000184s ]
SQL: SELECT COUNT(*) AS tp_count FROM `tbfile` WHERE `fdUserID` = 1 AND `fdStatus` = 1 LIMIT 1   [ RunTime:0.0002s ]
INFO: [ view_parse ] --START--
INFO: [ template_filter ] --START--
INFO: Run Behavior\ContentReplaceBehavior [ RunTime:0.000046s ]
INFO: [ template_filter ] --END-- [ RunTime:-0.005735s ]
INFO: Run Behavior\ParseTemplateBehavior [ RunTime:0.005356s ]
INFO: [ view_parse ] --END-- [ RunTime:-0.000703s ]
INFO: [ view_filter ] --START--
INFO: Run Behavior\WriteHtmlCacheBehavior [ RunTime:0.000011s ]
INFO: [ view_filter ] --END-- [ RunTime:-0.005924s ]
INFO: [ app_end ] --START--
INFO: Run Behavior\ShowPageTraceBehavior [ RunTime:0.000427s ]
INFO: [ app_end ] --END-- [ RunTime:0.000492s ]

[ 2015-11-19T21:18:45+08:00 ] 110.64.213.10 /index.php/Home/Disk/index.html
INFO: [ app_init ] --START--
INFO: Run Behavior\BuildLiteBehavior [ RunTime:0.000017s ]
INFO: [ app_init ] --END-- [ RunTime:0.000344s ]
INFO: [ app_begin ] --START--
INFO: Run Behavior\ReadHtmlCacheBehavior [ RunTime:0.000391s ]
INFO: [ app_begin ] --END-- [ RunTime:0.000442s ]
SQL: SHOW COLUMNS FROM `tbfile` [ RunTime:0.0008s ]
SQL: SELECT `id`,`fdName`,`fdSize`,`fdUpdate`,`fdSizeH` FROM `tbfile` WHERE `fdStatus` = 1 AND `fdUserID` = 1 ORDER BY id desc LIMIT 10,10   [ RunTime:0.0003s ]
INFO: [ view_parse ] --START--
INFO: [ template_filter ] --START--
INFO: Run Behavior\ContentReplaceBehavior [ RunTime:0.000089s ]
INFO: [ template_filter ] --END-- [ RunTime:0.000183s ]
INFO: Run Behavior\ParseTemplateBehavior [ RunTime:0.007823s ]
INFO: [ view_parse ] --END-- [ RunTime:0.007878s ]
INFO: [ view_filter ] --START--
INFO: Run Behavior\WriteHtmlCacheBehavior [ RunTime:0.000178s ]
INFO: [ view_filter ] --END-- [ RunTime:0.000244s ]

[ 2015-11-19T21:18:48+08:00 ] 110.64.213.10 /index.php/Home/Disk/index.html
INFO: [ app_init ] --START--
INFO: Run Behavior\BuildLiteBehavior [ RunTime:0.000021s ]
INFO: [ app_init ] --END-- [ RunTime:0.000340s ]
INFO: [ app_begin ] --START--
INFO: Run Behavior\ReadHtmlCacheBehavior [ RunTime:0.000397s ]
INFO: [ app_begin ] --END-- [ RunTime:0.000451s ]
SQL: SHOW COLUMNS FROM `tbfile` [ RunTime:0.0007s ]
SQL: SELECT `id`,`fdName`,`fdSize`,`fdUpdate`,`fdSizeH` FROM `tbfile` WHERE `fdStatus` = 1 AND `fdUserID` = 1 ORDER BY id desc LIMIT 0,10   [ RunTime:0.0003s ]
INFO: [ view_parse ] --START--
INFO: [ template_filter ] --START--
INFO: Run Behavior\ContentReplaceBehavior [ RunTime:0.000039s ]
INFO: [ template_filter ] --END-- [ RunTime:0.000096s ]
INFO: Run Behavior\ParseTemplateBehavior [ RunTime:0.006976s ]
INFO: [ view_parse ] --END-- [ RunTime:0.007032s ]
INFO: [ view_filter ] --START--
INFO: Run Behavior\WriteHtmlCacheBehavior [ RunTime:0.000132s ]
INFO: [ view_filter ] --END-- [ RunTime:0.000178s ]
SQL: SELECT COUNT(*) AS tp_count FROM `tbfile` WHERE `fdUserID` = 1 AND `fdStatus` = 1 LIMIT 1   [ RunTime:0.0002s ]
INFO: [ view_parse ] --START--
INFO: [ template_filter ] --START--
INFO: Run Behavior\ContentReplaceBehavior [ RunTime:0.000046s ]
INFO: [ template_filter ] --END-- [ RunTime:-0.005596s ]
INFO: Run Behavior\ParseTemplateBehavior [ RunTime:0.005302s ]
INFO: [ view_parse ] --END-- [ RunTime:-0.000683s ]
INFO: [ view_filter ] --START--
INFO: Run Behavior\WriteHtmlCacheBehavior [ RunTime:0.000010s ]
INFO: [ view_filter ] --END-- [ RunTime:-0.005859s ]
INFO: [ app_end ] --START--
INFO: Run Behavior\ShowPageTraceBehavior [ RunTime:0.000451s ]
INFO: [ app_end ] --END-- [ RunTime:0.000529s ]

[ 2015-11-19T21:23:23+08:00 ] 110.64.213.10 /index.php/Home/Disk/index.html
INFO: [ app_init ] --START--
INFO: Run Behavior\BuildLiteBehavior [ RunTime:0.000022s ]
INFO: [ app_init ] --END-- [ RunTime:0.000363s ]
INFO: [ app_begin ] --START--
INFO: Run Behavior\ReadHtmlCacheBehavior [ RunTime:0.000410s ]
INFO: [ app_begin ] --END-- [ RunTime:0.000552s ]
SQL: SHOW COLUMNS FROM `tbfile` [ RunTime:0.0008s ]
SQL: SELECT `id`,`fdName`,`fdSize`,`fdUpdate`,`fdSizeH` FROM `tbfile` WHERE `fdStatus` = 1 AND `fdUserID` = 1 ORDER BY id desc LIMIT 0,10   [ RunTime:0.0003s ]
INFO: [ view_parse ] --START--
INFO: [ template_filter ] --START--
INFO: Run Behavior\ContentReplaceBehavior [ RunTime:0.000042s ]
INFO: [ template_filter ] --END-- [ RunTime:0.000104s ]
INFO: Run Behavior\ParseTemplateBehavior [ RunTime:0.006853s ]
INFO: [ view_parse ] --END-- [ RunTime:0.006917s ]
INFO: [ view_filter ] --START--
INFO: Run Behavior\WriteHtmlCacheBehavior [ RunTime:0.000145s ]
INFO: [ view_filter ] --END-- [ RunTime:0.000196s ]
SQL: SELECT COUNT(*) AS tp_count FROM `tbfile` WHERE `fdUserID` = 1 AND `fdStatus` = 1 LIMIT 1   [ RunTime:0.0002s ]
INFO: [ view_parse ] --START--
INFO: [ template_filter ] --START--
INFO: Run Behavior\ContentReplaceBehavior [ RunTime:0.000055s ]
INFO: [ template_filter ] --END-- [ RunTime:-0.005940s ]
INFO: Run Behavior\ParseTemplateBehavior [ RunTime:0.005553s ]
INFO: [ view_parse ] --END-- [ RunTime:-0.000704s ]
INFO: [ view_filter ] --START--
INFO: Run Behavior\WriteHtmlCacheBehavior [ RunTime:0.000011s ]
INFO: [ view_filter ] --END-- [ RunTime:-0.006115s ]
INFO: [ app_end ] --START--
INFO: Run Behavior\ShowPageTraceBehavior [ RunTime:0.000497s ]
INFO: [ app_end ] --END-- [ RunTime:0.000556s ]

[ 2015-11-19T21:23:24+08:00 ] 110.64.213.10 /index.php/Home/Disk/index.html
INFO: [ app_init ] --START--
INFO: Run Behavior\BuildLiteBehavior [ RunTime:0.000015s ]
INFO: [ app_init ] --END-- [ RunTime:0.000332s ]
INFO: [ app_begin ] --START--
INFO: Run Behavior\ReadHtmlCacheBehavior [ RunTime:0.000413s ]
INFO: [ app_begin ] --END-- [ RunTime:0.000463s ]
SQL: SHOW COLUMNS FROM `tbfile` [ RunTime:0.0007s ]
SQL: SELECT `id`,`fdName`,`fdSize`,`fdUpdate`,`fdSizeH` FROM `tbfile` WHERE `fdStatus` = 1 AND `fdUserID` = 1 ORDER BY id desc LIMIT 10,10   [ RunTime:0.0003s ]
INFO: [ view_parse ] --START--
INFO: [ template_filter ] --START--
INFO: Run Behavior\ContentReplaceBehavior [ RunTime:0.000040s ]
INFO: [ template_filter ] --END-- [ RunTime:0.000088s ]
INFO: Run Behavior\ParseTemplateBehavior [ RunTime:0.006215s ]
INFO: [ view_parse ] --END-- [ RunTime:0.006269s ]
INFO: [ view_filter ] --START--
INFO: Run Behavior\WriteHtmlCacheBehavior [ RunTime:0.000130s ]
INFO: [ view_filter ] --END-- [ RunTime:0.000171s ]

[ 2015-11-19T21:23:57+08:00 ] 183.136.139.19 /YouPan/index.php/Home/Disk/callback
INFO: [ app_init ] --START--
INFO: Run Behavior\BuildLiteBehavior [ RunTime:0.000016s ]
INFO: [ app_init ] --END-- [ RunTime:0.000323s ]
INFO: [ app_begin ] --START--
INFO: Run Behavior\ReadHtmlCacheBehavior [ RunTime:0.000418s ]
INFO: [ app_begin ] --END-- [ RunTime:0.000473s ]
SQL: SHOW COLUMNS FROM `tbfile` [ RunTime:0.0007s ]
SQL: SELECT * FROM `tbfile` WHERE `fdKey` = 'Fi8CK9hSO3Oud_1NKI2mDUIG8mUK' LIMIT 1   [ RunTime:0.0003s ]
NOTIC: [8] Undefined index: userID /application/httpd/htdocs/YouPan/Application/Home/Model/FileModel.class.php 第 40 行.
SQL: SHOW COLUMNS FROM `tbMimeType` [ RunTime:0.0004s ]
SQL: SELECT * FROM `tbMimeType` WHERE `fdName` = 'text/css' LIMIT 1   [ RunTime:0.0003s ]
ERR: 1048:Column 'fdUserID' cannot be null
 [ SQL语句 ] : INSERT INTO `tbfile` (`fdName`,`fdSize`,`fdSizeH`,`fdKey`,`fdUserID`,`fdCreate`,`fdUpdate`,`fdMimeTypeID`) VALUES ('common.css','2069','2.02kb','Fi8CK9hSO3Oud_1NKI2mDUIG8mUK',NULL,'2015-11-19 21:23:57','2015-11-19 21:23:57','154')
ERR: 1048:Column 'fdUserID' cannot be null
 [ SQL语句 ] : INSERT INTO `tbfile` (`fdName`,`fdSize`,`fdSizeH`,`fdKey`,`fdUserID`,`fdCreate`,`fdUpdate`,`fdMimeTypeID`) VALUES ('common.css','2069','2.02kb','Fi8CK9hSO3Oud_1NKI2mDUIG8mUK',NULL,'2015-11-19 21:23:57','2015-11-19 21:23:57','154')

[ 2015-11-19T21:23:57+08:00 ] 110.64.213.10 /index.php/Home/Disk/index.html
INFO: [ app_init ] --START--
INFO: Run Behavior\BuildLiteBehavior [ RunTime:0.000015s ]
INFO: [ app_init ] --END-- [ RunTime:0.000311s ]
INFO: [ app_begin ] --START--
INFO: Run Behavior\ReadHtmlCacheBehavior [ RunTime:0.000486s ]
INFO: [ app_begin ] --END-- [ RunTime:0.000548s ]
SQL: SHOW COLUMNS FROM `tbfile` [ RunTime:0.0008s ]
SQL: SELECT `id`,`fdName`,`fdSize`,`fdUpdate`,`fdSizeH` FROM `tbfile` WHERE `fdStatus` = 1 AND `fdUserID` = 1 ORDER BY id desc LIMIT 0,10   [ RunTime:0.0003s ]
INFO: [ view_parse ] --START--
INFO: [ template_filter ] --START--
INFO: Run Behavior\ContentReplaceBehavior [ RunTime:0.000043s ]
INFO: [ template_filter ] --END-- [ RunTime:0.000111s ]
INFO: Run Behavior\ParseTemplateBehavior [ RunTime:0.007303s ]
INFO: [ view_parse ] --END-- [ RunTime:0.007356s ]
INFO: [ view_filter ] --START--
INFO: Run Behavior\WriteHtmlCacheBehavior [ RunTime:0.000128s ]
INFO: [ view_filter ] --END-- [ RunTime:0.000176s ]

[ 2015-11-19T21:24:33+08:00 ] 183.136.139.11 /YouPan/index.php/Home/Disk/callback
INFO: [ app_init ] --START--
INFO: Run Behavior\BuildLiteBehavior [ RunTime:0.000016s ]
INFO: [ app_init ] --END-- [ RunTime:0.000375s ]
INFO: [ app_begin ] --START--
INFO: Run Behavior\ReadHtmlCacheBehavior [ RunTime:0.000391s ]
INFO: [ app_begin ] --END-- [ RunTime:0.000458s ]
SQL: SHOW COLUMNS FROM `tbfile` [ RunTime:0.0008s ]
SQL: SELECT * FROM `tbfile` WHERE `fdKey` = 'luEjlp3g6nImAmftqcYGoJYuE7EO' LIMIT 1   [ RunTime:0.0003s ]
NOTIC: [8] Undefined index: userID /application/httpd/htdocs/YouPan/Application/Home/Model/FileModel.class.php 第 40 行.
SQL: SHOW COLUMNS FROM `tbMimeType` [ RunTime:0.0004s ]
SQL: SELECT * FROM `tbMimeType` WHERE `fdName` = 'image/jpeg' LIMIT 1   [ RunTime:0.0003s ]
ERR: 1048:Column 'fdUserID' cannot be null
 [ SQL语句 ] : INSERT INTO `tbfile` (`fdName`,`fdSize`,`fdSizeH`,`fdKey`,`fdUserID`,`fdCreate`,`fdUpdate`,`fdMimeTypeID`) VALUES ('DSC_0007.JPG','8856622','8.45mb','luEjlp3g6nImAmftqcYGoJYuE7EO',NULL,'2015-11-19 21:24:33','2015-11-19 21:24:33','133')
ERR: 1048:Column 'fdUserID' cannot be null
 [ SQL语句 ] : INSERT INTO `tbfile` (`fdName`,`fdSize`,`fdSizeH`,`fdKey`,`fdUserID`,`fdCreate`,`fdUpdate`,`fdMimeTypeID`) VALUES ('DSC_0007.JPG','8856622','8.45mb','luEjlp3g6nImAmftqcYGoJYuE7EO',NULL,'2015-11-19 21:24:33','2015-11-19 21:24:33','133')

[ 2015-11-19T21:24:33+08:00 ] 110.64.213.10 /index.php/Home/Disk/index.html
INFO: [ app_init ] --START--
INFO: Run Behavior\BuildLiteBehavior [ RunTime:0.000016s ]
INFO: [ app_init ] --END-- [ RunTime:0.000331s ]
INFO: [ app_begin ] --START--
INFO: Run Behavior\ReadHtmlCacheBehavior [ RunTime:0.000399s ]
INFO: [ app_begin ] --END-- [ RunTime:0.000450s ]
SQL: SHOW COLUMNS FROM `tbfile` [ RunTime:0.0007s ]
SQL: SELECT `id`,`fdName`,`fdSize`,`fdUpdate`,`fdSizeH` FROM `tbfile` WHERE `fdStatus` = 1 AND `fdUserID` = 1 ORDER BY id desc LIMIT 0,10   [ RunTime:0.0003s ]
INFO: [ view_parse ] --START--
INFO: [ template_filter ] --START--
INFO: Run Behavior\ContentReplaceBehavior [ RunTime:0.000040s ]
INFO: [ template_filter ] --END-- [ RunTime:0.000097s ]
INFO: Run Behavior\ParseTemplateBehavior [ RunTime:0.006458s ]
INFO: [ view_parse ] --END-- [ RunTime:0.006513s ]
INFO: [ view_filter ] --START--
INFO: Run Behavior\WriteHtmlCacheBehavior [ RunTime:0.000151s ]
INFO: [ view_filter ] --END-- [ RunTime:0.000198s ]

[ 2015-11-19T22:28:43+08:00 ] 167.88.12.204 /
INFO: [ app_init ] --START--
INFO: Run Behavior\BuildLiteBehavior [ RunTime:0.000015s ]
INFO: [ app_init ] --END-- [ RunTime:0.000308s ]
INFO: [ app_begin ] --START--
INFO: Run Behavior\ReadHtmlCacheBehavior [ RunTime:0.000414s ]
INFO: [ app_begin ] --END-- [ RunTime:0.000467s ]
INFO: [ view_parse ] --START--
INFO: [ template_filter ] --START--
INFO: Run Behavior\ContentReplaceBehavior [ RunTime:0.000043s ]
INFO: [ template_filter ] --END-- [ RunTime:0.000094s ]
INFO: Run Behavior\ParseTemplateBehavior [ RunTime:0.006486s ]
INFO: [ view_parse ] --END-- [ RunTime:0.006535s ]
INFO: [ view_filter ] --START--
INFO: Run Behavior\WriteHtmlCacheBehavior [ RunTime:0.000129s ]
INFO: [ view_filter ] --END-- [ RunTime:0.000173s ]
INFO: [ app_end ] --START--
INFO: Run Behavior\ShowPageTraceBehavior [ RunTime:0.000432s ]
INFO: [ app_end ] --END-- [ RunTime:0.000477s ]

[ 2015-11-19T22:29:19+08:00 ] 183.24.96.50 /
INFO: [ app_init ] --START--
INFO: Run Behavior\BuildLiteBehavior [ RunTime:0.000016s ]
INFO: [ app_init ] --END-- [ RunTime:0.000338s ]
INFO: [ app_begin ] --START--
INFO: Run Behavior\ReadHtmlCacheBehavior [ RunTime:0.000433s ]
INFO: [ app_begin ] --END-- [ RunTime:0.000502s ]
INFO: [ view_parse ] --START--
INFO: [ template_filter ] --START--
INFO: Run Behavior\ContentReplaceBehavior [ RunTime:0.000052s ]
INFO: [ template_filter ] --END-- [ RunTime:0.000139s ]
INFO: Run Behavior\ParseTemplateBehavior [ RunTime:0.008383s ]
INFO: [ view_parse ] --END-- [ RunTime:0.008462s ]
INFO: [ view_filter ] --START--
INFO: Run Behavior\WriteHtmlCacheBehavior [ RunTime:0.000176s ]
INFO: [ view_filter ] --END-- [ RunTime:0.000229s ]
INFO: [ app_end ] --START--
INFO: Run Behavior\ShowPageTraceBehavior [ RunTime:0.000538s ]
INFO: [ app_end ] --END-- [ RunTime:0.000652s ]

[ 2015-11-19T22:29:27+08:00 ] 119.147.146.189 /
INFO: [ app_init ] --START--
INFO: Run Behavior\BuildLiteBehavior [ RunTime:0.000016s ]
INFO: [ app_init ] --END-- [ RunTime:0.000314s ]
INFO: [ app_begin ] --START--
INFO: Run Behavior\ReadHtmlCacheBehavior [ RunTime:0.000424s ]
INFO: [ app_begin ] --END-- [ RunTime:0.000477s ]
INFO: [ view_parse ] --START--
INFO: [ template_filter ] --START--
INFO: Run Behavior\ContentReplaceBehavior [ RunTime:0.000051s ]
INFO: [ template_filter ] --END-- [ RunTime:0.000117s ]
INFO: Run Behavior\ParseTemplateBehavior [ RunTime:0.008355s ]
INFO: [ view_parse ] --END-- [ RunTime:0.008413s ]
INFO: [ view_filter ] --START--
INFO: Run Behavior\WriteHtmlCacheBehavior [ RunTime:0.000143s ]
INFO: [ view_filter ] --END-- [ RunTime:0.000192s ]
INFO: [ app_end ] --START--
INFO: Run Behavior\ShowPageTraceBehavior [ RunTime:0.000463s ]
INFO: [ app_end ] --END-- [ RunTime:0.000513s ]

[ 2015-11-19T22:29:35+08:00 ] 183.24.96.50 /index.php/Home/Index/signin.html
INFO: [ app_init ] --START--
INFO: Run Behavior\BuildLiteBehavior [ RunTime:0.000019s ]
INFO: [ app_init ] --END-- [ RunTime:0.000349s ]
INFO: [ app_begin ] --START--
INFO: Run Behavior\ReadHtmlCacheBehavior [ RunTime:0.000499s ]
INFO: [ app_begin ] --END-- [ RunTime:0.000561s ]
INFO: [ view_parse ] --START--
INFO: [ template_filter ] --START--
INFO: Run Behavior\ContentReplaceBehavior [ RunTime:0.000054s ]
INFO: [ template_filter ] --END-- [ RunTime:0.000118s ]
INFO: Run Behavior\ParseTemplateBehavior [ RunTime:0.007933s ]
INFO: [ view_parse ] --END-- [ RunTime:0.007989s ]
INFO: [ view_filter ] --START--
INFO: Run Behavior\WriteHtmlCacheBehavior [ RunTime:0.000133s ]
INFO: [ view_filter ] --END-- [ RunTime:0.000177s ]
INFO: [ app_end ] --START--
INFO: Run Behavior\ShowPageTraceBehavior [ RunTime:0.000475s ]
INFO: [ app_end ] --END-- [ RunTime:0.000523s ]

[ 2015-11-19T22:29:48+08:00 ] 183.24.96.50 /index.php/Home/Index/signin.html
INFO: [ app_init ] --START--
INFO: Run Behavior\BuildLiteBehavior [ RunTime:0.000020s ]
INFO: [ app_init ] --END-- [ RunTime:0.000426s ]
INFO: [ app_begin ] --START--
INFO: Run Behavior\ReadHtmlCacheBehavior [ RunTime:0.000432s ]
INFO: [ app_begin ] --END-- [ RunTime:0.000482s ]
SQL: SHOW COLUMNS FROM `tbuser` [ RunTime:0.0007s ]
NOTIC: [8] Undefined index: validate /application/httpd/htdocs/YouPan/ThinkPHP/Library/Think/Model.class.php 第 1185 行.
SQL: SELECT `id`,`fdName`,`fdPassword`,`fdStatus` FROM `tbuser` WHERE `fdEmail` = '924714955@qq.com' LIMIT 1   [ RunTime:0.0002s ]
NOTIC: [8] Undefined index: auto /application/httpd/htdocs/YouPan/ThinkPHP/Library/Think/Model.class.php 第 1128 行.

[ 2015-11-19T22:29:49+08:00 ] 183.24.96.50 /index.php/Home/Disk/index.html
INFO: [ app_init ] --START--
INFO: Run Behavior\BuildLiteBehavior [ RunTime:0.000020s ]
INFO: [ app_init ] --END-- [ RunTime:0.000341s ]
INFO: [ app_begin ] --START--
INFO: Run Behavior\ReadHtmlCacheBehavior [ RunTime:0.000417s ]
INFO: [ app_begin ] --END-- [ RunTime:0.000475s ]
SQL: SHOW COLUMNS FROM `tbfile` [ RunTime:0.0008s ]
SQL: SELECT `id`,`fdName`,`fdSize`,`fdUpdate`,`fdSizeH` FROM `tbfile` WHERE `fdStatus` = 1 AND `fdUserID` = 1 ORDER BY id desc LIMIT 0,10   [ RunTime:0.0003s ]
INFO: [ view_parse ] --START--
INFO: [ template_filter ] --START--
INFO: Run Behavior\ContentReplaceBehavior [ RunTime:0.000047s ]
INFO: [ template_filter ] --END-- [ RunTime:0.000118s ]
INFO: Run Behavior\ParseTemplateBehavior [ RunTime:0.006932s ]
INFO: [ view_parse ] --END-- [ RunTime:0.006993s ]
INFO: [ view_filter ] --START--
INFO: Run Behavior\WriteHtmlCacheBehavior [ RunTime:0.000133s ]
INFO: [ view_filter ] --END-- [ RunTime:0.000179s ]
SQL: SELECT COUNT(*) AS tp_count FROM `tbfile` WHERE `fdUserID` = 1 AND `fdStatus` = 1 LIMIT 1   [ RunTime:0.0004s ]
INFO: [ view_parse ] --START--
INFO: [ template_filter ] --START--
INFO: Run Behavior\ContentReplaceBehavior [ RunTime:0.000048s ]
INFO: [ template_filter ] --END-- [ RunTime:-0.005983s ]
INFO: Run Behavior\ParseTemplateBehavior [ RunTime:0.005318s ]
INFO: [ view_parse ] --END-- [ RunTime:-0.000952s ]
INFO: [ view_filter ] --START--
INFO: Run Behavior\WriteHtmlCacheBehavior [ RunTime:0.000013s ]
INFO: [ view_filter ] --END-- [ RunTime:-0.006141s ]
INFO: [ app_end ] --START--
INFO: Run Behavior\ShowPageTraceBehavior [ RunTime:0.000460s ]
INFO: [ app_end ] --END-- [ RunTime:0.000516s ]

[ 2015-11-19T22:30:34+08:00 ] 183.136.139.19 /YouPan/index.php/Home/Disk/callback
INFO: [ app_init ] --START--
INFO: Run Behavior\BuildLiteBehavior [ RunTime:0.000016s ]
INFO: [ app_init ] --END-- [ RunTime:0.000336s ]
INFO: [ app_begin ] --START--
INFO: Run Behavior\ReadHtmlCacheBehavior [ RunTime:0.000423s ]
INFO: [ app_begin ] --END-- [ RunTime:0.000484s ]
SQL: SHOW COLUMNS FROM `tbfile` [ RunTime:0.0007s ]
SQL: SELECT * FROM `tbfile` WHERE `fdKey` = 'FuNy9CAsn0DiwB7rjW9KZ6CouH8K' LIMIT 1   [ RunTime:0.0003s ]
NOTIC: [8] Undefined index: userID /application/httpd/htdocs/YouPan/Application/Home/Model/FileModel.class.php 第 40 行.
SQL: SHOW COLUMNS FROM `tbMimeType` [ RunTime:0.0004s ]
SQL: SELECT * FROM `tbMimeType` WHERE `fdName` = 'application/x-zip-compressed' LIMIT 1   [ RunTime:0.0002s ]
ERR: 1048:Column 'fdUserID' cannot be null
 [ SQL语句 ] : INSERT INTO `tbfile` (`fdName`,`fdSize`,`fdSizeH`,`fdKey`,`fdUserID`,`fdCreate`,`fdUpdate`,`fdMimeTypeID`) VALUES ('php题目.zip','385697','376.66kb','FuNy9CAsn0DiwB7rjW9KZ6CouH8K',NULL,'2015-11-19 22:30:34','2015-11-19 22:30:34',NULL)
ERR: 1048:Column 'fdUserID' cannot be null
 [ SQL语句 ] : INSERT INTO `tbfile` (`fdName`,`fdSize`,`fdSizeH`,`fdKey`,`fdUserID`,`fdCreate`,`fdUpdate`,`fdMimeTypeID`) VALUES ('php题目.zip','385697','376.66kb','FuNy9CAsn0DiwB7rjW9KZ6CouH8K',NULL,'2015-11-19 22:30:34','2015-11-19 22:30:34',NULL)

[ 2015-11-19T22:30:34+08:00 ] 183.24.96.50 /index.php/Home/Disk/index.html
INFO: [ app_init ] --START--
INFO: Run Behavior\BuildLiteBehavior [ RunTime:0.000016s ]
INFO: [ app_init ] --END-- [ RunTime:0.000324s ]
INFO: [ app_begin ] --START--
INFO: Run Behavior\ReadHtmlCacheBehavior [ RunTime:0.000437s ]
INFO: [ app_begin ] --END-- [ RunTime:0.000492s ]
SQL: SHOW COLUMNS FROM `tbfile` [ RunTime:0.0007s ]
SQL: SELECT `id`,`fdName`,`fdSize`,`fdUpdate`,`fdSizeH` FROM `tbfile` WHERE `fdStatus` = 1 AND `fdUserID` = 1 ORDER BY id desc LIMIT 0,10   [ RunTime:0.0003s ]
INFO: [ view_parse ] --START--
INFO: [ template_filter ] --START--
INFO: Run Behavior\ContentReplaceBehavior [ RunTime:0.000041s ]
INFO: [ template_filter ] --END-- [ RunTime:0.000098s ]
INFO: Run Behavior\ParseTemplateBehavior [ RunTime:0.007339s ]
INFO: [ view_parse ] --END-- [ RunTime:0.007394s ]
INFO: [ view_filter ] --START--
INFO: Run Behavior\WriteHtmlCacheBehavior [ RunTime:0.000146s ]
INFO: [ view_filter ] --END-- [ RunTime:0.000193s ]

[ 2015-11-19T22:30:41+08:00 ] 183.136.139.17 /YouPan/index.php/Home/Disk/callback
INFO: [ app_init ] --START--
INFO: Run Behavior\BuildLiteBehavior [ RunTime:0.000016s ]
INFO: [ app_init ] --END-- [ RunTime:0.000331s ]
INFO: [ app_begin ] --START--
INFO: Run Behavior\ReadHtmlCacheBehavior [ RunTime:0.000598s ]
INFO: [ app_begin ] --END-- [ RunTime:0.000732s ]
SQL: SHOW COLUMNS FROM `tbfile` [ RunTime:0.0007s ]
SQL: SELECT * FROM `tbfile` WHERE `fdKey` = 'FgTp4Q846LnA6wKUTa41Mvvvyz_g' LIMIT 1   [ RunTime:0.0002s ]
NOTIC: [8] Undefined index: userID /application/httpd/htdocs/YouPan/Application/Home/Model/FileModel.class.php 第 40 行.
SQL: SHOW COLUMNS FROM `tbMimeType` [ RunTime:0.0004s ]
SQL: SELECT * FROM `tbMimeType` WHERE `fdName` = 'text/html' LIMIT 1   [ RunTime:0.0003s ]
ERR: 1048:Column 'fdUserID' cannot be null
 [ SQL语句 ] : INSERT INTO `tbfile` (`fdName`,`fdSize`,`fdSizeH`,`fdKey`,`fdUserID`,`fdCreate`,`fdUpdate`,`fdMimeTypeID`) VALUES ('test.html','2668','2.61kb','FgTp4Q846LnA6wKUTa41Mvvvyz_g',NULL,'2015-11-19 22:30:41','2015-11-19 22:30:41','156')
ERR: 1048:Column 'fdUserID' cannot be null
 [ SQL语句 ] : INSERT INTO `tbfile` (`fdName`,`fdSize`,`fdSizeH`,`fdKey`,`fdUserID`,`fdCreate`,`fdUpdate`,`fdMimeTypeID`) VALUES ('test.html','2668','2.61kb','FgTp4Q846LnA6wKUTa41Mvvvyz_g',NULL,'2015-11-19 22:30:41','2015-11-19 22:30:41','156')

[ 2015-11-19T22:30:41+08:00 ] 183.24.96.50 /index.php/Home/Disk/index.html
INFO: [ app_init ] --START--
INFO: Run Behavior\BuildLiteBehavior [ RunTime:0.000016s ]
INFO: [ app_init ] --END-- [ RunTime:0.000401s ]
INFO: [ app_begin ] --START--
INFO: Run Behavior\ReadHtmlCacheBehavior [ RunTime:0.000441s ]
INFO: [ app_begin ] --END-- [ RunTime:0.000513s ]
SQL: SHOW COLUMNS FROM `tbfile` [ RunTime:0.0007s ]
SQL: SELECT `id`,`fdName`,`fdSize`,`fdUpdate`,`fdSizeH` FROM `tbfile` WHERE `fdStatus` = 1 AND `fdUserID` = 1 ORDER BY id desc LIMIT 0,10   [ RunTime:0.0003s ]
INFO: [ view_parse ] --START--
INFO: [ template_filter ] --START--
INFO: Run Behavior\ContentReplaceBehavior [ RunTime:0.000044s ]
INFO: [ template_filter ] --END-- [ RunTime:0.000104s ]
INFO: Run Behavior\ParseTemplateBehavior [ RunTime:0.007331s ]
INFO: [ view_parse ] --END-- [ RunTime:0.007387s ]
INFO: [ view_filter ] --START--
INFO: Run Behavior\WriteHtmlCacheBehavior [ RunTime:0.000135s ]
INFO: [ view_filter ] --END-- [ RunTime:0.000184s ]

[ 2015-11-19T22:30:47+08:00 ] 183.24.96.50 /index.php/Home/Disk/index.html
INFO: [ app_init ] --START--
INFO: Run Behavior\BuildLiteBehavior [ RunTime:0.000016s ]
INFO: [ app_init ] --END-- [ RunTime:0.000328s ]
INFO: [ app_begin ] --START--
INFO: Run Behavior\ReadHtmlCacheBehavior [ RunTime:0.000408s ]
INFO: [ app_begin ] --END-- [ RunTime:0.000457s ]
SQL: SHOW COLUMNS FROM `tbfile` [ RunTime:0.0007s ]
SQL: SELECT `id`,`fdName`,`fdSize`,`fdUpdate`,`fdSizeH` FROM `tbfile` WHERE `fdStatus` = 1 AND `fdUserID` = 1 ORDER BY id desc LIMIT 10,10   [ RunTime:0.0003s ]
INFO: [ view_parse ] --START--
INFO: [ template_filter ] --START--
INFO: Run Behavior\ContentReplaceBehavior [ RunTime:0.000040s ]
INFO: [ template_filter ] --END-- [ RunTime:0.000089s ]
INFO: Run Behavior\ParseTemplateBehavior [ RunTime:0.006270s ]
INFO: [ view_parse ] --END-- [ RunTime:0.006317s ]
INFO: [ view_filter ] --START--
INFO: Run Behavior\WriteHtmlCacheBehavior [ RunTime:0.000155s ]
INFO: [ view_filter ] --END-- [ RunTime:0.000203s ]

[ 2015-11-19T22:30:50+08:00 ] 114.112.67.36 /index.php/Home/Disk/index.html
INFO: [ app_init ] --START--
INFO: Run Behavior\BuildLiteBehavior [ RunTime:0.000020s ]
INFO: [ app_init ] --END-- [ RunTime:0.000463s ]
INFO: [ app_begin ] --START--
INFO: Run Behavior\ReadHtmlCacheBehavior [ RunTime:0.000445s ]
INFO: [ app_begin ] --END-- [ RunTime:0.000510s ]

[ 2015-11-19T22:30:50+08:00 ] 114.112.67.36 /index.php/Home/Index/signin.html
INFO: [ app_init ] --START--
INFO: Run Behavior\BuildLiteBehavior [ RunTime:0.000016s ]
INFO: [ app_init ] --END-- [ RunTime:0.000316s ]
INFO: [ app_begin ] --START--
INFO: Run Behavior\ReadHtmlCacheBehavior [ RunTime:0.000396s ]
INFO: [ app_begin ] --END-- [ RunTime:0.000448s ]
INFO: [ view_parse ] --START--
INFO: [ template_filter ] --START--
INFO: Run Behavior\ContentReplaceBehavior [ RunTime:0.000043s ]
INFO: [ template_filter ] --END-- [ RunTime:0.000094s ]
INFO: Run Behavior\ParseTemplateBehavior [ RunTime:0.007345s ]
INFO: [ view_parse ] --END-- [ RunTime:0.007394s ]
INFO: [ view_filter ] --START--
INFO: Run Behavior\WriteHtmlCacheBehavior [ RunTime:0.000126s ]
INFO: [ view_filter ] --END-- [ RunTime:0.000169s ]
INFO: [ app_end ] --START--
INFO: Run Behavior\ShowPageTraceBehavior [ RunTime:0.000430s ]
INFO: [ app_end ] --END-- [ RunTime:0.000480s ]

[ 2015-11-19T22:31:02+08:00 ] 183.136.139.19 /YouPan/index.php/Home/Disk/callback
INFO: [ app_init ] --START--
INFO: Run Behavior\BuildLiteBehavior [ RunTime:0.000016s ]
INFO: [ app_init ] --END-- [ RunTime:0.000337s ]
INFO: [ app_begin ] --START--
INFO: Run Behavior\ReadHtmlCacheBehavior [ RunTime:0.000387s ]
INFO: [ app_begin ] --END-- [ RunTime:0.000439s ]
SQL: SHOW COLUMNS FROM `tbfile` [ RunTime:0.0008s ]
SQL: SELECT * FROM `tbfile` WHERE `fdKey` = 'FgTp4Q846LnA6wKUTa41Mvvvyz_g' LIMIT 1   [ RunTime:0.0003s ]
NOTIC: [8] Undefined index: userID /application/httpd/htdocs/YouPan/Application/Home/Model/FileModel.class.php 第 40 行.
SQL: SHOW COLUMNS FROM `tbMimeType` [ RunTime:0.0004s ]
SQL: SELECT * FROM `tbMimeType` WHERE `fdName` = 'text/html' LIMIT 1   [ RunTime:0.0003s ]
ERR: 1048:Column 'fdUserID' cannot be null
 [ SQL语句 ] : INSERT INTO `tbfile` (`fdName`,`fdSize`,`fdSizeH`,`fdKey`,`fdUserID`,`fdCreate`,`fdUpdate`,`fdMimeTypeID`) VALUES ('test.html','2668','2.61kb','FgTp4Q846LnA6wKUTa41Mvvvyz_g',NULL,'2015-11-19 22:31:02','2015-11-19 22:31:02','156')
ERR: 1048:Column 'fdUserID' cannot be null
 [ SQL语句 ] : INSERT INTO `tbfile` (`fdName`,`fdSize`,`fdSizeH`,`fdKey`,`fdUserID`,`fdCreate`,`fdUpdate`,`fdMimeTypeID`) VALUES ('test.html','2668','2.61kb','FgTp4Q846LnA6wKUTa41Mvvvyz_g',NULL,'2015-11-19 22:31:02','2015-11-19 22:31:02','156')

[ 2015-11-19T22:31:02+08:00 ] 183.24.96.50 /index.php/Home/Disk/index.html
INFO: [ app_init ] --START--
INFO: Run Behavior\BuildLiteBehavior [ RunTime:0.000038s ]
INFO: [ app_init ] --END-- [ RunTime:0.000333s ]
INFO: [ app_begin ] --START--
INFO: Run Behavior\ReadHtmlCacheBehavior [ RunTime:0.000438s ]
INFO: [ app_begin ] --END-- [ RunTime:0.000488s ]
SQL: SHOW COLUMNS FROM `tbfile` [ RunTime:0.0008s ]
SQL: SELECT `id`,`fdName`,`fdSize`,`fdUpdate`,`fdSizeH` FROM `tbfile` WHERE `fdStatus` = 1 AND `fdUserID` = 1 ORDER BY id desc LIMIT 0,10   [ RunTime:0.0003s ]
INFO: [ view_parse ] --START--
INFO: [ template_filter ] --START--
INFO: Run Behavior\ContentReplaceBehavior [ RunTime:0.000059s ]
INFO: [ template_filter ] --END-- [ RunTime:0.000153s ]
INFO: Run Behavior\ParseTemplateBehavior [ RunTime:0.007586s ]
INFO: [ view_parse ] --END-- [ RunTime:0.007672s ]
INFO: [ view_filter ] --START--
INFO: Run Behavior\WriteHtmlCacheBehavior [ RunTime:0.000248s ]
INFO: [ view_filter ] --END-- [ RunTime:0.000297s ]

[ 2015-11-19T22:31:24+08:00 ] 183.24.96.50 /YouPan/index.php/Home/Disk/callback
INFO: [ app_init ] --START--
INFO: Run Behavior\BuildLiteBehavior [ RunTime:0.000017s ]
INFO: [ app_init ] --END-- [ RunTime:0.000327s ]
INFO: [ app_begin ] --START--
INFO: Run Behavior\ReadHtmlCacheBehavior [ RunTime:0.000430s ]
INFO: [ app_begin ] --END-- [ RunTime:0.000484s ]

[ 2015-11-19T22:31:31+08:00 ] 119.147.146.192 /YouPan/index.php/Home/Disk/callback
INFO: [ app_init ] --START--
INFO: Run Behavior\BuildLiteBehavior [ RunTime:0.000020s ]
INFO: [ app_init ] --END-- [ RunTime:0.000330s ]
INFO: [ app_begin ] --START--
INFO: Run Behavior\ReadHtmlCacheBehavior [ RunTime:0.000451s ]
INFO: [ app_begin ] --END-- [ RunTime:0.000503s ]

[ 2015-11-19T22:31:36+08:00 ] 183.24.96.50 /index.php/Home/Disk/index.html
INFO: [ app_init ] --START--
INFO: Run Behavior\BuildLiteBehavior [ RunTime:0.000015s ]
INFO: [ app_init ] --END-- [ RunTime:0.000319s ]
INFO: [ app_begin ] --START--
INFO: Run Behavior\ReadHtmlCacheBehavior [ RunTime:0.000408s ]
INFO: [ app_begin ] --END-- [ RunTime:0.000460s ]
SQL: SHOW COLUMNS FROM `tbfile` [ RunTime:0.0007s ]
SQL: SELECT `id`,`fdName`,`fdSize`,`fdUpdate`,`fdSizeH` FROM `tbfile` WHERE `fdStatus` = 1 AND `fdUserID` = 1 ORDER BY id desc LIMIT 0,10   [ RunTime:0.0003s ]
INFO: [ view_parse ] --START--
INFO: [ template_filter ] --START--
INFO: Run Behavior\ContentReplaceBehavior [ RunTime:0.000042s ]
INFO: [ template_filter ] --END-- [ RunTime:0.000101s ]
INFO: Run Behavior\ParseTemplateBehavior [ RunTime:0.006881s ]
INFO: [ view_parse ] --END-- [ RunTime:0.006937s ]
INFO: [ view_filter ] --START--
INFO: Run Behavior\WriteHtmlCacheBehavior [ RunTime:0.000132s ]
INFO: [ view_filter ] --END-- [ RunTime:0.000182s ]
SQL: SELECT COUNT(*) AS tp_count FROM `tbfile` WHERE `fdUserID` = 1 AND `fdStatus` = 1 LIMIT 1   [ RunTime:0.0003s ]
INFO: [ view_parse ] --START--
INFO: [ template_filter ] --START--
INFO: Run Behavior\ContentReplaceBehavior [ RunTime:0.000048s ]
INFO: [ template_filter ] --END-- [ RunTime:-0.005844s ]
INFO: Run Behavior\ParseTemplateBehavior [ RunTime:0.005386s ]
INFO: [ view_parse ] --END-- [ RunTime:-0.000801s ]
INFO: [ view_filter ] --START--
INFO: Run Behavior\WriteHtmlCacheBehavior [ RunTime:0.000010s ]
INFO: [ view_filter ] --END-- [ RunTime:-0.006054s ]
INFO: [ app_end ] --START--
INFO: Run Behavior\ShowPageTraceBehavior [ RunTime:0.000463s ]
INFO: [ app_end ] --END-- [ RunTime:0.000524s ]

[ 2015-11-19T22:31:57+08:00 ] 183.24.96.50 /index.php/Home/Disk/index.html
INFO: [ app_init ] --START--
INFO: Run Behavior\BuildLiteBehavior [ RunTime:0.000015s ]
INFO: [ app_init ] --END-- [ RunTime:0.000350s ]
INFO: [ app_begin ] --START--
INFO: Run Behavior\ReadHtmlCacheBehavior [ RunTime:0.000423s ]
INFO: [ app_begin ] --END-- [ RunTime:0.000475s ]
SQL: SHOW COLUMNS FROM `tbfile` [ RunTime:0.0007s ]
SQL: SELECT `id`,`fdName`,`fdSize`,`fdUpdate`,`fdSizeH` FROM `tbfile` WHERE `fdStatus` = 1 AND `fdUserID` = 1 ORDER BY id desc LIMIT 0,10   [ RunTime:0.0003s ]
INFO: [ view_parse ] --START--
INFO: [ template_filter ] --START--
INFO: Run Behavior\ContentReplaceBehavior [ RunTime:0.000062s ]
INFO: [ template_filter ] --END-- [ RunTime:0.000124s ]
INFO: Run Behavior\ParseTemplateBehavior [ RunTime:0.007309s ]
INFO: [ view_parse ] --END-- [ RunTime:0.007367s ]
INFO: [ view_filter ] --START--
INFO: Run Behavior\WriteHtmlCacheBehavior [ RunTime:0.000132s ]
INFO: [ view_filter ] --END-- [ RunTime:0.000179s ]
SQL: SELECT COUNT(*) AS tp_count FROM `tbfile` WHERE `fdUserID` = 1 AND `fdStatus` = 1 LIMIT 1   [ RunTime:0.0002s ]
INFO: [ view_parse ] --START--
INFO: [ template_filter ] --START--
INFO: Run Behavior\ContentReplaceBehavior [ RunTime:0.000047s ]
INFO: [ template_filter ] --END-- [ RunTime:-0.005653s ]
INFO: Run Behavior\ParseTemplateBehavior [ RunTime:0.005250s ]
INFO: [ view_parse ] --END-- [ RunTime:-0.000714s ]
INFO: [ view_filter ] --START--
INFO: Run Behavior\WriteHtmlCacheBehavior [ RunTime:0.000010s ]
INFO: [ view_filter ] --END-- [ RunTime:-0.005835s ]
INFO: [ app_end ] --START--
INFO: Run Behavior\ShowPageTraceBehavior [ RunTime:0.000446s ]
INFO: [ app_end ] --END-- [ RunTime:0.000500s ]

[ 2015-11-19T22:32:13+08:00 ] 183.24.96.50 /index.php/Home/Disk/index.html
INFO: [ app_init ] --START--
INFO: Run Behavior\BuildLiteBehavior [ RunTime:0.000015s ]
INFO: [ app_init ] --END-- [ RunTime:0.000319s ]
INFO: [ app_begin ] --START--
INFO: Run Behavior\ReadHtmlCacheBehavior [ RunTime:0.000418s ]
INFO: [ app_begin ] --END-- [ RunTime:0.000469s ]
SQL: SHOW COLUMNS FROM `tbfile` [ RunTime:0.0007s ]
SQL: SELECT `id`,`fdName`,`fdSize`,`fdUpdate`,`fdSizeH` FROM `tbfile` WHERE `fdStatus` = 1 AND `fdUserID` = 1 ORDER BY id desc LIMIT 10,10   [ RunTime:0.0003s ]
INFO: [ view_parse ] --START--
INFO: [ template_filter ] --START--
INFO: Run Behavior\ContentReplaceBehavior [ RunTime:0.000038s ]
INFO: [ template_filter ] --END-- [ RunTime:0.000116s ]
INFO: Run Behavior\ParseTemplateBehavior [ RunTime:0.006363s ]
INFO: [ view_parse ] --END-- [ RunTime:0.006418s ]
INFO: [ view_filter ] --START--
INFO: Run Behavior\WriteHtmlCacheBehavior [ RunTime:0.000135s ]
INFO: [ view_filter ] --END-- [ RunTime:0.000177s ]

[ 2015-11-19T22:32:24+08:00 ] 183.24.96.50 /index.php/Home/Disk/index.html
INFO: [ app_init ] --START--
INFO: Run Behavior\BuildLiteBehavior [ RunTime:0.000022s ]
INFO: [ app_init ] --END-- [ RunTime:0.000408s ]
INFO: [ app_begin ] --START--
INFO: Run Behavior\ReadHtmlCacheBehavior [ RunTime:0.000450s ]
INFO: [ app_begin ] --END-- [ RunTime:0.000503s ]
SQL: SHOW COLUMNS FROM `tbfile` [ RunTime:0.0008s ]
SQL: SELECT `id`,`fdName`,`fdSize`,`fdUpdate`,`fdSizeH` FROM `tbfile` WHERE `fdStatus` = 1 AND `fdUserID` = 1 ORDER BY id desc LIMIT 0,10   [ RunTime:0.0003s ]
INFO: [ view_parse ] --START--
INFO: [ template_filter ] --START--
INFO: Run Behavior\ContentReplaceBehavior [ RunTime:0.000044s ]
INFO: [ template_filter ] --END-- [ RunTime:0.000124s ]
INFO: Run Behavior\ParseTemplateBehavior [ RunTime:0.006655s ]
INFO: [ view_parse ] --END-- [ RunTime:0.006716s ]
INFO: [ view_filter ] --START--
INFO: Run Behavior\WriteHtmlCacheBehavior [ RunTime:0.000128s ]
INFO: [ view_filter ] --END-- [ RunTime:0.000177s ]
SQL: SELECT COUNT(*) AS tp_count FROM `tbfile` WHERE `fdUserID` = 1 AND `fdStatus` = 1 LIMIT 1   [ RunTime:0.0002s ]
INFO: [ view_parse ] --START--
INFO: [ template_filter ] --START--
INFO: Run Behavior\ContentReplaceBehavior [ RunTime:0.000045s ]
INFO: [ template_filter ] --END-- [ RunTime:-0.005736s ]
INFO: Run Behavior\ParseTemplateBehavior [ RunTime:0.005373s ]
INFO: [ view_parse ] --END-- [ RunTime:-0.000734s ]
INFO: [ view_filter ] --START--
INFO: Run Behavior\WriteHtmlCacheBehavior [ RunTime:0.000010s ]
INFO: [ view_filter ] --END-- [ RunTime:-0.005978s ]
INFO: [ app_end ] --START--
INFO: Run Behavior\ShowPageTraceBehavior [ RunTime:0.000438s ]
INFO: [ app_end ] --END-- [ RunTime:0.000519s ]

[ 2015-11-19T22:32:28+08:00 ] 183.24.96.50 /index.php/Home/Disk/index.html
INFO: [ app_init ] --START--
INFO: Run Behavior\BuildLiteBehavior [ RunTime:0.000015s ]
INFO: [ app_init ] --END-- [ RunTime:0.000313s ]
INFO: [ app_begin ] --START--
INFO: Run Behavior\ReadHtmlCacheBehavior [ RunTime:0.000386s ]
INFO: [ app_begin ] --END-- [ RunTime:0.000437s ]
SQL: SHOW COLUMNS FROM `tbfile` [ RunTime:0.0007s ]
SQL: SELECT `id`,`fdName`,`fdSize`,`fdUpdate`,`fdSizeH` FROM `tbfile` WHERE `fdStatus` = 1 AND `fdUserID` = 1 ORDER BY id desc LIMIT 10,10   [ RunTime:0.0003s ]
INFO: [ view_parse ] --START--
INFO: [ template_filter ] --START--
INFO: Run Behavior\ContentReplaceBehavior [ RunTime:0.000041s ]
INFO: [ template_filter ] --END-- [ RunTime:0.000107s ]
INFO: Run Behavior\ParseTemplateBehavior [ RunTime:0.007084s ]
INFO: [ view_parse ] --END-- [ RunTime:0.007137s ]
INFO: [ view_filter ] --START--
INFO: Run Behavior\WriteHtmlCacheBehavior [ RunTime:0.000131s ]
INFO: [ view_filter ] --END-- [ RunTime:0.000173s ]

[ 2015-11-19T22:32:31+08:00 ] 183.24.96.50 /index.php/Home/Disk/download.html
INFO: [ app_init ] --START--
INFO: Run Behavior\BuildLiteBehavior [ RunTime:0.000016s ]
INFO: [ app_init ] --END-- [ RunTime:0.000319s ]
INFO: [ app_begin ] --START--
INFO: Run Behavior\ReadHtmlCacheBehavior [ RunTime:0.000459s ]
INFO: [ app_begin ] --END-- [ RunTime:0.000510s ]
SQL: SHOW COLUMNS FROM `tbfile` [ RunTime:0.0007s ]
SQL: SELECT `fdKey`,`fdName` FROM `tbfile` WHERE `id` = 94 AND `fdStatus` = 1 AND `fdUserID` = 1 LIMIT 1   [ RunTime:0.0002s ]

[ 2015-11-19T22:32:36+08:00 ] 183.24.96.50 /index.php/Home/Disk/download.html
INFO: [ app_init ] --START--
INFO: Run Behavior\BuildLiteBehavior [ RunTime:0.000017s ]
INFO: [ app_init ] --END-- [ RunTime:0.000367s ]
INFO: [ app_begin ] --START--
INFO: Run Behavior\ReadHtmlCacheBehavior [ RunTime:0.000434s ]
INFO: [ app_begin ] --END-- [ RunTime:0.000494s ]
SQL: SHOW COLUMNS FROM `tbfile` [ RunTime:0.0007s ]
SQL: SELECT `fdKey`,`fdName` FROM `tbfile` WHERE `id` = 101 AND `fdStatus` = 1 AND `fdUserID` = 1 LIMIT 1   [ RunTime:0.0002s ]

[ 2015-11-19T22:32:39+08:00 ] 183.24.96.50 /index.php/Home/Disk/download.html
INFO: [ app_init ] --START--
INFO: Run Behavior\BuildLiteBehavior [ RunTime:0.000019s ]
INFO: [ app_init ] --END-- [ RunTime:0.000353s ]
INFO: [ app_begin ] --START--
INFO: Run Behavior\ReadHtmlCacheBehavior [ RunTime:0.000429s ]
INFO: [ app_begin ] --END-- [ RunTime:0.000479s ]
SQL: SHOW COLUMNS FROM `tbfile` [ RunTime:0.0007s ]
SQL: SELECT `fdKey`,`fdName` FROM `tbfile` WHERE `id` = 100 AND `fdStatus` = 1 AND `fdUserID` = 1 LIMIT 1   [ RunTime:0.0002s ]

[ 2015-11-19T22:32:41+08:00 ] 183.24.96.50 /index.php/Home/Disk/download.html
INFO: [ app_init ] --START--
INFO: Run Behavior\BuildLiteBehavior [ RunTime:0.000018s ]
INFO: [ app_init ] --END-- [ RunTime:0.000346s ]
INFO: [ app_begin ] --START--
INFO: Run Behavior\ReadHtmlCacheBehavior [ RunTime:0.000461s ]
INFO: [ app_begin ] --END-- [ RunTime:0.000521s ]
SQL: SHOW COLUMNS FROM `tbfile` [ RunTime:0.0009s ]
SQL: SELECT `fdKey`,`fdName` FROM `tbfile` WHERE `id` = 98 AND `fdStatus` = 1 AND `fdUserID` = 1 LIMIT 1   [ RunTime:0.0003s ]

[ 2015-11-19T22:32:44+08:00 ] 183.24.96.50 /index.php/Home/Disk/download.html
INFO: [ app_init ] --START--
INFO: Run Behavior\BuildLiteBehavior [ RunTime:0.000016s ]
INFO: [ app_init ] --END-- [ RunTime:0.000328s ]
INFO: [ app_begin ] --START--
INFO: Run Behavior\ReadHtmlCacheBehavior [ RunTime:0.000406s ]
INFO: [ app_begin ] --END-- [ RunTime:0.000464s ]
SQL: SHOW COLUMNS FROM `tbfile` [ RunTime:0.0007s ]
SQL: SELECT `fdKey`,`fdName` FROM `tbfile` WHERE `id` = 101 AND `fdStatus` = 1 AND `fdUserID` = 1 LIMIT 1   [ RunTime:0.0002s ]

[ 2015-11-19T22:32:46+08:00 ] 183.24.96.50 /index.php/Home/Disk/download.html
INFO: [ app_init ] --START--
INFO: Run Behavior\BuildLiteBehavior [ RunTime:0.000015s ]
INFO: [ app_init ] --END-- [ RunTime:0.000326s ]
INFO: [ app_begin ] --START--
INFO: Run Behavior\ReadHtmlCacheBehavior [ RunTime:0.000518s ]
INFO: [ app_begin ] --END-- [ RunTime:0.000580s ]
SQL: SHOW COLUMNS FROM `tbfile` [ RunTime:0.0007s ]
SQL: SELECT `fdKey`,`fdName` FROM `tbfile` WHERE `id` = 93 AND `fdStatus` = 1 AND `fdUserID` = 1 LIMIT 1   [ RunTime:0.0002s ]

[ 2015-11-19T22:32:49+08:00 ] 183.24.96.50 /index.php/Home/Disk/download.html
INFO: [ app_init ] --START--
INFO: Run Behavior\BuildLiteBehavior [ RunTime:0.000015s ]
INFO: [ app_init ] --END-- [ RunTime:0.000345s ]
INFO: [ app_begin ] --START--
INFO: Run Behavior\ReadHtmlCacheBehavior [ RunTime:0.000420s ]
INFO: [ app_begin ] --END-- [ RunTime:0.000472s ]
SQL: SHOW COLUMNS FROM `tbfile` [ RunTime:0.0007s ]
SQL: SELECT `fdKey`,`fdName` FROM `tbfile` WHERE `id` = 97 AND `fdStatus` = 1 AND `fdUserID` = 1 LIMIT 1   [ RunTime:0.0002s ]

[ 2015-11-19T22:32:52+08:00 ] 183.24.96.50 /index.php/Home/Disk/download.html
INFO: [ app_init ] --START--
INFO: Run Behavior\BuildLiteBehavior [ RunTime:0.000018s ]
INFO: [ app_init ] --END-- [ RunTime:0.000359s ]
INFO: [ app_begin ] --START--
INFO: Run Behavior\ReadHtmlCacheBehavior [ RunTime:0.000442s ]
INFO: [ app_begin ] --END-- [ RunTime:0.000502s ]
SQL: SHOW COLUMNS FROM `tbfile` [ RunTime:0.0008s ]
SQL: SELECT `fdKey`,`fdName` FROM `tbfile` WHERE `id` = 99 AND `fdStatus` = 1 AND `fdUserID` = 1 LIMIT 1   [ RunTime:0.0003s ]

[ 2015-11-19T22:32:58+08:00 ] 183.24.96.50 /index.php/Home/Disk/download.html
INFO: [ app_init ] --START--
INFO: Run Behavior\BuildLiteBehavior [ RunTime:0.000017s ]
INFO: [ app_init ] --END-- [ RunTime:0.000347s ]
INFO: [ app_begin ] --START--
INFO: Run Behavior\ReadHtmlCacheBehavior [ RunTime:0.000470s ]
INFO: [ app_begin ] --END-- [ RunTime:0.000521s ]
SQL: SHOW COLUMNS FROM `tbfile` [ RunTime:0.0007s ]
SQL: SELECT `fdKey`,`fdName` FROM `tbfile` WHERE `id` = 101 AND `fdStatus` = 1 AND `fdUserID` = 1 LIMIT 1   [ RunTime:0.0002s ]

[ 2015-11-19T22:33:10+08:00 ] 183.24.96.50 /index.php/Home/Disk/download.html
INFO: [ app_init ] --START--
INFO: Run Behavior\BuildLiteBehavior [ RunTime:0.000016s ]
INFO: [ app_init ] --END-- [ RunTime:0.000330s ]
INFO: [ app_begin ] --START--
INFO: Run Behavior\ReadHtmlCacheBehavior [ RunTime:0.000410s ]
INFO: [ app_begin ] --END-- [ RunTime:0.000459s ]
SQL: SHOW COLUMNS FROM `tbfile` [ RunTime:0.0007s ]
SQL: SELECT `fdKey`,`fdName` FROM `tbfile` WHERE `id` = 100 AND `fdStatus` = 1 AND `fdUserID` = 1 LIMIT 1   [ RunTime:0.0002s ]

[ 2015-11-19T22:33:12+08:00 ] 183.24.96.50 /index.php/Home/Disk/download.html
INFO: [ app_init ] --START--
INFO: Run Behavior\BuildLiteBehavior [ RunTime:0.000016s ]
INFO: [ app_init ] --END-- [ RunTime:0.000323s ]
INFO: [ app_begin ] --START--
INFO: Run Behavior\ReadHtmlCacheBehavior [ RunTime:0.000442s ]
INFO: [ app_begin ] --END-- [ RunTime:0.000499s ]
SQL: SHOW COLUMNS FROM `tbfile` [ RunTime:0.0007s ]
SQL: SELECT `fdKey`,`fdName` FROM `tbfile` WHERE `id` = 99 AND `fdStatus` = 1 AND `fdUserID` = 1 LIMIT 1   [ RunTime:0.0002s ]

[ 2015-11-19T22:33:16+08:00 ] 183.24.96.50 /index.php/Home/Disk/download.html
INFO: [ app_init ] --START--
INFO: Run Behavior\BuildLiteBehavior [ RunTime:0.000061s ]
INFO: [ app_init ] --END-- [ RunTime:0.000376s ]
INFO: [ app_begin ] --START--
INFO: Run Behavior\ReadHtmlCacheBehavior [ RunTime:0.000411s ]
INFO: [ app_begin ] --END-- [ RunTime:0.000473s ]
SQL: SHOW COLUMNS FROM `tbfile` [ RunTime:0.0007s ]
SQL: SELECT `fdKey`,`fdName` FROM `tbfile` WHERE `id` = 94 AND `fdStatus` = 1 AND `fdUserID` = 1 LIMIT 1   [ RunTime:0.0002s ]

[ 2015-11-19T22:33:18+08:00 ] 183.24.96.50 /index.php/Home/Disk/download.html
INFO: [ app_init ] --START--
INFO: Run Behavior\BuildLiteBehavior [ RunTime:0.000016s ]
INFO: [ app_init ] --END-- [ RunTime:0.000338s ]
INFO: [ app_begin ] --START--
INFO: Run Behavior\ReadHtmlCacheBehavior [ RunTime:0.000500s ]
INFO: [ app_begin ] --END-- [ RunTime:0.000561s ]
SQL: SHOW COLUMNS FROM `tbfile` [ RunTime:0.0007s ]
SQL: SELECT `fdKey`,`fdName` FROM `tbfile` WHERE `id` = 95 AND `fdStatus` = 1 AND `fdUserID` = 1 LIMIT 1   [ RunTime:0.0002s ]

[ 2015-11-19T22:33:21+08:00 ] 183.24.96.50 /index.php/Home/Disk/download.html
INFO: [ app_init ] --START--
INFO: Run Behavior\BuildLiteBehavior [ RunTime:0.000015s ]
INFO: [ app_init ] --END-- [ RunTime:0.000350s ]
INFO: [ app_begin ] --START--
INFO: Run Behavior\ReadHtmlCacheBehavior [ RunTime:0.000429s ]
INFO: [ app_begin ] --END-- [ RunTime:0.000487s ]
SQL: SHOW COLUMNS FROM `tbfile` [ RunTime:0.0007s ]
SQL: SELECT `fdKey`,`fdName` FROM `tbfile` WHERE `id` = 94 AND `fdStatus` = 1 AND `fdUserID` = 1 LIMIT 1   [ RunTime:0.0002s ]

[ 2015-11-19T22:33:43+08:00 ] 183.24.96.50 /index.php/Home/Disk/download.html
INFO: [ app_init ] --START--
INFO: Run Behavior\BuildLiteBehavior [ RunTime:0.000015s ]
INFO: [ app_init ] --END-- [ RunTime:0.000341s ]
INFO: [ app_begin ] --START--
INFO: Run Behavior\ReadHtmlCacheBehavior [ RunTime:0.000422s ]
INFO: [ app_begin ] --END-- [ RunTime:0.000475s ]
SQL: SHOW COLUMNS FROM `tbfile` [ RunTime:0.0008s ]
SQL: SELECT `fdKey`,`fdName` FROM `tbfile` WHERE `id` = 93 AND `fdStatus` = 1 AND `fdUserID` = 1 LIMIT 1   [ RunTime:0.0002s ]

[ 2015-11-19T22:33:50+08:00 ] 183.24.96.50 /index.php/Home/Disk/index.html
INFO: [ app_init ] --START--
INFO: Run Behavior\BuildLiteBehavior [ RunTime:0.000015s ]
INFO: [ app_init ] --END-- [ RunTime:0.000310s ]
INFO: [ app_begin ] --START--
INFO: Run Behavior\ReadHtmlCacheBehavior [ RunTime:0.000392s ]
INFO: [ app_begin ] --END-- [ RunTime:0.000443s ]
SQL: SHOW COLUMNS FROM `tbfile` [ RunTime:0.0007s ]
SQL: SELECT `id`,`fdName`,`fdSize`,`fdUpdate`,`fdSizeH` FROM `tbfile` WHERE `fdStatus` = 1 AND `fdUserID` = 1 ORDER BY id desc LIMIT 0,10   [ RunTime:0.0003s ]
INFO: [ view_parse ] --START--
INFO: [ template_filter ] --START--
INFO: Run Behavior\ContentReplaceBehavior [ RunTime:0.000046s ]
INFO: [ template_filter ] --END-- [ RunTime:0.000102s ]
INFO: Run Behavior\ParseTemplateBehavior [ RunTime:0.006321s ]
INFO: [ view_parse ] --END-- [ RunTime:0.006380s ]
INFO: [ view_filter ] --START--
INFO: Run Behavior\WriteHtmlCacheBehavior [ RunTime:0.000154s ]
INFO: [ view_filter ] --END-- [ RunTime:0.000203s ]
SQL: SELECT COUNT(*) AS tp_count FROM `tbfile` WHERE `fdUserID` = 1 AND `fdStatus` = 1 LIMIT 1   [ RunTime:0.0002s ]
INFO: [ view_parse ] --START--
INFO: [ template_filter ] --START--
INFO: Run Behavior\ContentReplaceBehavior [ RunTime:0.000047s ]
INFO: [ template_filter ] --END-- [ RunTime:-0.005602s ]
INFO: Run Behavior\ParseTemplateBehavior [ RunTime:0.005221s ]
INFO: [ view_parse ] --END-- [ RunTime:-0.000713s ]
INFO: [ view_filter ] --START--
INFO: Run Behavior\WriteHtmlCacheBehavior [ RunTime:0.000010s ]
INFO: [ view_filter ] --END-- [ RunTime:-0.005780s ]
INFO: [ app_end ] --START--
INFO: Run Behavior\ShowPageTraceBehavior [ RunTime:0.000419s ]
INFO: [ app_end ] --END-- [ RunTime:0.000490s ]

[ 2015-11-19T22:34:08+08:00 ] 183.24.96.50 /index.php/Home/Disk/download.html
INFO: [ app_init ] --START--
INFO: Run Behavior\BuildLiteBehavior [ RunTime:0.000015s ]
INFO: [ app_init ] --END-- [ RunTime:0.000332s ]
INFO: [ app_begin ] --START--
INFO: Run Behavior\ReadHtmlCacheBehavior [ RunTime:0.000419s ]
INFO: [ app_begin ] --END-- [ RunTime:0.000467s ]
SQL: SHOW COLUMNS FROM `tbfile` [ RunTime:0.0008s ]
SQL: SELECT `fdKey`,`fdName` FROM `tbfile` WHERE `id` = 95 AND `fdStatus` = 1 AND `fdUserID` = 1 LIMIT 1   [ RunTime:0.0002s ]

[ 2015-11-19T22:34:57+08:00 ] 183.136.139.11 /YouPan/index.php/Home/Disk/callback
INFO: [ app_init ] --START--
INFO: Run Behavior\BuildLiteBehavior [ RunTime:0.000017s ]
INFO: [ app_init ] --END-- [ RunTime:0.000336s ]
INFO: [ app_begin ] --START--
INFO: Run Behavior\ReadHtmlCacheBehavior [ RunTime:0.000595s ]
INFO: [ app_begin ] --END-- [ RunTime:0.000752s ]
SQL: SHOW COLUMNS FROM `tbfile` [ RunTime:0.0007s ]
SQL: SELECT * FROM `tbfile` WHERE `fdKey` = 'Fhen9VkB858JXUqQyZ2Yr5H_xrAG' LIMIT 1   [ RunTime:0.0002s ]
NOTIC: [8] Undefined index: userID /application/httpd/htdocs/YouPan/Application/Home/Model/FileModel.class.php 第 40 行.
SQL: SHOW COLUMNS FROM `tbMimeType` [ RunTime:0.0004s ]
SQL: SELECT * FROM `tbMimeType` WHERE `fdName` = 'application/x-zip-compressed' LIMIT 1   [ RunTime:0.0002s ]
ERR: 1048:Column 'fdUserID' cannot be null
 [ SQL语句 ] : INSERT INTO `tbfile` (`fdName`,`fdSize`,`fdSizeH`,`fdKey`,`fdUserID`,`fdCreate`,`fdUpdate`,`fdMimeTypeID`) VALUES ('bui-bootstrap.zip','1180497','1.13mb','Fhen9VkB858JXUqQyZ2Yr5H_xrAG',NULL,'2015-11-19 22:34:57','2015-11-19 22:34:57',NULL)
ERR: 1048:Column 'fdUserID' cannot be null
 [ SQL语句 ] : INSERT INTO `tbfile` (`fdName`,`fdSize`,`fdSizeH`,`fdKey`,`fdUserID`,`fdCreate`,`fdUpdate`,`fdMimeTypeID`) VALUES ('bui-bootstrap.zip','1180497','1.13mb','Fhen9VkB858JXUqQyZ2Yr5H_xrAG',NULL,'2015-11-19 22:34:57','2015-11-19 22:34:57',NULL)

[ 2015-11-19T22:34:57+08:00 ] 183.24.96.50 /index.php/Home/Disk/index.html
INFO: [ app_init ] --START--
INFO: Run Behavior\BuildLiteBehavior [ RunTime:0.000016s ]
INFO: [ app_init ] --END-- [ RunTime:0.000316s ]
INFO: [ app_begin ] --START--
INFO: Run Behavior\ReadHtmlCacheBehavior [ RunTime:0.000402s ]
INFO: [ app_begin ] --END-- [ RunTime:0.000453s ]
SQL: SHOW COLUMNS FROM `tbfile` [ RunTime:0.0007s ]
SQL: SELECT `id`,`fdName`,`fdSize`,`fdUpdate`,`fdSizeH` FROM `tbfile` WHERE `fdStatus` = 1 AND `fdUserID` = 1 ORDER BY id desc LIMIT 0,10   [ RunTime:0.0003s ]
INFO: [ view_parse ] --START--
INFO: [ template_filter ] --START--
INFO: Run Behavior\ContentReplaceBehavior [ RunTime:0.000039s ]
INFO: [ template_filter ] --END-- [ RunTime:0.000087s ]
INFO: Run Behavior\ParseTemplateBehavior [ RunTime:0.006087s ]
INFO: [ view_parse ] --END-- [ RunTime:0.006137s ]
INFO: [ view_filter ] --START--
INFO: Run Behavior\WriteHtmlCacheBehavior [ RunTime:0.000129s ]
INFO: [ view_filter ] --END-- [ RunTime:0.000170s ]

[ 2015-11-19T22:35:21+08:00 ] 183.24.96.50 /YouPan/index.php/Home/Disk/callback
INFO: [ app_init ] --START--
INFO: Run Behavior\BuildLiteBehavior [ RunTime:0.000021s ]
INFO: [ app_init ] --END-- [ RunTime:0.000320s ]
INFO: [ app_begin ] --START--
INFO: Run Behavior\ReadHtmlCacheBehavior [ RunTime:0.000412s ]
INFO: [ app_begin ] --END-- [ RunTime:0.000474s ]

