[ 2015-11-14T07:18:38+08:00 ] 14.152.69.240 /YouPan/
INFO: [ app_init ] --START--
INFO: Run Behavior\BuildLiteBehavior [ RunTime:0.000024s ]
INFO: [ app_init ] --END-- [ RunTime:0.000366s ]
INFO: [ app_begin ] --START--
INFO: Run Behavior\ReadHtmlCacheBehavior [ RunTime:0.000398s ]
INFO: [ app_begin ] --END-- [ RunTime:0.000450s ]
INFO: [ view_parse ] --START--
INFO: [ template_filter ] --START--
INFO: Run Behavior\ContentReplaceBehavior [ RunTime:0.000057s ]
INFO: [ template_filter ] --END-- [ RunTime:0.000115s ]
INFO: Run Behavior\ParseTemplateBehavior [ RunTime:0.005923s ]
INFO: [ view_parse ] --END-- [ RunTime:0.005973s ]
INFO: [ view_filter ] --START--
INFO: Run Behavior\WriteHtmlCacheBehavior [ RunTime:0.000138s ]
INFO: [ view_filter ] --END-- [ RunTime:0.000182s ]
INFO: [ app_end ] --START--
INFO: Run Behavior\ShowPageTraceBehavior [ RunTime:0.000593s ]
INFO: [ app_end ] --END-- [ RunTime:0.000645s ]

[ 2015-11-14T07:19:50+08:00 ] 14.152.69.182 /YouPan/index.php/Home/Disk
INFO: [ app_init ] --START--
INFO: Run Behavior\BuildLiteBehavior [ RunTime:0.000015s ]
INFO: [ app_init ] --END-- [ RunTime:0.000319s ]
INFO: [ app_begin ] --START--
INFO: Run Behavior\ReadHtmlCacheBehavior [ RunTime:0.000400s ]
INFO: [ app_begin ] --END-- [ RunTime:0.000453s ]
INFO: [ view_parse ] --START--
INFO: [ template_filter ] --START--
INFO: Run Behavior\ContentReplaceBehavior [ RunTime:0.000057s ]
INFO: [ template_filter ] --END-- [ RunTime:0.000109s ]
INFO: Run Behavior\ParseTemplateBehavior [ RunTime:0.007025s ]
INFO: [ view_parse ] --END-- [ RunTime:0.007075s ]
INFO: [ view_filter ] --START--
INFO: Run Behavior\WriteHtmlCacheBehavior [ RunTime:0.000139s ]
INFO: [ view_filter ] --END-- [ RunTime:0.000187s ]
INFO: [ app_end ] --START--
INFO: Run Behavior\ShowPageTraceBehavior [ RunTime:0.000425s ]
INFO: [ app_end ] --END-- [ RunTime:0.000497s ]

[ 2015-11-14T09:45:08+08:00 ] 183.136.139.19 /YouPan/index.php/Home/Disk/callback
INFO: [ app_init ] --START--
INFO: Run Behavior\BuildLiteBehavior [ RunTime:0.000020s ]
INFO: [ app_init ] --END-- [ RunTime:0.000452s ]
INFO: [ app_begin ] --START--
INFO: Run Behavior\ReadHtmlCacheBehavior [ RunTime:0.000587s ]
INFO: [ app_begin ] --END-- [ RunTime:0.000665s ]
SQL: SHOW COLUMNS FROM `tbfile` [ RunTime:0.0023s ]
SQL: INSERT INTO `tbfile` (`fdName`,`fdSize`,`fdKey`,`fdUserID`,`fdCreate`,`fdUpdate`) VALUES ('Desert.jpg','845941','FjBCDRqa-yvLYDNYElaa9ENaWc4X','10110','2015-11-14 09:45:08','2015-11-14 09:45:08') [ RunTime:0.0209s ]

[ 2015-11-14T09:45:51+08:00 ] 183.136.139.17 /YouPan/index.php/Home/Disk/callback
INFO: [ app_init ] --START--
INFO: Run Behavior\BuildLiteBehavior [ RunTime:0.000025s ]
INFO: [ app_init ] --END-- [ RunTime:0.000505s ]
INFO: [ app_begin ] --START--
INFO: Run Behavior\ReadHtmlCacheBehavior [ RunTime:0.000628s ]
INFO: [ app_begin ] --END-- [ RunTime:0.000703s ]
SQL: SHOW COLUMNS FROM `tbfile` [ RunTime:0.0015s ]
SQL: INSERT INTO `tbfile` (`fdName`,`fdSize`,`fdKey`,`fdUserID`,`fdCreate`,`fdUpdate`) VALUES ('Desert.jpg','845941','FjBCDRqa-yvLYDNYElaa9ENaWc4X','10110','2015-11-14 09:45:51','2015-11-14 09:45:51') [ RunTime:0.0063s ]

[ 2015-11-14T09:48:54+08:00 ] 183.136.139.11 /YouPan/index.php/Home/Disk/callback
INFO: [ app_init ] --START--
INFO: Run Behavior\BuildLiteBehavior [ RunTime:0.000023s ]
INFO: [ app_init ] --END-- [ RunTime:0.000470s ]
INFO: [ app_begin ] --START--
INFO: Run Behavior\ReadHtmlCacheBehavior [ RunTime:0.000677s ]
INFO: [ app_begin ] --END-- [ RunTime:0.000756s ]
SQL: SHOW COLUMNS FROM `tbfile` [ RunTime:0.0009s ]
SQL: INSERT INTO `tbfile` (`fdName`,`fdSize`,`fdKey`,`fdUserID`,`fdCreate`,`fdUpdate`) VALUES ('Hydrangeas.jpg','595284','FtmX4cN-3AWth9A2A-Mq1JXuLPzh','10110','2015-11-14 09:48:54','2015-11-14 09:48:54') [ RunTime:0.0065s ]

[ 2015-11-14T09:49:05+08:00 ] 183.136.139.17 /YouPan/index.php/Home/Disk/callback
INFO: [ app_init ] --START--
INFO: Run Behavior\BuildLiteBehavior [ RunTime:0.000030s ]
INFO: [ app_init ] --END-- [ RunTime:0.000524s ]
INFO: [ app_begin ] --START--
INFO: Run Behavior\ReadHtmlCacheBehavior [ RunTime:0.000675s ]
INFO: [ app_begin ] --END-- [ RunTime:0.000754s ]
SQL: SHOW COLUMNS FROM `tbfile` [ RunTime:0.0009s ]
SQL: INSERT INTO `tbfile` (`fdName`,`fdSize`,`fdKey`,`fdUserID`,`fdCreate`,`fdUpdate`) VALUES ('Tulips.jpg','620888','FlTC8aHrbxLWgaXHB4QhpVAM7gKt','10110','2015-11-14 09:49:05','2015-11-14 09:49:05') [ RunTime:0.0093s ]

[ 2015-11-14T09:49:38+08:00 ] 183.136.139.14 /YouPan/index.php/Home/Disk/callback
INFO: [ app_init ] --START--
INFO: Run Behavior\BuildLiteBehavior [ RunTime:0.000027s ]
INFO: [ app_init ] --END-- [ RunTime:0.000506s ]
INFO: [ app_begin ] --START--
INFO: Run Behavior\ReadHtmlCacheBehavior [ RunTime:0.000633s ]
INFO: [ app_begin ] --END-- [ RunTime:0.000743s ]
SQL: SHOW COLUMNS FROM `tbfile` [ RunTime:0.0010s ]
SQL: INSERT INTO `tbfile` (`fdName`,`fdSize`,`fdKey`,`fdUserID`,`fdCreate`,`fdUpdate`) VALUES ('Jellyfish.jpg','775702','FjsVvoSv8gsyKpPAuaqmLiWtM7S0','10110','2015-11-14 09:49:38','2015-11-14 09:49:38') [ RunTime:0.0078s ]

[ 2015-11-14T09:51:49+08:00 ] 183.136.139.17 /YouPan/index.php/Home/Disk/callback
INFO: [ app_init ] --START--
INFO: Run Behavior\BuildLiteBehavior [ RunTime:0.000020s ]
INFO: [ app_init ] --END-- [ RunTime:0.000430s ]
INFO: [ app_begin ] --START--
INFO: Run Behavior\ReadHtmlCacheBehavior [ RunTime:0.000593s ]
INFO: [ app_begin ] --END-- [ RunTime:0.000671s ]
SQL: SHOW COLUMNS FROM `tbfile` [ RunTime:0.0009s ]
SQL: INSERT INTO `tbfile` (`fdName`,`fdSize`,`fdKey`,`fdUserID`,`fdCreate`,`fdUpdate`) VALUES ('Jellyfish.jpg','775702','FjsVvoSv8gsyKpPAuaqmLiWtM7S0','10110','2015-11-14 09:51:49','2015-11-14 09:51:49') [ RunTime:0.0062s ]

[ 2015-11-14T10:05:31+08:00 ] 183.136.139.17 /YouPan/index.php/Home/Disk/callback
INFO: [ app_init ] --START--
INFO: Run Behavior\BuildLiteBehavior [ RunTime:0.000025s ]
INFO: [ app_init ] --END-- [ RunTime:0.000506s ]
INFO: [ app_begin ] --START--
INFO: Run Behavior\ReadHtmlCacheBehavior [ RunTime:0.000695s ]
INFO: [ app_begin ] --END-- [ RunTime:0.000774s ]
SQL: SHOW COLUMNS FROM `tbfile` [ RunTime:0.0009s ]
SQL: INSERT INTO `tbfile` (`fdName`,`fdSize`,`fdKey`,`fdUserID`,`fdCreate`,`fdUpdate`) VALUES ('Hydrangeas.jpg','595284','FtmX4cN-3AWth9A2A-Mq1JXuLPzh','10110','2015-11-14 10:05:31','2015-11-14 10:05:31') [ RunTime:0.0067s ]

[ 2015-11-14T10:05:41+08:00 ] 183.136.139.14 /YouPan/index.php/Home/Disk/callback
INFO: [ app_init ] --START--
INFO: Run Behavior\BuildLiteBehavior [ RunTime:0.000024s ]
INFO: [ app_init ] --END-- [ RunTime:0.000488s ]
INFO: [ app_begin ] --START--
INFO: Run Behavior\ReadHtmlCacheBehavior [ RunTime:0.000573s ]
INFO: [ app_begin ] --END-- [ RunTime:0.000676s ]
SQL: SHOW COLUMNS FROM `tbfile` [ RunTime:0.0009s ]
SQL: INSERT INTO `tbfile` (`fdName`,`fdSize`,`fdKey`,`fdUserID`,`fdCreate`,`fdUpdate`) VALUES ('Chrysanthemum.jpg','879394','FvX4rSaBmkcTGNJGMfpQVQNnEqh-','10110','2015-11-14 10:05:41','2015-11-14 10:05:41') [ RunTime:0.0090s ]

[ 2015-11-14T10:51:36+08:00 ] 183.136.139.14 /YouPan/index.php/Home/Disk/callback
INFO: [ app_init ] --START--
INFO: Run Behavior\BuildLiteBehavior [ RunTime:0.000024s ]
INFO: [ app_init ] --END-- [ RunTime:0.000460s ]
INFO: [ app_begin ] --START--
INFO: Run Behavior\ReadHtmlCacheBehavior [ RunTime:0.000566s ]
INFO: [ app_begin ] --END-- [ RunTime:0.000640s ]
SQL: SHOW COLUMNS FROM `tbfile` [ RunTime:0.0009s ]
SQL: INSERT INTO `tbfile` (`fdName`,`fdSize`,`fdKey`,`fdUserID`,`fdCreate`,`fdUpdate`) VALUES ('Jellyfish.jpg','775702','FjsVvoSv8gsyKpPAuaqmLiWtM7S0','10110','2015-11-14 10:51:36','2015-11-14 10:51:36') [ RunTime:0.0074s ]

[ 2015-11-14T10:53:11+08:00 ] 110.64.213.10 /YouPan/index.php/Home/Disk
INFO: [ app_init ] --START--
INFO: Run Behavior\BuildLiteBehavior [ RunTime:0.000024s ]
INFO: [ app_init ] --END-- [ RunTime:0.000500s ]
INFO: [ app_begin ] --START--
INFO: Run Behavior\ReadHtmlCacheBehavior [ RunTime:0.000694s ]
INFO: [ app_begin ] --END-- [ RunTime:0.000771s ]
INFO: [ view_parse ] --START--
INFO: [ template_filter ] --START--
INFO: Run Behavior\ContentReplaceBehavior [ RunTime:0.000088s ]
INFO: [ template_filter ] --END-- [ RunTime:0.000199s ]
INFO: Run Behavior\ParseTemplateBehavior [ RunTime:0.012682s ]
INFO: [ view_parse ] --END-- [ RunTime:0.012764s ]
INFO: [ view_filter ] --START--
INFO: Run Behavior\WriteHtmlCacheBehavior [ RunTime:0.000202s ]
INFO: [ view_filter ] --END-- [ RunTime:0.000271s ]
INFO: [ app_end ] --START--
INFO: Run Behavior\ShowPageTraceBehavior [ RunTime:0.000616s ]
INFO: [ app_end ] --END-- [ RunTime:0.000690s ]

[ 2015-11-14T10:55:28+08:00 ] 183.136.139.17 /YouPan/index.php/Home/Disk/callback
INFO: [ app_init ] --START--
INFO: Run Behavior\BuildLiteBehavior [ RunTime:0.000023s ]
INFO: [ app_init ] --END-- [ RunTime:0.000474s ]
INFO: [ app_begin ] --START--
INFO: Run Behavior\ReadHtmlCacheBehavior [ RunTime:0.000593s ]
INFO: [ app_begin ] --END-- [ RunTime:0.000667s ]
SQL: SHOW COLUMNS FROM `tbfile` [ RunTime:0.0009s ]
SQL: INSERT INTO `tbfile` (`fdName`,`fdSize`,`fdKey`,`fdUserID`,`fdCreate`,`fdUpdate`) VALUES ('Desert.jpg','845941','FjBCDRqa-yvLYDNYElaa9ENaWc4X','10110','2015-11-14 10:55:28','2015-11-14 10:55:28') [ RunTime:0.0148s ]

[ 2015-11-14T10:57:38+08:00 ] 183.136.139.11 /YouPan/index.php/Home/Disk/callback
INFO: [ app_init ] --START--
INFO: Run Behavior\BuildLiteBehavior [ RunTime:0.000027s ]
INFO: [ app_init ] --END-- [ RunTime:0.000514s ]
INFO: [ app_begin ] --START--
INFO: Run Behavior\ReadHtmlCacheBehavior [ RunTime:0.000657s ]
INFO: [ app_begin ] --END-- [ RunTime:0.000759s ]
SQL: SHOW COLUMNS FROM `tbfile` [ RunTime:0.0009s ]
SQL: INSERT INTO `tbfile` (`fdName`,`fdSize`,`fdKey`,`fdUserID`,`fdCreate`,`fdUpdate`) VALUES ('Jellyfish.jpg','775702','FjsVvoSv8gsyKpPAuaqmLiWtM7S0','10110','2015-11-14 10:57:38','2015-11-14 10:57:38') [ RunTime:0.0072s ]

[ 2015-11-14T10:59:01+08:00 ] 183.136.139.14 /YouPan/index.php/Home/Disk/callback
INFO: [ app_init ] --START--
INFO: Run Behavior\BuildLiteBehavior [ RunTime:0.000025s ]
INFO: [ app_init ] --END-- [ RunTime:0.000487s ]
INFO: [ app_begin ] --START--
INFO: Run Behavior\ReadHtmlCacheBehavior [ RunTime:0.000608s ]
INFO: [ app_begin ] --END-- [ RunTime:0.000687s ]
SQL: SHOW COLUMNS FROM `tbfile` [ RunTime:0.0009s ]
SQL: INSERT INTO `tbfile` (`fdName`,`fdSize`,`fdKey`,`fdUserID`,`fdCreate`,`fdUpdate`) VALUES ('Jellyfish.jpg','775702','FjsVvoSv8gsyKpPAuaqmLiWtM7S0','10110','2015-11-14 10:59:01','2015-11-14 10:59:01') [ RunTime:0.0071s ]

[ 2015-11-14T10:59:55+08:00 ] 183.136.139.11 /YouPan/index.php/Home/Disk/callback
INFO: [ app_init ] --START--
INFO: Run Behavior\BuildLiteBehavior [ RunTime:0.000025s ]
INFO: [ app_init ] --END-- [ RunTime:0.000460s ]
INFO: [ app_begin ] --START--
INFO: Run Behavior\ReadHtmlCacheBehavior [ RunTime:0.000601s ]
INFO: [ app_begin ] --END-- [ RunTime:0.000675s ]
SQL: SHOW COLUMNS FROM `tbfile` [ RunTime:0.0010s ]
SQL: INSERT INTO `tbfile` (`fdName`,`fdSize`,`fdKey`,`fdUserID`,`fdCreate`,`fdUpdate`) VALUES ('Chrysanthemum.jpg','879394','FvX4rSaBmkcTGNJGMfpQVQNnEqh-','10110','2015-11-14 10:59:55','2015-11-14 10:59:55') [ RunTime:0.0173s ]

[ 2015-11-14T11:00:44+08:00 ] 183.136.139.14 /YouPan/index.php/Home/Disk/callback
INFO: [ app_init ] --START--
INFO: Run Behavior\BuildLiteBehavior [ RunTime:0.000028s ]
INFO: [ app_init ] --END-- [ RunTime:0.000505s ]
INFO: [ app_begin ] --START--
INFO: Run Behavior\ReadHtmlCacheBehavior [ RunTime:0.000589s ]
INFO: [ app_begin ] --END-- [ RunTime:0.000664s ]
SQL: SHOW COLUMNS FROM `tbfile` [ RunTime:0.0009s ]
SQL: INSERT INTO `tbfile` (`fdName`,`fdSize`,`fdKey`,`fdUserID`,`fdCreate`,`fdUpdate`) VALUES ('Tulips.jpg','620888','FlTC8aHrbxLWgaXHB4QhpVAM7gKt','10110','2015-11-14 11:00:44','2015-11-14 11:00:44') [ RunTime:0.0100s ]

[ 2015-11-14T11:01:58+08:00 ] 183.136.139.17 /YouPan/index.php/Home/Disk/callback
INFO: [ app_init ] --START--
INFO: Run Behavior\BuildLiteBehavior [ RunTime:0.000026s ]
INFO: [ app_init ] --END-- [ RunTime:0.000507s ]
INFO: [ app_begin ] --START--
INFO: Run Behavior\ReadHtmlCacheBehavior [ RunTime:0.000673s ]
INFO: [ app_begin ] --END-- [ RunTime:0.000755s ]
SQL: SHOW COLUMNS FROM `tbfile` [ RunTime:0.0011s ]
SQL: INSERT INTO `tbfile` (`fdName`,`fdSize`,`fdKey`,`fdUserID`,`fdCreate`,`fdUpdate`) VALUES ('IMG_20150802_213646.jpg','2430409','FsibOf64tw8QRPFmeyuiZUmB29qX','10110','2015-11-14 11:01:58','2015-11-14 11:01:58') [ RunTime:0.0072s ]

[ 2015-11-14T11:04:06+08:00 ] 183.136.139.17 /YouPan/index.php/Home/Disk/callback
INFO: [ app_init ] --START--
INFO: Run Behavior\BuildLiteBehavior [ RunTime:0.000023s ]
INFO: [ app_init ] --END-- [ RunTime:0.000466s ]
INFO: [ app_begin ] --START--
INFO: Run Behavior\ReadHtmlCacheBehavior [ RunTime:0.000580s ]
INFO: [ app_begin ] --END-- [ RunTime:0.000651s ]
SQL: SHOW COLUMNS FROM `tbfile` [ RunTime:0.0011s ]
SQL: INSERT INTO `tbfile` (`fdName`,`fdSize`,`fdKey`,`fdUserID`,`fdCreate`,`fdUpdate`) VALUES ('IMG_20150803_084402.jpg','1536713','FnivXiMrRjZGyCR8pbkQ0TBY5D62','10110','2015-11-14 11:04:06','2015-11-14 11:04:06') [ RunTime:0.0236s ]

[ 2015-11-14T11:07:14+08:00 ] 183.136.139.14 /YouPan/index.php/Home/Disk/callback
INFO: [ app_init ] --START--
INFO: Run Behavior\BuildLiteBehavior [ RunTime:0.000026s ]
INFO: [ app_init ] --END-- [ RunTime:0.000515s ]
INFO: [ app_begin ] --START--
INFO: Run Behavior\ReadHtmlCacheBehavior [ RunTime:0.000617s ]
INFO: [ app_begin ] --END-- [ RunTime:0.000694s ]
SQL: SHOW COLUMNS FROM `tbfile` [ RunTime:0.0010s ]
SQL: INSERT INTO `tbfile` (`fdName`,`fdSize`,`fdKey`,`fdUserID`,`fdCreate`,`fdUpdate`) VALUES ('IMG_20150802_214545.jpg','2240329','FlTFBWC-fhVYorG79S2kTd_m8ZQJ','10110','2015-11-14 11:07:14','2015-11-14 11:07:14') [ RunTime:0.0210s ]

[ 2015-11-14T11:08:58+08:00 ] 183.136.139.11 /YouPan/index.php/Home/Disk/callback
INFO: [ app_init ] --START--
INFO: Run Behavior\BuildLiteBehavior [ RunTime:0.000025s ]
INFO: [ app_init ] --END-- [ RunTime:0.000478s ]
INFO: [ app_begin ] --START--
INFO: Run Behavior\ReadHtmlCacheBehavior [ RunTime:0.000618s ]
INFO: [ app_begin ] --END-- [ RunTime:0.000696s ]
SQL: SHOW COLUMNS FROM `tbfile` [ RunTime:0.0009s ]
SQL: INSERT INTO `tbfile` (`fdName`,`fdSize`,`fdKey`,`fdUserID`,`fdCreate`,`fdUpdate`) VALUES ('IMG_20150802_214545.jpg','2240329','FlTFBWC-fhVYorG79S2kTd_m8ZQJ','10110','2015-11-14 11:08:58','2015-11-14 11:08:58') [ RunTime:0.0063s ]

[ 2015-11-14T11:11:11+08:00 ] 183.136.139.14 /YouPan/index.php/Home/Disk/callback
INFO: [ app_init ] --START--
INFO: Run Behavior\BuildLiteBehavior [ RunTime:0.000032s ]
INFO: [ app_init ] --END-- [ RunTime:0.000504s ]
INFO: [ app_begin ] --START--
INFO: Run Behavior\ReadHtmlCacheBehavior [ RunTime:0.000590s ]
INFO: [ app_begin ] --END-- [ RunTime:0.000676s ]
SQL: SHOW COLUMNS FROM `tbfile` [ RunTime:0.0009s ]
SQL: INSERT INTO `tbfile` (`fdName`,`fdSize`,`fdKey`,`fdUserID`,`fdCreate`,`fdUpdate`) VALUES ('IMG_20150803_084402.jpg','1536713','FnivXiMrRjZGyCR8pbkQ0TBY5D62','10110','2015-11-14 11:11:11','2015-11-14 11:11:11') [ RunTime:0.0077s ]

[ 2015-11-14T11:11:51+08:00 ] 183.136.139.14 /YouPan/index.php/Home/Disk/callback
INFO: [ app_init ] --START--
INFO: Run Behavior\BuildLiteBehavior [ RunTime:0.000028s ]
INFO: [ app_init ] --END-- [ RunTime:0.000540s ]
INFO: [ app_begin ] --START--
INFO: Run Behavior\ReadHtmlCacheBehavior [ RunTime:0.000625s ]
INFO: [ app_begin ] --END-- [ RunTime:0.000702s ]
SQL: SHOW COLUMNS FROM `tbfile` [ RunTime:0.0012s ]
SQL: INSERT INTO `tbfile` (`fdName`,`fdSize`,`fdKey`,`fdUserID`,`fdCreate`,`fdUpdate`) VALUES ('IMG_20150803_084402.jpg','1536713','FnivXiMrRjZGyCR8pbkQ0TBY5D62','10110','2015-11-14 11:11:51','2015-11-14 11:11:51') [ RunTime:0.0063s ]

[ 2015-11-14T11:13:31+08:00 ] 183.136.139.11 /YouPan/index.php/Home/Disk/callback
INFO: [ app_init ] --START--
INFO: Run Behavior\BuildLiteBehavior [ RunTime:0.000028s ]
INFO: [ app_init ] --END-- [ RunTime:0.000547s ]
INFO: [ app_begin ] --START--
INFO: Run Behavior\ReadHtmlCacheBehavior [ RunTime:0.000639s ]
INFO: [ app_begin ] --END-- [ RunTime:0.000721s ]
SQL: SHOW COLUMNS FROM `tbfile` [ RunTime:0.0009s ]
SQL: INSERT INTO `tbfile` (`fdName`,`fdSize`,`fdKey`,`fdUserID`,`fdCreate`,`fdUpdate`) VALUES ('IMG_20150802_214545.jpg','2240329','FlTFBWC-fhVYorG79S2kTd_m8ZQJ','10110','2015-11-14 11:13:31','2015-11-14 11:13:31') [ RunTime:0.0259s ]

[ 2015-11-14T11:13:50+08:00 ] 183.136.139.17 /YouPan/index.php/Home/Disk/callback
INFO: [ app_init ] --START--
INFO: Run Behavior\BuildLiteBehavior [ RunTime:0.000024s ]
INFO: [ app_init ] --END-- [ RunTime:0.000574s ]
INFO: [ app_begin ] --START--
INFO: Run Behavior\ReadHtmlCacheBehavior [ RunTime:0.000704s ]
INFO: [ app_begin ] --END-- [ RunTime:0.000781s ]
SQL: SHOW COLUMNS FROM `tbfile` [ RunTime:0.0014s ]
SQL: INSERT INTO `tbfile` (`fdName`,`fdSize`,`fdKey`,`fdUserID`,`fdCreate`,`fdUpdate`) VALUES ('IMG_20150803_084402.jpg','1536713','FnivXiMrRjZGyCR8pbkQ0TBY5D62','10110','2015-11-14 11:13:50','2015-11-14 11:13:50') [ RunTime:0.0063s ]

[ 2015-11-14T11:14:34+08:00 ] 183.136.139.17 /YouPan/index.php/Home/Disk/callback
INFO: [ app_init ] --START--
INFO: Run Behavior\BuildLiteBehavior [ RunTime:0.000032s ]
INFO: [ app_init ] --END-- [ RunTime:0.001729s ]
INFO: [ app_begin ] --START--
INFO: Run Behavior\ReadHtmlCacheBehavior [ RunTime:0.003400s ]
INFO: [ app_begin ] --END-- [ RunTime:0.003527s ]
SQL: SHOW COLUMNS FROM `tbfile` [ RunTime:0.0010s ]
SQL: INSERT INTO `tbfile` (`fdName`,`fdSize`,`fdKey`,`fdUserID`,`fdCreate`,`fdUpdate`) VALUES ('Chrysanthemum.jpg','879394','FvX4rSaBmkcTGNJGMfpQVQNnEqh-','10110','2015-11-14 11:14:34','2015-11-14 11:14:34') [ RunTime:0.0074s ]

[ 2015-11-14T11:14:39+08:00 ] 183.136.139.19 /YouPan/index.php/Home/Disk/callback
INFO: [ app_init ] --START--
INFO: Run Behavior\BuildLiteBehavior [ RunTime:0.000026s ]
INFO: [ app_init ] --END-- [ RunTime:0.000471s ]
INFO: [ app_begin ] --START--
INFO: Run Behavior\ReadHtmlCacheBehavior [ RunTime:0.000619s ]
INFO: [ app_begin ] --END-- [ RunTime:0.000699s ]
SQL: SHOW COLUMNS FROM `tbfile` [ RunTime:0.0010s ]
SQL: INSERT INTO `tbfile` (`fdName`,`fdSize`,`fdKey`,`fdUserID`,`fdCreate`,`fdUpdate`) VALUES ('Desert.jpg','845941','FjBCDRqa-yvLYDNYElaa9ENaWc4X','10110','2015-11-14 11:14:39','2015-11-14 11:14:39') [ RunTime:0.0091s ]

[ 2015-11-14T11:14:43+08:00 ] 183.136.139.11 /YouPan/index.php/Home/Disk/callback
INFO: [ app_init ] --START--
INFO: Run Behavior\BuildLiteBehavior [ RunTime:0.000026s ]
INFO: [ app_init ] --END-- [ RunTime:0.000480s ]
INFO: [ app_begin ] --START--
INFO: Run Behavior\ReadHtmlCacheBehavior [ RunTime:0.000620s ]
INFO: [ app_begin ] --END-- [ RunTime:0.000695s ]
SQL: SHOW COLUMNS FROM `tbfile` [ RunTime:0.0009s ]
SQL: INSERT INTO `tbfile` (`fdName`,`fdSize`,`fdKey`,`fdUserID`,`fdCreate`,`fdUpdate`) VALUES ('Hydrangeas.jpg','595284','FtmX4cN-3AWth9A2A-Mq1JXuLPzh','10110','2015-11-14 11:14:43','2015-11-14 11:14:43') [ RunTime:0.0103s ]

[ 2015-11-14T11:14:56+08:00 ] 183.136.139.17 /YouPan/index.php/Home/Disk/callback
INFO: [ app_init ] --START--
INFO: Run Behavior\BuildLiteBehavior [ RunTime:0.000027s ]
INFO: [ app_init ] --END-- [ RunTime:0.000568s ]
INFO: [ app_begin ] --START--
INFO: Run Behavior\ReadHtmlCacheBehavior [ RunTime:0.000901s ]
INFO: [ app_begin ] --END-- [ RunTime:0.000984s ]
SQL: SHOW COLUMNS FROM `tbfile` [ RunTime:0.0009s ]
SQL: INSERT INTO `tbfile` (`fdName`,`fdSize`,`fdKey`,`fdUserID`,`fdCreate`,`fdUpdate`) VALUES ('Chrysanthemum.jpg','879394','FvX4rSaBmkcTGNJGMfpQVQNnEqh-','10110','2015-11-14 11:14:56','2015-11-14 11:14:56') [ RunTime:0.0070s ]

[ 2015-11-14T11:15:06+08:00 ] 183.136.139.14 /YouPan/index.php/Home/Disk/callback
INFO: [ app_init ] --START--
INFO: Run Behavior\BuildLiteBehavior [ RunTime:0.000026s ]
INFO: [ app_init ] --END-- [ RunTime:0.000467s ]
INFO: [ app_begin ] --START--
INFO: Run Behavior\ReadHtmlCacheBehavior [ RunTime:0.000605s ]
INFO: [ app_begin ] --END-- [ RunTime:0.000680s ]
SQL: SHOW COLUMNS FROM `tbfile` [ RunTime:0.0009s ]
SQL: INSERT INTO `tbfile` (`fdName`,`fdSize`,`fdKey`,`fdUserID`,`fdCreate`,`fdUpdate`) VALUES ('Desert.jpg','845941','FjBCDRqa-yvLYDNYElaa9ENaWc4X','10110','2015-11-14 11:15:06','2015-11-14 11:15:06') [ RunTime:0.0116s ]

[ 2015-11-14T11:15:11+08:00 ] 183.136.139.14 /YouPan/index.php/Home/Disk/callback
INFO: [ app_init ] --START--
INFO: Run Behavior\BuildLiteBehavior [ RunTime:0.000028s ]
INFO: [ app_init ] --END-- [ RunTime:0.000518s ]
INFO: [ app_begin ] --START--
INFO: Run Behavior\ReadHtmlCacheBehavior [ RunTime:0.000663s ]
INFO: [ app_begin ] --END-- [ RunTime:0.000754s ]
SQL: SHOW COLUMNS FROM `tbfile` [ RunTime:0.0009s ]
SQL: INSERT INTO `tbfile` (`fdName`,`fdSize`,`fdKey`,`fdUserID`,`fdCreate`,`fdUpdate`) VALUES ('Hydrangeas.jpg','595284','FtmX4cN-3AWth9A2A-Mq1JXuLPzh','10110','2015-11-14 11:15:11','2015-11-14 11:15:11') [ RunTime:0.0202s ]

[ 2015-11-14T11:17:00+08:00 ] 183.136.139.14 /YouPan/index.php/Home/Disk/callback
INFO: [ app_init ] --START--
INFO: Run Behavior\BuildLiteBehavior [ RunTime:0.000025s ]
INFO: [ app_init ] --END-- [ RunTime:0.000462s ]
INFO: [ app_begin ] --START--
INFO: Run Behavior\ReadHtmlCacheBehavior [ RunTime:0.000580s ]
INFO: [ app_begin ] --END-- [ RunTime:0.000657s ]
SQL: SHOW COLUMNS FROM `tbfile` [ RunTime:0.0011s ]
SQL: INSERT INTO `tbfile` (`fdName`,`fdSize`,`fdKey`,`fdUserID`,`fdCreate`,`fdUpdate`) VALUES ('Chrysanthemum.jpg','879394','FvX4rSaBmkcTGNJGMfpQVQNnEqh-','10110','2015-11-14 11:17:00','2015-11-14 11:17:00') [ RunTime:0.0088s ]

[ 2015-11-14T11:20:22+08:00 ] 183.136.139.11 /YouPan/index.php/Home/Disk/callback
INFO: [ app_init ] --START--
INFO: Run Behavior\BuildLiteBehavior [ RunTime:0.000021s ]
INFO: [ app_init ] --END-- [ RunTime:0.000439s ]
INFO: [ app_begin ] --START--
INFO: Run Behavior\ReadHtmlCacheBehavior [ RunTime:0.000596s ]
INFO: [ app_begin ] --END-- [ RunTime:0.000669s ]
SQL: SHOW COLUMNS FROM `tbfile` [ RunTime:0.0010s ]
SQL: INSERT INTO `tbfile` (`fdName`,`fdSize`,`fdKey`,`fdUserID`,`fdCreate`,`fdUpdate`) VALUES ('Desert.jpg','845941','FjBCDRqa-yvLYDNYElaa9ENaWc4X','10110','2015-11-14 11:20:22','2015-11-14 11:20:22') [ RunTime:0.0075s ]

[ 2015-11-14T11:20:32+08:00 ] 183.136.139.14 /YouPan/index.php/Home/Disk/callback
INFO: [ app_init ] --START--
INFO: Run Behavior\BuildLiteBehavior [ RunTime:0.000022s ]
INFO: [ app_init ] --END-- [ RunTime:0.000440s ]
INFO: [ app_begin ] --START--
INFO: Run Behavior\ReadHtmlCacheBehavior [ RunTime:0.000561s ]
INFO: [ app_begin ] --END-- [ RunTime:0.000634s ]
SQL: SHOW COLUMNS FROM `tbfile` [ RunTime:0.0024s ]
SQL: INSERT INTO `tbfile` (`fdName`,`fdSize`,`fdKey`,`fdUserID`,`fdCreate`,`fdUpdate`) VALUES ('Hydrangeas.jpg','595284','FtmX4cN-3AWth9A2A-Mq1JXuLPzh','10110','2015-11-14 11:20:32','2015-11-14 11:20:32') [ RunTime:0.0115s ]

[ 2015-11-14T11:21:10+08:00 ] 183.136.139.17 /YouPan/index.php/Home/Disk/callback
INFO: [ app_init ] --START--
INFO: Run Behavior\BuildLiteBehavior [ RunTime:0.000026s ]
INFO: [ app_init ] --END-- [ RunTime:0.000598s ]
INFO: [ app_begin ] --START--
INFO: Run Behavior\ReadHtmlCacheBehavior [ RunTime:0.000721s ]
INFO: [ app_begin ] --END-- [ RunTime:0.000796s ]
SQL: SHOW COLUMNS FROM `tbfile` [ RunTime:0.0009s ]
SQL: INSERT INTO `tbfile` (`fdName`,`fdSize`,`fdKey`,`fdUserID`,`fdCreate`,`fdUpdate`) VALUES ('Chrysanthemum.jpg','879394','FvX4rSaBmkcTGNJGMfpQVQNnEqh-','10110','2015-11-14 11:21:10','2015-11-14 11:21:10') [ RunTime:0.0068s ]

[ 2015-11-14T11:21:53+08:00 ] 183.136.139.17 /YouPan/index.php/Home/Disk/callback
INFO: [ app_init ] --START--
INFO: Run Behavior\BuildLiteBehavior [ RunTime:0.000070s ]
INFO: [ app_init ] --END-- [ RunTime:0.000701s ]
INFO: [ app_begin ] --START--
INFO: Run Behavior\ReadHtmlCacheBehavior [ RunTime:0.000691s ]
INFO: [ app_begin ] --END-- [ RunTime:0.000769s ]
SQL: SHOW COLUMNS FROM `tbfile` [ RunTime:0.0011s ]
SQL: INSERT INTO `tbfile` (`fdName`,`fdSize`,`fdKey`,`fdUserID`,`fdCreate`,`fdUpdate`) VALUES ('Chrysanthemum.jpg','879394','FvX4rSaBmkcTGNJGMfpQVQNnEqh-','10110','2015-11-14 11:21:53','2015-11-14 11:21:53') [ RunTime:0.0074s ]

[ 2015-11-14T11:22:03+08:00 ] 183.136.139.19 /YouPan/index.php/Home/Disk/callback
INFO: [ app_init ] --START--
INFO: Run Behavior\BuildLiteBehavior [ RunTime:0.000024s ]
INFO: [ app_init ] --END-- [ RunTime:0.000474s ]
INFO: [ app_begin ] --START--
INFO: Run Behavior\ReadHtmlCacheBehavior [ RunTime:0.000630s ]
INFO: [ app_begin ] --END-- [ RunTime:0.000707s ]
SQL: SHOW COLUMNS FROM `tbfile` [ RunTime:0.0020s ]
SQL: INSERT INTO `tbfile` (`fdName`,`fdSize`,`fdKey`,`fdUserID`,`fdCreate`,`fdUpdate`) VALUES ('Desert.jpg','845941','FjBCDRqa-yvLYDNYElaa9ENaWc4X','10110','2015-11-14 11:22:03','2015-11-14 11:22:03') [ RunTime:0.0081s ]

[ 2015-11-14T11:22:09+08:00 ] 183.136.139.17 /YouPan/index.php/Home/Disk/callback
INFO: [ app_init ] --START--
INFO: Run Behavior\BuildLiteBehavior [ RunTime:0.000025s ]
INFO: [ app_init ] --END-- [ RunTime:0.000489s ]
INFO: [ app_begin ] --START--
INFO: Run Behavior\ReadHtmlCacheBehavior [ RunTime:0.000558s ]
INFO: [ app_begin ] --END-- [ RunTime:0.000658s ]
SQL: SHOW COLUMNS FROM `tbfile` [ RunTime:0.0009s ]
SQL: INSERT INTO `tbfile` (`fdName`,`fdSize`,`fdKey`,`fdUserID`,`fdCreate`,`fdUpdate`) VALUES ('Hydrangeas.jpg','595284','FtmX4cN-3AWth9A2A-Mq1JXuLPzh','10110','2015-11-14 11:22:09','2015-11-14 11:22:09') [ RunTime:0.0064s ]

[ 2015-11-14T11:22:14+08:00 ] 183.136.139.19 /YouPan/index.php/Home/Disk/callback
INFO: [ app_init ] --START--
INFO: Run Behavior\BuildLiteBehavior [ RunTime:0.000024s ]
INFO: [ app_init ] --END-- [ RunTime:0.000505s ]
INFO: [ app_begin ] --START--
INFO: Run Behavior\ReadHtmlCacheBehavior [ RunTime:0.000619s ]
INFO: [ app_begin ] --END-- [ RunTime:0.000698s ]
SQL: SHOW COLUMNS FROM `tbfile` [ RunTime:0.0009s ]
SQL: INSERT INTO `tbfile` (`fdName`,`fdSize`,`fdKey`,`fdUserID`,`fdCreate`,`fdUpdate`) VALUES ('Jellyfish.jpg','775702','FjsVvoSv8gsyKpPAuaqmLiWtM7S0','10110','2015-11-14 11:22:14','2015-11-14 11:22:14') [ RunTime:0.0106s ]

[ 2015-11-14T11:23:00+08:00 ] 183.136.139.17 /YouPan/index.php/Home/Disk/callback
INFO: [ app_init ] --START--
INFO: Run Behavior\BuildLiteBehavior [ RunTime:0.000024s ]
INFO: [ app_init ] --END-- [ RunTime:0.000473s ]
INFO: [ app_begin ] --START--
INFO: Run Behavior\ReadHtmlCacheBehavior [ RunTime:0.000692s ]
INFO: [ app_begin ] --END-- [ RunTime:0.000779s ]
SQL: SHOW COLUMNS FROM `tbfile` [ RunTime:0.0009s ]
SQL: INSERT INTO `tbfile` (`fdName`,`fdSize`,`fdKey`,`fdUserID`,`fdCreate`,`fdUpdate`) VALUES ('Chrysanthemum.jpg','879394','FvX4rSaBmkcTGNJGMfpQVQNnEqh-','10110','2015-11-14 11:23:00','2015-11-14 11:23:00') [ RunTime:0.0065s ]

[ 2015-11-14T11:23:05+08:00 ] 183.136.139.11 /YouPan/index.php/Home/Disk/callback
INFO: [ app_init ] --START--
INFO: Run Behavior\BuildLiteBehavior [ RunTime:0.000030s ]
INFO: [ app_init ] --END-- [ RunTime:0.003073s ]
INFO: [ app_begin ] --START--
INFO: Run Behavior\ReadHtmlCacheBehavior [ RunTime:0.000627s ]
INFO: [ app_begin ] --END-- [ RunTime:0.002069s ]
SQL: SHOW COLUMNS FROM `tbfile` [ RunTime:0.0009s ]
SQL: INSERT INTO `tbfile` (`fdName`,`fdSize`,`fdKey`,`fdUserID`,`fdCreate`,`fdUpdate`) VALUES ('Desert.jpg','845941','FjBCDRqa-yvLYDNYElaa9ENaWc4X','10110','2015-11-14 11:23:05','2015-11-14 11:23:05') [ RunTime:0.0073s ]

[ 2015-11-14T11:23:17+08:00 ] 183.136.139.19 /YouPan/index.php/Home/Disk/callback
INFO: [ app_init ] --START--
INFO: Run Behavior\BuildLiteBehavior [ RunTime:0.000025s ]
INFO: [ app_init ] --END-- [ RunTime:0.000526s ]
INFO: [ app_begin ] --START--
INFO: Run Behavior\ReadHtmlCacheBehavior [ RunTime:0.000668s ]
INFO: [ app_begin ] --END-- [ RunTime:0.000755s ]
SQL: SHOW COLUMNS FROM `tbfile` [ RunTime:0.0010s ]
SQL: INSERT INTO `tbfile` (`fdName`,`fdSize`,`fdKey`,`fdUserID`,`fdCreate`,`fdUpdate`) VALUES ('Chrysanthemum.jpg','879394','FvX4rSaBmkcTGNJGMfpQVQNnEqh-','10110','2015-11-14 11:23:17','2015-11-14 11:23:17') [ RunTime:0.0064s ]

[ 2015-11-14T11:24:07+08:00 ] 183.136.139.11 /YouPan/index.php/Home/Disk/callback
INFO: [ app_init ] --START--
INFO: Run Behavior\BuildLiteBehavior [ RunTime:0.000021s ]
INFO: [ app_init ] --END-- [ RunTime:0.000478s ]
INFO: [ app_begin ] --START--
INFO: Run Behavior\ReadHtmlCacheBehavior [ RunTime:0.000597s ]
INFO: [ app_begin ] --END-- [ RunTime:0.000671s ]
SQL: SHOW COLUMNS FROM `tbfile` [ RunTime:0.0028s ]
SQL: INSERT INTO `tbfile` (`fdName`,`fdSize`,`fdKey`,`fdUserID`,`fdCreate`,`fdUpdate`) VALUES ('Chrysanthemum.jpg','879394','FvX4rSaBmkcTGNJGMfpQVQNnEqh-','10110','2015-11-14 11:24:07','2015-11-14 11:24:07') [ RunTime:0.0238s ]

[ 2015-11-14T11:24:38+08:00 ] 183.136.139.19 /YouPan/index.php/Home/Disk/callback
INFO: [ app_init ] --START--
INFO: Run Behavior\BuildLiteBehavior [ RunTime:0.000025s ]
INFO: [ app_init ] --END-- [ RunTime:0.000474s ]
INFO: [ app_begin ] --START--
INFO: Run Behavior\ReadHtmlCacheBehavior [ RunTime:0.000616s ]
INFO: [ app_begin ] --END-- [ RunTime:0.000705s ]
SQL: SHOW COLUMNS FROM `tbfile` [ RunTime:0.0009s ]
SQL: INSERT INTO `tbfile` (`fdName`,`fdSize`,`fdKey`,`fdUserID`,`fdCreate`,`fdUpdate`) VALUES ('Chrysanthemum.jpg','879394','FvX4rSaBmkcTGNJGMfpQVQNnEqh-','10110','2015-11-14 11:24:38','2015-11-14 11:24:38') [ RunTime:0.0103s ]

[ 2015-11-14T11:25:11+08:00 ] 183.136.139.14 /YouPan/index.php/Home/Disk/callback
INFO: [ app_init ] --START--
INFO: Run Behavior\BuildLiteBehavior [ RunTime:0.000027s ]
INFO: [ app_init ] --END-- [ RunTime:0.000475s ]
INFO: [ app_begin ] --START--
INFO: Run Behavior\ReadHtmlCacheBehavior [ RunTime:0.000586s ]
INFO: [ app_begin ] --END-- [ RunTime:0.000690s ]
SQL: SHOW COLUMNS FROM `tbfile` [ RunTime:0.0009s ]
SQL: INSERT INTO `tbfile` (`fdName`,`fdSize`,`fdKey`,`fdUserID`,`fdCreate`,`fdUpdate`) VALUES ('Chrysanthemum.jpg','879394','FvX4rSaBmkcTGNJGMfpQVQNnEqh-','10110','2015-11-14 11:25:11','2015-11-14 11:25:11') [ RunTime:0.0067s ]

[ 2015-11-14T11:26:17+08:00 ] 183.136.139.11 /YouPan/index.php/Home/Disk/callback
INFO: [ app_init ] --START--
INFO: Run Behavior\BuildLiteBehavior [ RunTime:0.000021s ]
INFO: [ app_init ] --END-- [ RunTime:0.000434s ]
INFO: [ app_begin ] --START--
INFO: Run Behavior\ReadHtmlCacheBehavior [ RunTime:0.000568s ]
INFO: [ app_begin ] --END-- [ RunTime:0.000641s ]
SQL: SHOW COLUMNS FROM `tbfile` [ RunTime:0.0009s ]
SQL: INSERT INTO `tbfile` (`fdName`,`fdSize`,`fdKey`,`fdUserID`,`fdCreate`,`fdUpdate`) VALUES ('Chrysanthemum.jpg','879394','FvX4rSaBmkcTGNJGMfpQVQNnEqh-','10110','2015-11-14 11:26:17','2015-11-14 11:26:17') [ RunTime:0.0176s ]

[ 2015-11-14T11:26:58+08:00 ] 183.136.139.19 /YouPan/index.php/Home/Disk/callback
INFO: [ app_init ] --START--
INFO: Run Behavior\BuildLiteBehavior [ RunTime:0.000025s ]
INFO: [ app_init ] --END-- [ RunTime:0.000476s ]
INFO: [ app_begin ] --START--
INFO: Run Behavior\ReadHtmlCacheBehavior [ RunTime:0.000621s ]
INFO: [ app_begin ] --END-- [ RunTime:0.000699s ]
SQL: SHOW COLUMNS FROM `tbfile` [ RunTime:0.0010s ]
SQL: INSERT INTO `tbfile` (`fdName`,`fdSize`,`fdKey`,`fdUserID`,`fdCreate`,`fdUpdate`) VALUES ('IMG_20150802_213509.jpg','2228809','FgWw3g7SKfptIw79lw4uUTiGna7z','10110','2015-11-14 11:26:58','2015-11-14 11:26:58') [ RunTime:0.0104s ]

[ 2015-11-14T11:27:12+08:00 ] 183.136.139.17 /YouPan/index.php/Home/Disk/callback
INFO: [ app_init ] --START--
INFO: Run Behavior\BuildLiteBehavior [ RunTime:0.000027s ]
INFO: [ app_init ] --END-- [ RunTime:0.000501s ]
INFO: [ app_begin ] --START--
INFO: Run Behavior\ReadHtmlCacheBehavior [ RunTime:0.000588s ]
INFO: [ app_begin ] --END-- [ RunTime:0.000665s ]
SQL: SHOW COLUMNS FROM `tbfile` [ RunTime:0.0009s ]
SQL: INSERT INTO `tbfile` (`fdName`,`fdSize`,`fdKey`,`fdUserID`,`fdCreate`,`fdUpdate`) VALUES ('IMG_20150802_213646.jpg','2430409','FsibOf64tw8QRPFmeyuiZUmB29qX','10110','2015-11-14 11:27:12','2015-11-14 11:27:12') [ RunTime:0.0145s ]

[ 2015-11-14T11:27:32+08:00 ] 183.136.139.11 /YouPan/index.php/Home/Disk/callback
INFO: [ app_init ] --START--
INFO: Run Behavior\BuildLiteBehavior [ RunTime:0.000026s ]
INFO: [ app_init ] --END-- [ RunTime:0.000623s ]
INFO: [ app_begin ] --START--
INFO: Run Behavior\ReadHtmlCacheBehavior [ RunTime:0.000593s ]
INFO: [ app_begin ] --END-- [ RunTime:0.000670s ]
SQL: SHOW COLUMNS FROM `tbfile` [ RunTime:0.0011s ]
SQL: INSERT INTO `tbfile` (`fdName`,`fdSize`,`fdKey`,`fdUserID`,`fdCreate`,`fdUpdate`) VALUES ('IMG_20150802_214545.jpg','2240329','FlTFBWC-fhVYorG79S2kTd_m8ZQJ','10110','2015-11-14 11:27:32','2015-11-14 11:27:32') [ RunTime:0.0198s ]

[ 2015-11-14T11:28:47+08:00 ] 183.136.139.19 /YouPan/index.php/Home/Disk/callback
INFO: [ app_init ] --START--
INFO: Run Behavior\BuildLiteBehavior [ RunTime:0.000020s ]
INFO: [ app_init ] --END-- [ RunTime:0.000484s ]
INFO: [ app_begin ] --START--
INFO: Run Behavior\ReadHtmlCacheBehavior [ RunTime:0.000612s ]
INFO: [ app_begin ] --END-- [ RunTime:0.000695s ]
SQL: SHOW COLUMNS FROM `tbfile` [ RunTime:0.0009s ]
SQL: INSERT INTO `tbfile` (`fdName`,`fdSize`,`fdKey`,`fdUserID`,`fdCreate`,`fdUpdate`) VALUES ('Chrysanthemum.jpg','879394','FvX4rSaBmkcTGNJGMfpQVQNnEqh-','10110','2015-11-14 11:28:47','2015-11-14 11:28:47') [ RunTime:0.0079s ]

[ 2015-11-14T11:28:55+08:00 ] 183.136.139.14 /YouPan/index.php/Home/Disk/callback
INFO: [ app_init ] --START--
INFO: Run Behavior\BuildLiteBehavior [ RunTime:0.000025s ]
INFO: [ app_init ] --END-- [ RunTime:0.000466s ]
INFO: [ app_begin ] --START--
INFO: Run Behavior\ReadHtmlCacheBehavior [ RunTime:0.000627s ]
INFO: [ app_begin ] --END-- [ RunTime:0.000703s ]
SQL: SHOW COLUMNS FROM `tbfile` [ RunTime:0.0009s ]
SQL: INSERT INTO `tbfile` (`fdName`,`fdSize`,`fdKey`,`fdUserID`,`fdCreate`,`fdUpdate`) VALUES ('Desert.jpg','845941','FjBCDRqa-yvLYDNYElaa9ENaWc4X','10110','2015-11-14 11:28:55','2015-11-14 11:28:55') [ RunTime:0.0088s ]

[ 2015-11-14T11:28:59+08:00 ] 183.136.139.11 /YouPan/index.php/Home/Disk/callback
INFO: [ app_init ] --START--
INFO: Run Behavior\BuildLiteBehavior [ RunTime:0.000050s ]
INFO: [ app_init ] --END-- [ RunTime:0.000473s ]
INFO: [ app_begin ] --START--
INFO: Run Behavior\ReadHtmlCacheBehavior [ RunTime:0.000587s ]
INFO: [ app_begin ] --END-- [ RunTime:0.000662s ]
SQL: SHOW COLUMNS FROM `tbfile` [ RunTime:0.0009s ]
SQL: INSERT INTO `tbfile` (`fdName`,`fdSize`,`fdKey`,`fdUserID`,`fdCreate`,`fdUpdate`) VALUES ('Hydrangeas.jpg','595284','FtmX4cN-3AWth9A2A-Mq1JXuLPzh','10110','2015-11-14 11:28:59','2015-11-14 11:28:59') [ RunTime:0.0203s ]

[ 2015-11-14T11:29:05+08:00 ] 183.136.139.19 /YouPan/index.php/Home/Disk/callback
INFO: [ app_init ] --START--
INFO: Run Behavior\BuildLiteBehavior [ RunTime:0.000025s ]
INFO: [ app_init ] --END-- [ RunTime:0.000515s ]
INFO: [ app_begin ] --START--
INFO: Run Behavior\ReadHtmlCacheBehavior [ RunTime:0.000605s ]
INFO: [ app_begin ] --END-- [ RunTime:0.000684s ]
SQL: SHOW COLUMNS FROM `tbfile` [ RunTime:0.0009s ]
SQL: INSERT INTO `tbfile` (`fdName`,`fdSize`,`fdKey`,`fdUserID`,`fdCreate`,`fdUpdate`) VALUES ('Jellyfish.jpg','775702','FjsVvoSv8gsyKpPAuaqmLiWtM7S0','10110','2015-11-14 11:29:05','2015-11-14 11:29:05') [ RunTime:0.0344s ]

[ 2015-11-14T11:29:11+08:00 ] 183.136.139.17 /YouPan/index.php/Home/Disk/callback
INFO: [ app_init ] --START--
INFO: Run Behavior\BuildLiteBehavior [ RunTime:0.000025s ]
INFO: [ app_init ] --END-- [ RunTime:0.000495s ]
INFO: [ app_begin ] --START--
INFO: Run Behavior\ReadHtmlCacheBehavior [ RunTime:0.000585s ]
INFO: [ app_begin ] --END-- [ RunTime:0.000662s ]
SQL: SHOW COLUMNS FROM `tbfile` [ RunTime:0.0009s ]
SQL: INSERT INTO `tbfile` (`fdName`,`fdSize`,`fdKey`,`fdUserID`,`fdCreate`,`fdUpdate`) VALUES ('Koala.jpg','780831','Fpw9yx-RhaMU6iXVGu07WIGzL0IM','10110','2015-11-14 11:29:11','2015-11-14 11:29:11') [ RunTime:0.0115s ]

[ 2015-11-14T11:29:19+08:00 ] 183.136.139.17 /YouPan/index.php/Home/Disk/callback
INFO: [ app_init ] --START--
INFO: Run Behavior\BuildLiteBehavior [ RunTime:0.000024s ]
INFO: [ app_init ] --END-- [ RunTime:0.000494s ]
INFO: [ app_begin ] --START--
INFO: Run Behavior\ReadHtmlCacheBehavior [ RunTime:0.000643s ]
INFO: [ app_begin ] --END-- [ RunTime:0.000725s ]
SQL: SHOW COLUMNS FROM `tbfile` [ RunTime:0.0010s ]
SQL: INSERT INTO `tbfile` (`fdName`,`fdSize`,`fdKey`,`fdUserID`,`fdCreate`,`fdUpdate`) VALUES ('Lighthouse.jpg','561276','FhtGBbDiDOzPkaonjRDoH61k4k4n','10110','2015-11-14 11:29:19','2015-11-14 11:29:19') [ RunTime:0.0069s ]

[ 2015-11-14T11:29:27+08:00 ] 183.136.139.17 /YouPan/index.php/Home/Disk/callback
INFO: [ app_init ] --START--
INFO: Run Behavior\BuildLiteBehavior [ RunTime:0.000025s ]
INFO: [ app_init ] --END-- [ RunTime:0.000456s ]
INFO: [ app_begin ] --START--
INFO: Run Behavior\ReadHtmlCacheBehavior [ RunTime:0.000571s ]
INFO: [ app_begin ] --END-- [ RunTime:0.000646s ]
SQL: SHOW COLUMNS FROM `tbfile` [ RunTime:0.0009s ]
SQL: INSERT INTO `tbfile` (`fdName`,`fdSize`,`fdKey`,`fdUserID`,`fdCreate`,`fdUpdate`) VALUES ('Penguins.jpg','777835','Ft976dxPRnGHeDrKaMfOmOTfIXLQ','10110','2015-11-14 11:29:27','2015-11-14 11:29:27') [ RunTime:0.0129s ]

[ 2015-11-14T13:52:24+08:00 ] 211.66.89.101 /YouPan/
INFO: [ app_init ] --START--
INFO: Run Behavior\BuildLiteBehavior [ RunTime:0.000064s ]
INFO: [ app_init ] --END-- [ RunTime:0.000554s ]
INFO: [ app_begin ] --START--
INFO: Run Behavior\ReadHtmlCacheBehavior [ RunTime:0.000510s ]
INFO: [ app_begin ] --END-- [ RunTime:0.000564s ]
INFO: [ view_parse ] --START--
INFO: [ template_filter ] --START--
INFO: Run Behavior\ContentReplaceBehavior [ RunTime:0.000051s ]
INFO: [ template_filter ] --END-- [ RunTime:0.000115s ]
INFO: Run Behavior\ParseTemplateBehavior [ RunTime:0.007537s ]
INFO: [ view_parse ] --END-- [ RunTime:0.007595s ]
INFO: [ view_filter ] --START--
INFO: Run Behavior\WriteHtmlCacheBehavior [ RunTime:0.000132s ]
INFO: [ view_filter ] --END-- [ RunTime:0.000176s ]
INFO: [ app_end ] --START--
INFO: Run Behavior\ShowPageTraceBehavior [ RunTime:0.000571s ]
INFO: [ app_end ] --END-- [ RunTime:0.000618s ]

[ 2015-11-14T13:52:31+08:00 ] 211.66.89.101 /YouPan/
INFO: [ app_init ] --START--
INFO: Run Behavior\BuildLiteBehavior [ RunTime:0.000016s ]
INFO: [ app_init ] --END-- [ RunTime:0.000336s ]
INFO: [ app_begin ] --START--
INFO: Run Behavior\ReadHtmlCacheBehavior [ RunTime:0.000428s ]
INFO: [ app_begin ] --END-- [ RunTime:0.000488s ]
INFO: [ view_parse ] --START--
INFO: [ template_filter ] --START--
INFO: Run Behavior\ContentReplaceBehavior [ RunTime:0.000049s ]
INFO: [ template_filter ] --END-- [ RunTime:0.000117s ]
INFO: Run Behavior\ParseTemplateBehavior [ RunTime:0.006316s ]
INFO: [ view_parse ] --END-- [ RunTime:0.006374s ]
INFO: [ view_filter ] --START--
INFO: Run Behavior\WriteHtmlCacheBehavior [ RunTime:0.000142s ]
INFO: [ view_filter ] --END-- [ RunTime:0.000195s ]
INFO: [ app_end ] --START--
INFO: Run Behavior\ShowPageTraceBehavior [ RunTime:0.000487s ]
INFO: [ app_end ] --END-- [ RunTime:0.000552s ]

[ 2015-11-14T13:52:39+08:00 ] 211.66.89.101 /YouPan/index.php/Home/Disk/index.html
INFO: [ app_init ] --START--
INFO: Run Behavior\BuildLiteBehavior [ RunTime:0.000018s ]
INFO: [ app_init ] --END-- [ RunTime:0.000340s ]
INFO: [ app_begin ] --START--
INFO: Run Behavior\ReadHtmlCacheBehavior [ RunTime:0.000423s ]
INFO: [ app_begin ] --END-- [ RunTime:0.000476s ]
INFO: [ view_parse ] --START--
INFO: [ template_filter ] --START--
INFO: Run Behavior\ContentReplaceBehavior [ RunTime:0.000054s ]
INFO: [ template_filter ] --END-- [ RunTime:0.000110s ]
INFO: Run Behavior\ParseTemplateBehavior [ RunTime:0.007193s ]
INFO: [ view_parse ] --END-- [ RunTime:0.007244s ]
INFO: [ view_filter ] --START--
INFO: Run Behavior\WriteHtmlCacheBehavior [ RunTime:0.000157s ]
INFO: [ view_filter ] --END-- [ RunTime:0.000201s ]
INFO: [ app_end ] --START--
INFO: Run Behavior\ShowPageTraceBehavior [ RunTime:0.000522s ]
INFO: [ app_end ] --END-- [ RunTime:0.000571s ]

[ 2015-11-14T13:53:03+08:00 ] 211.66.89.101 /YouPan/index.php/Home/user/signin.html
INFO: [ app_init ] --START--
INFO: Run Behavior\BuildLiteBehavior [ RunTime:0.000021s ]
INFO: [ app_init ] --END-- [ RunTime:0.000360s ]
INFO: [ app_begin ] --START--
INFO: Run Behavior\ReadHtmlCacheBehavior [ RunTime:0.000705s ]
INFO: [ app_begin ] --END-- [ RunTime:0.000789s ]
INFO: [ view_parse ] --START--
INFO: [ template_filter ] --START--
INFO: Run Behavior\ContentReplaceBehavior [ RunTime:0.000096s ]
INFO: [ template_filter ] --END-- [ RunTime:0.000185s ]
INFO: Run Behavior\ParseTemplateBehavior [ RunTime:0.007224s ]
INFO: [ view_parse ] --END-- [ RunTime:0.007279s ]
INFO: [ view_filter ] --START--
INFO: Run Behavior\WriteHtmlCacheBehavior [ RunTime:0.000180s ]
INFO: [ view_filter ] --END-- [ RunTime:0.000240s ]
INFO: [ app_end ] --START--
INFO: Run Behavior\ShowPageTraceBehavior [ RunTime:0.000914s ]
INFO: [ app_end ] --END-- [ RunTime:0.000988s ]

[ 2015-11-14T13:53:05+08:00 ] 211.66.89.101 /YouPan/index.php/Home/User/doSignin.html
INFO: [ app_init ] --START--
INFO: Run Behavior\BuildLiteBehavior [ RunTime:0.000019s ]
INFO: [ app_init ] --END-- [ RunTime:0.000449s ]
INFO: [ app_begin ] --START--
INFO: Run Behavior\ReadHtmlCacheBehavior [ RunTime:0.000414s ]
INFO: [ app_begin ] --END-- [ RunTime:0.000467s ]
SQL: SHOW COLUMNS FROM `tbuser` [ RunTime:0.0009s ]
NOTIC: [8] Undefined index: validate /application/httpd/htdocs/YouPan/ThinkPHP/Library/Think/Model.class.php 第 1185 行.

[ 2015-11-14T13:53:28+08:00 ] 211.66.89.101 /YouPan/index.php/Home/User/doSignin.html
INFO: [ app_init ] --START--
INFO: Run Behavior\BuildLiteBehavior [ RunTime:0.000018s ]
INFO: [ app_init ] --END-- [ RunTime:0.000331s ]
INFO: [ app_begin ] --START--
INFO: Run Behavior\ReadHtmlCacheBehavior [ RunTime:0.000413s ]
INFO: [ app_begin ] --END-- [ RunTime:0.000462s ]
SQL: SHOW COLUMNS FROM `tbuser` [ RunTime:0.0008s ]
NOTIC: [8] Undefined index: validate /application/httpd/htdocs/YouPan/ThinkPHP/Library/Think/Model.class.php 第 1185 行.
SQL: SELECT `id`,`fdName`,`fdPassword`,`fdStatus` FROM `tbuser` WHERE `fdEmail` = '924714922@qq.com' LIMIT 1   [ RunTime:0.0002s ]

[ 2015-11-14T13:53:40+08:00 ] 211.66.89.101 /YouPan/index.php/Home/user/signup.html
INFO: [ app_init ] --START--
INFO: Run Behavior\BuildLiteBehavior [ RunTime:0.000018s ]
INFO: [ app_init ] --END-- [ RunTime:0.000354s ]
INFO: [ app_begin ] --START--
INFO: Run Behavior\ReadHtmlCacheBehavior [ RunTime:0.000433s ]
INFO: [ app_begin ] --END-- [ RunTime:0.000485s ]
INFO: [ view_parse ] --START--
INFO: [ template_filter ] --START--
INFO: Run Behavior\ContentReplaceBehavior [ RunTime:0.000077s ]
INFO: [ template_filter ] --END-- [ RunTime:0.000190s ]
INFO: Run Behavior\ParseTemplateBehavior [ RunTime:0.009219s ]
INFO: [ view_parse ] --END-- [ RunTime:0.009300s ]
INFO: [ view_filter ] --START--
INFO: Run Behavior\WriteHtmlCacheBehavior [ RunTime:0.000210s ]
INFO: [ view_filter ] --END-- [ RunTime:0.000287s ]
INFO: [ app_end ] --START--
INFO: Run Behavior\ShowPageTraceBehavior [ RunTime:0.000690s ]
INFO: [ app_end ] --END-- [ RunTime:0.000758s ]

[ 2015-11-14T13:53:55+08:00 ] 211.66.89.101 /YouPan/index.php/Home/User/doSignup.html
INFO: [ app_init ] --START--
INFO: Run Behavior\BuildLiteBehavior [ RunTime:0.000022s ]
INFO: [ app_init ] --END-- [ RunTime:0.000450s ]
INFO: [ app_begin ] --START--
INFO: Run Behavior\ReadHtmlCacheBehavior [ RunTime:0.000574s ]
INFO: [ app_begin ] --END-- [ RunTime:0.000643s ]
SQL: SHOW COLUMNS FROM `tbuser` [ RunTime:0.0009s ]
NOTIC: [8] Undefined index: validate /application/httpd/htdocs/YouPan/ThinkPHP/Library/Think/Model.class.php 第 1185 行.

[ 2015-11-14T13:54:04+08:00 ] 211.66.89.101 /YouPan/index.php/Home/User/doSignup.html
INFO: [ app_init ] --START--
INFO: Run Behavior\BuildLiteBehavior [ RunTime:0.000017s ]
INFO: [ app_init ] --END-- [ RunTime:0.000322s ]
INFO: [ app_begin ] --START--
INFO: Run Behavior\ReadHtmlCacheBehavior [ RunTime:0.000426s ]
INFO: [ app_begin ] --END-- [ RunTime:0.000480s ]
SQL: SHOW COLUMNS FROM `tbuser` [ RunTime:0.0007s ]
NOTIC: [8] Undefined index: validate /application/httpd/htdocs/YouPan/ThinkPHP/Library/Think/Model.class.php 第 1185 行.
NOTIC: [8] Undefined index: auto /application/httpd/htdocs/YouPan/ThinkPHP/Library/Think/Model.class.php 第 1128 行.
SQL: INSERT INTO `tbuser` (`fdEmail`,`fdPassword`,`fdCreate`,`fdUpdate`) VALUES ('924714955@qq.com','6dfa92ba4e094002441828e388a1690d','2015-11-14 13:54:04','2015-11-14 13:54:04') [ RunTime:0.0208s ]

[ 2015-11-14T13:54:04+08:00 ] 211.66.89.101 /YouPan/index.php/Home/User/signin.html
INFO: [ app_init ] --START--
INFO: Run Behavior\BuildLiteBehavior [ RunTime:0.000028s ]
INFO: [ app_init ] --END-- [ RunTime:0.000411s ]
INFO: [ app_begin ] --START--
INFO: Run Behavior\ReadHtmlCacheBehavior [ RunTime:0.000453s ]
INFO: [ app_begin ] --END-- [ RunTime:0.000507s ]
INFO: [ view_parse ] --START--
INFO: [ template_filter ] --START--
INFO: Run Behavior\ContentReplaceBehavior [ RunTime:0.000050s ]
INFO: [ template_filter ] --END-- [ RunTime:0.000103s ]
INFO: Run Behavior\ParseTemplateBehavior [ RunTime:0.006719s ]
INFO: [ view_parse ] --END-- [ RunTime:0.006768s ]
INFO: [ view_filter ] --START--
INFO: Run Behavior\WriteHtmlCacheBehavior [ RunTime:0.000128s ]
INFO: [ view_filter ] --END-- [ RunTime:0.000172s ]
INFO: [ app_end ] --START--
INFO: Run Behavior\ShowPageTraceBehavior [ RunTime:0.000605s ]
INFO: [ app_end ] --END-- [ RunTime:0.000661s ]

[ 2015-11-14T15:41:30+08:00 ] 183.136.139.17 /YouPan/index.php/Home/Disk/callback
INFO: [ app_init ] --START--
INFO: Run Behavior\BuildLiteBehavior [ RunTime:0.000015s ]
INFO: [ app_init ] --END-- [ RunTime:0.000322s ]
INFO: [ app_begin ] --START--
INFO: Run Behavior\ReadHtmlCacheBehavior [ RunTime:0.000433s ]
INFO: [ app_begin ] --END-- [ RunTime:0.000486s ]
SQL: SHOW COLUMNS FROM `tbfile` [ RunTime:0.0009s ]
ERR: 1146:Table 'youpan.tbmime_type' doesn't exist
 [ SQL语句 ] : SHOW COLUMNS FROM `tbmime_type`
ERR: 1146:Table 'youpan.tbmime_type' doesn't exist
 [ SQL语句 ] : SHOW COLUMNS FROM `tbmime_type`

[ 2015-11-14T15:48:05+08:00 ] 183.136.139.11 /YouPan/index.php/Home/Disk/callback
INFO: [ app_init ] --START--
INFO: Run Behavior\BuildLiteBehavior [ RunTime:0.000019s ]
INFO: [ app_init ] --END-- [ RunTime:0.000347s ]
INFO: [ app_begin ] --START--
INFO: Run Behavior\ReadHtmlCacheBehavior [ RunTime:0.000432s ]
INFO: [ app_begin ] --END-- [ RunTime:0.000488s ]
SQL: SHOW COLUMNS FROM `tbfile` [ RunTime:0.0008s ]
SQL: SHOW COLUMNS FROM `tbMimeType` [ RunTime:0.0007s ]
SQL: SELECT * FROM `tbMimeType` WHERE `fdName` = 'image/jpeg' LIMIT 1   [ RunTime:0.0407s ]
SQL: INSERT INTO `tbfile` (`fdName`,`fdSize`,`fdKey`,`fdUserID`,`fdCreate`,`fdUpdate`,`fdMimeTypeID`) VALUES ('Tulips.jpg','620888','FlTC8aHrbxLWgaXHB4QhpVAM7gKt','10110','2015-11-14 15:48:05','2015-11-14 15:48:05','133') [ RunTime:0.0068s ]

[ 2015-11-14T15:52:26+08:00 ] 183.136.139.11 /YouPan/index.php/Home/Disk/callback
INFO: [ app_init ] --START--
INFO: Run Behavior\BuildLiteBehavior [ RunTime:0.000015s ]
INFO: [ app_init ] --END-- [ RunTime:0.000312s ]
INFO: [ app_begin ] --START--
INFO: Run Behavior\ReadHtmlCacheBehavior [ RunTime:0.000413s ]
INFO: [ app_begin ] --END-- [ RunTime:0.000465s ]
SQL: SHOW COLUMNS FROM `tbfile` [ RunTime:0.0007s ]
SQL: SHOW COLUMNS FROM `tbMimeType` [ RunTime:0.0004s ]
SQL: SELECT * FROM `tbMimeType` WHERE `fdName` = 'image/jpeg' LIMIT 1   [ RunTime:0.0003s ]
SQL: INSERT INTO `tbfile` (`fdName`,`fdSize`,`fdKey`,`fdUserID`,`fdCreate`,`fdUpdate`,`fdMimeTypeID`) VALUES ('Jellyfish.jpg','775702','FjsVvoSv8gsyKpPAuaqmLiWtM7S0','10110','2015-11-14 15:52:25','2015-11-14 15:52:25','133') [ RunTime:0.0066s ]

[ 2015-11-14T15:53:32+08:00 ] 183.136.139.14 /YouPan/index.php/Home/Disk/callback
INFO: [ app_init ] --START--
INFO: Run Behavior\BuildLiteBehavior [ RunTime:0.000017s ]
INFO: [ app_init ] --END-- [ RunTime:0.000335s ]
INFO: [ app_begin ] --START--
INFO: Run Behavior\ReadHtmlCacheBehavior [ RunTime:0.000413s ]
INFO: [ app_begin ] --END-- [ RunTime:0.000468s ]
ERR: SQLSTATE[HY000] [2003] Can't connect to MySQL server on '127.0.0.1' (111)

[ 2015-11-14T15:53:46+08:00 ] 183.136.139.17 /YouPan/index.php/Home/Disk/callback
INFO: [ app_init ] --START--
INFO: Run Behavior\BuildLiteBehavior [ RunTime:0.000017s ]
INFO: [ app_init ] --END-- [ RunTime:0.000346s ]
INFO: [ app_begin ] --START--
INFO: Run Behavior\ReadHtmlCacheBehavior [ RunTime:0.000426s ]
INFO: [ app_begin ] --END-- [ RunTime:0.000486s ]
ERR: SQLSTATE[HY000] [2003] Can't connect to MySQL server on '127.0.0.1' (111)

[ 2015-11-14T15:54:16+08:00 ] 183.136.139.11 /YouPan/index.php/Home/Disk/callback
INFO: [ app_init ] --START--
INFO: Run Behavior\BuildLiteBehavior [ RunTime:0.000018s ]
INFO: [ app_init ] --END-- [ RunTime:0.000359s ]
INFO: [ app_begin ] --START--
INFO: Run Behavior\ReadHtmlCacheBehavior [ RunTime:0.000423s ]
INFO: [ app_begin ] --END-- [ RunTime:0.000478s ]
ERR: SQLSTATE[HY000] [2003] Can't connect to MySQL server on '127.0.0.1' (111)

[ 2015-11-14T15:56:21+08:00 ] 183.136.139.11 /YouPan/index.php/Home/Disk/callback
INFO: [ app_init ] --START--
INFO: Run Behavior\BuildLiteBehavior [ RunTime:0.000017s ]
INFO: [ app_init ] --END-- [ RunTime:0.000347s ]
INFO: [ app_begin ] --START--
INFO: Run Behavior\ReadHtmlCacheBehavior [ RunTime:0.000430s ]
INFO: [ app_begin ] --END-- [ RunTime:0.000485s ]
ERR: SQLSTATE[HY000] [2003] Can't connect to MySQL server on '127.0.0.1' (111)

[ 2015-11-14T15:56:49+08:00 ] 183.136.139.11 /YouPan/index.php/Home/Disk/callback
INFO: [ app_init ] --START--
INFO: Run Behavior\BuildLiteBehavior [ RunTime:0.000016s ]
INFO: [ app_init ] --END-- [ RunTime:0.000319s ]
INFO: [ app_begin ] --START--
INFO: Run Behavior\ReadHtmlCacheBehavior [ RunTime:0.000425s ]
INFO: [ app_begin ] --END-- [ RunTime:0.000479s ]
ERR: SQLSTATE[HY000] [2003] Can't connect to MySQL server on '127.0.0.1' (111)

[ 2015-11-14T16:00:41+08:00 ] 183.136.139.14 /YouPan/index.php/Home/Disk/callback
INFO: [ app_init ] --START--
INFO: Run Behavior\BuildLiteBehavior [ RunTime:0.000060s ]
INFO: [ app_init ] --END-- [ RunTime:0.000532s ]
INFO: [ app_begin ] --START--
INFO: Run Behavior\ReadHtmlCacheBehavior [ RunTime:0.000524s ]
INFO: [ app_begin ] --END-- [ RunTime:0.000580s ]
SQL: SHOW COLUMNS FROM `tbfile` [ RunTime:0.0013s ]
SQL: SHOW COLUMNS FROM `tbMimeType` [ RunTime:0.0008s ]
SQL: SELECT * FROM `tbMimeType` WHERE `fdName` = 'image/jpeg' LIMIT 1   [ RunTime:0.0004s ]
SQL: INSERT INTO `tbfile` (`fdName`,`fdSize`,`fdKey`,`fdUserID`,`fdCreate`,`fdUpdate`,`fdMimeTypeID`) VALUES ('Chrysanthemum.jpg','879394','FvX4rSaBmkcTGNJGMfpQVQNnEqh-','10110','2015-11-14 16:00:41','2015-11-14 16:00:41','133') [ RunTime:0.0078s ]

[ 2015-11-14T16:01:18+08:00 ] 183.136.139.19 /YouPan/index.php/Home/Disk/callback
INFO: [ app_init ] --START--
INFO: Run Behavior\BuildLiteBehavior [ RunTime:0.000021s ]
INFO: [ app_init ] --END-- [ RunTime:0.000328s ]
INFO: [ app_begin ] --START--
INFO: Run Behavior\ReadHtmlCacheBehavior [ RunTime:0.000465s ]
INFO: [ app_begin ] --END-- [ RunTime:0.000518s ]
SQL: SHOW COLUMNS FROM `tbfile` [ RunTime:0.0007s ]
SQL: SHOW COLUMNS FROM `tbMimeType` [ RunTime:0.0005s ]
SQL: SELECT * FROM `tbMimeType` WHERE `fdName` = 'image/jpeg' LIMIT 1   [ RunTime:0.0003s ]
SQL: INSERT INTO `tbfile` (`fdName`,`fdSize`,`fdKey`,`fdUserID`,`fdCreate`,`fdUpdate`,`fdMimeTypeID`) VALUES ('Desert.jpg','845941','FjBCDRqa-yvLYDNYElaa9ENaWc4X','10110','2015-11-14 16:01:18','2015-11-14 16:01:18','133') [ RunTime:0.0062s ]

[ 2015-11-14T16:01:30+08:00 ] 183.136.139.11 /YouPan/index.php/Home/Disk/callback
INFO: [ app_init ] --START--
INFO: Run Behavior\BuildLiteBehavior [ RunTime:0.000017s ]
INFO: [ app_init ] --END-- [ RunTime:0.000367s ]
INFO: [ app_begin ] --START--
INFO: Run Behavior\ReadHtmlCacheBehavior [ RunTime:0.000432s ]
INFO: [ app_begin ] --END-- [ RunTime:0.000485s ]
SQL: SHOW COLUMNS FROM `tbfile` [ RunTime:0.0007s ]
SQL: SHOW COLUMNS FROM `tbMimeType` [ RunTime:0.0004s ]
SQL: SELECT * FROM `tbMimeType` WHERE `fdName` = 'image/jpeg' LIMIT 1   [ RunTime:0.0003s ]
SQL: INSERT INTO `tbfile` (`fdName`,`fdSize`,`fdKey`,`fdUserID`,`fdCreate`,`fdUpdate`,`fdMimeTypeID`) VALUES ('Desert.jpg','845941','FjBCDRqa-yvLYDNYElaa9ENaWc4X','10110','2015-11-14 16:01:29','2015-11-14 16:01:29','133') [ RunTime:0.0070s ]

[ 2015-11-14T16:02:24+08:00 ] 183.136.139.19 /YouPan/index.php/Home/Disk/callback
INFO: [ app_init ] --START--
INFO: Run Behavior\BuildLiteBehavior [ RunTime:0.000017s ]
INFO: [ app_init ] --END-- [ RunTime:0.000351s ]
INFO: [ app_begin ] --START--
INFO: Run Behavior\ReadHtmlCacheBehavior [ RunTime:0.000395s ]
INFO: [ app_begin ] --END-- [ RunTime:0.000457s ]
SQL: SHOW COLUMNS FROM `tbfile` [ RunTime:0.0007s ]
SQL: SHOW COLUMNS FROM `tbMimeType` [ RunTime:0.0004s ]
SQL: SELECT * FROM `tbMimeType` WHERE `fdName` = 'image/jpeg' LIMIT 1   [ RunTime:0.0003s ]
SQL: INSERT INTO `tbfile` (`fdName`,`fdSize`,`fdKey`,`fdUserID`,`fdCreate`,`fdUpdate`,`fdMimeTypeID`) VALUES ('Jellyfish.jpg','775702','FjsVvoSv8gsyKpPAuaqmLiWtM7S0','10110','2015-11-14 16:02:24','2015-11-14 16:02:24','133') [ RunTime:0.0095s ]

[ 2015-11-14T16:02:39+08:00 ] 183.136.139.17 /YouPan/index.php/Home/Disk/callback
INFO: [ app_init ] --START--
INFO: Run Behavior\BuildLiteBehavior [ RunTime:0.000019s ]
INFO: [ app_init ] --END-- [ RunTime:0.000364s ]
INFO: [ app_begin ] --START--
INFO: Run Behavior\ReadHtmlCacheBehavior [ RunTime:0.000427s ]
INFO: [ app_begin ] --END-- [ RunTime:0.000480s ]
SQL: SHOW COLUMNS FROM `tbfile` [ RunTime:0.0007s ]
SQL: SHOW COLUMNS FROM `tbMimeType` [ RunTime:0.0004s ]
SQL: SELECT * FROM `tbMimeType` WHERE `fdName` = 'image/jpeg' LIMIT 1   [ RunTime:0.0003s ]
SQL: INSERT INTO `tbfile` (`fdName`,`fdSize`,`fdKey`,`fdUserID`,`fdCreate`,`fdUpdate`,`fdMimeTypeID`) VALUES ('Chrysanthemum.jpg','879394','FvX4rSaBmkcTGNJGMfpQVQNnEqh-','10110','2015-11-14 16:02:39','2015-11-14 16:02:39','133') [ RunTime:0.0058s ]

[ 2015-11-14T16:03:03+08:00 ] 183.136.139.17 /YouPan/index.php/Home/Disk/callback
INFO: [ app_init ] --START--
INFO: Run Behavior\BuildLiteBehavior [ RunTime:0.000016s ]
INFO: [ app_init ] --END-- [ RunTime:0.000343s ]
INFO: [ app_begin ] --START--
INFO: Run Behavior\ReadHtmlCacheBehavior [ RunTime:0.000393s ]
INFO: [ app_begin ] --END-- [ RunTime:0.000471s ]
SQL: SHOW COLUMNS FROM `tbfile` [ RunTime:0.0007s ]
SQL: SHOW COLUMNS FROM `tbMimeType` [ RunTime:0.0004s ]
SQL: SELECT * FROM `tbMimeType` WHERE `fdName` = 'image/jpeg' LIMIT 1   [ RunTime:0.0003s ]
SQL: INSERT INTO `tbfile` (`fdName`,`fdSize`,`fdKey`,`fdUserID`,`fdCreate`,`fdUpdate`,`fdMimeTypeID`) VALUES ('Hydrangeas.jpg','595284','FtmX4cN-3AWth9A2A-Mq1JXuLPzh','10110','2015-11-14 16:03:03','2015-11-14 16:03:03','133') [ RunTime:0.0098s ]

[ 2015-11-14T16:03:15+08:00 ] 183.136.139.19 /YouPan/index.php/Home/Disk/callback
INFO: [ app_init ] --START--
INFO: Run Behavior\BuildLiteBehavior [ RunTime:0.000016s ]
INFO: [ app_init ] --END-- [ RunTime:0.000327s ]
INFO: [ app_begin ] --START--
INFO: Run Behavior\ReadHtmlCacheBehavior [ RunTime:0.000416s ]
INFO: [ app_begin ] --END-- [ RunTime:0.000470s ]
SQL: SHOW COLUMNS FROM `tbfile` [ RunTime:0.0008s ]
SQL: SHOW COLUMNS FROM `tbMimeType` [ RunTime:0.0006s ]
SQL: SELECT * FROM `tbMimeType` WHERE `fdName` = 'image/jpeg' LIMIT 1   [ RunTime:0.0003s ]
SQL: INSERT INTO `tbfile` (`fdName`,`fdSize`,`fdKey`,`fdUserID`,`fdCreate`,`fdUpdate`,`fdMimeTypeID`) VALUES ('Desert.jpg','845941','FjBCDRqa-yvLYDNYElaa9ENaWc4X','10110','2015-11-14 16:03:15','2015-11-14 16:03:15','133') [ RunTime:0.0065s ]

[ 2015-11-14T16:04:58+08:00 ] 183.136.139.19 /YouPan/index.php/Home/Disk/callback
INFO: [ app_init ] --START--
INFO: Run Behavior\BuildLiteBehavior [ RunTime:0.000017s ]
INFO: [ app_init ] --END-- [ RunTime:0.000319s ]
INFO: [ app_begin ] --START--
INFO: Run Behavior\ReadHtmlCacheBehavior [ RunTime:0.000391s ]
INFO: [ app_begin ] --END-- [ RunTime:0.000445s ]
SQL: SHOW COLUMNS FROM `tbfile` [ RunTime:0.0007s ]
SQL: SHOW COLUMNS FROM `tbMimeType` [ RunTime:0.0004s ]
SQL: SELECT * FROM `tbMimeType` WHERE `fdName` = 'image/jpeg' LIMIT 1   [ RunTime:0.0003s ]
SQL: INSERT INTO `tbfile` (`fdName`,`fdSize`,`fdKey`,`fdUserID`,`fdCreate`,`fdUpdate`,`fdMimeTypeID`) VALUES ('Koala.jpg','780831','Fpw9yx-RhaMU6iXVGu07WIGzL0IM','10110','2015-11-14 16:04:58','2015-11-14 16:04:58','133') [ RunTime:0.0057s ]

[ 2015-11-14T16:05:24+08:00 ] 183.136.139.14 /YouPan/index.php/Home/Disk/callback
INFO: [ app_init ] --START--
INFO: Run Behavior\BuildLiteBehavior [ RunTime:0.000016s ]
INFO: [ app_init ] --END-- [ RunTime:0.000330s ]
INFO: [ app_begin ] --START--
INFO: Run Behavior\ReadHtmlCacheBehavior [ RunTime:0.000403s ]
INFO: [ app_begin ] --END-- [ RunTime:0.000457s ]
SQL: SHOW COLUMNS FROM `tbfile` [ RunTime:0.0007s ]
SQL: SHOW COLUMNS FROM `tbMimeType` [ RunTime:0.0004s ]
SQL: SELECT * FROM `tbMimeType` WHERE `fdName` = 'image/jpeg' LIMIT 1   [ RunTime:0.0003s ]
SQL: INSERT INTO `tbfile` (`fdName`,`fdSize`,`fdKey`,`fdUserID`,`fdCreate`,`fdUpdate`,`fdMimeTypeID`) VALUES ('Chrysanthemum.jpg','879394','FvX4rSaBmkcTGNJGMfpQVQNnEqh-','10110','2015-11-14 16:05:24','2015-11-14 16:05:24','133') [ RunTime:0.0071s ]

[ 2015-11-14T16:05:53+08:00 ] 183.136.139.11 /YouPan/index.php/Home/Disk/callback
INFO: [ app_init ] --START--
INFO: Run Behavior\BuildLiteBehavior [ RunTime:0.000042s ]
INFO: [ app_init ] --END-- [ RunTime:0.000357s ]
INFO: [ app_begin ] --START--
INFO: Run Behavior\ReadHtmlCacheBehavior [ RunTime:0.000407s ]
INFO: [ app_begin ] --END-- [ RunTime:0.000484s ]
SQL: SHOW COLUMNS FROM `tbfile` [ RunTime:0.0007s ]
SQL: SHOW COLUMNS FROM `tbMimeType` [ RunTime:0.0004s ]
SQL: SELECT * FROM `tbMimeType` WHERE `fdName` = 'image/jpeg' LIMIT 1   [ RunTime:0.0003s ]
SQL: INSERT INTO `tbfile` (`fdName`,`fdSize`,`fdKey`,`fdUserID`,`fdCreate`,`fdUpdate`,`fdMimeTypeID`) VALUES ('Hydrangeas.jpg','595284','FtmX4cN-3AWth9A2A-Mq1JXuLPzh','10110','2015-11-14 16:05:53','2015-11-14 16:05:53','133') [ RunTime:0.0070s ]

[ 2015-11-14T16:06:16+08:00 ] 183.136.139.19 /YouPan/index.php/Home/Disk/callback
INFO: [ app_init ] --START--
INFO: Run Behavior\BuildLiteBehavior [ RunTime:0.000016s ]
INFO: [ app_init ] --END-- [ RunTime:0.000316s ]
INFO: [ app_begin ] --START--
INFO: Run Behavior\ReadHtmlCacheBehavior [ RunTime:0.000395s ]
INFO: [ app_begin ] --END-- [ RunTime:0.000451s ]
SQL: SHOW COLUMNS FROM `tbfile` [ RunTime:0.0007s ]
SQL: SHOW COLUMNS FROM `tbMimeType` [ RunTime:0.0004s ]
SQL: SELECT * FROM `tbMimeType` WHERE `fdName` = 'image/jpeg' LIMIT 1   [ RunTime:0.0003s ]
SQL: INSERT INTO `tbfile` (`fdName`,`fdSize`,`fdKey`,`fdUserID`,`fdCreate`,`fdUpdate`,`fdMimeTypeID`) VALUES ('Desert.jpg','845941','FjBCDRqa-yvLYDNYElaa9ENaWc4X','10110','2015-11-14 16:06:16','2015-11-14 16:06:16','133') [ RunTime:0.0059s ]

[ 2015-11-14T16:07:22+08:00 ] 183.136.139.19 /YouPan/index.php/Home/Disk/callback
INFO: [ app_init ] --START--
INFO: Run Behavior\BuildLiteBehavior [ RunTime:0.000019s ]
INFO: [ app_init ] --END-- [ RunTime:0.000342s ]
INFO: [ app_begin ] --START--
INFO: Run Behavior\ReadHtmlCacheBehavior [ RunTime:0.000411s ]
INFO: [ app_begin ] --END-- [ RunTime:0.000467s ]
SQL: SHOW COLUMNS FROM `tbfile` [ RunTime:0.0007s ]
SQL: SHOW COLUMNS FROM `tbMimeType` [ RunTime:0.0004s ]
SQL: SELECT * FROM `tbMimeType` WHERE `fdName` = 'image/jpeg' LIMIT 1   [ RunTime:0.0003s ]
SQL: INSERT INTO `tbfile` (`fdName`,`fdSize`,`fdKey`,`fdUserID`,`fdCreate`,`fdUpdate`,`fdMimeTypeID`) VALUES ('Jellyfish.jpg','775702','FjsVvoSv8gsyKpPAuaqmLiWtM7S0','10110','2015-11-14 16:07:22','2015-11-14 16:07:22','133') [ RunTime:0.0063s ]

[ 2015-11-14T16:08:13+08:00 ] 183.136.139.11 /YouPan/index.php/Home/Disk/callback
INFO: [ app_init ] --START--
INFO: Run Behavior\BuildLiteBehavior [ RunTime:0.000019s ]
INFO: [ app_init ] --END-- [ RunTime:0.000473s ]
INFO: [ app_begin ] --START--
INFO: Run Behavior\ReadHtmlCacheBehavior [ RunTime:0.000423s ]
INFO: [ app_begin ] --END-- [ RunTime:0.000478s ]
SQL: SHOW COLUMNS FROM `tbfile` [ RunTime:0.0007s ]
SQL: SHOW COLUMNS FROM `tbMimeType` [ RunTime:0.0004s ]
SQL: SELECT * FROM `tbMimeType` WHERE `fdName` = 'application/vnd.ms-htmlhelp' LIMIT 1   [ RunTime:0.0003s ]
ERR: 1048:Column 'fdMimeTypeID' cannot be null
 [ SQL语句 ] : INSERT INTO `tbfile` (`fdName`,`fdSize`,`fdKey`,`fdUserID`,`fdCreate`,`fdUpdate`,`fdMimeTypeID`) VALUES ('XMLHTTP 手册.CHM','20840','Fgi429-rIO0Zpz69Xl4GVs21_ZcW','10110','2015-11-14 16:08:13','2015-11-14 16:08:13',NULL)
ERR: 1048:Column 'fdMimeTypeID' cannot be null
 [ SQL语句 ] : INSERT INTO `tbfile` (`fdName`,`fdSize`,`fdKey`,`fdUserID`,`fdCreate`,`fdUpdate`,`fdMimeTypeID`) VALUES ('XMLHTTP 手册.CHM','20840','Fgi429-rIO0Zpz69Xl4GVs21_ZcW','10110','2015-11-14 16:08:13','2015-11-14 16:08:13',NULL)

[ 2015-11-14T16:08:46+08:00 ] 183.136.139.19 /YouPan/index.php/Home/Disk/callback
INFO: [ app_init ] --START--
INFO: Run Behavior\BuildLiteBehavior [ RunTime:0.000017s ]
INFO: [ app_init ] --END-- [ RunTime:0.000352s ]
INFO: [ app_begin ] --START--
INFO: Run Behavior\ReadHtmlCacheBehavior [ RunTime:0.000393s ]
INFO: [ app_begin ] --END-- [ RunTime:0.000449s ]
SQL: SHOW COLUMNS FROM `tbfile` [ RunTime:0.0007s ]
SQL: SHOW COLUMNS FROM `tbMimeType` [ RunTime:0.0004s ]
SQL: SELECT * FROM `tbMimeType` WHERE `fdName` = 'application/x-httpd-php' LIMIT 1   [ RunTime:0.0003s ]
ERR: 1048:Column 'fdMimeTypeID' cannot be null
 [ SQL语句 ] : INSERT INTO `tbfile` (`fdName`,`fdSize`,`fdKey`,`fdUserID`,`fdCreate`,`fdUpdate`,`fdMimeTypeID`) VALUES ('index.php','418','FmjxSzurgXhi5Gy3_0vfqFBoAE55','10110','2015-11-14 16:08:46','2015-11-14 16:08:46',NULL)
ERR: 1048:Column 'fdMimeTypeID' cannot be null
 [ SQL语句 ] : INSERT INTO `tbfile` (`fdName`,`fdSize`,`fdKey`,`fdUserID`,`fdCreate`,`fdUpdate`,`fdMimeTypeID`) VALUES ('index.php','418','FmjxSzurgXhi5Gy3_0vfqFBoAE55','10110','2015-11-14 16:08:46','2015-11-14 16:08:46',NULL)

[ 2015-11-14T16:08:46+08:00 ] 183.136.139.11 /YouPan/index.php/Home/Disk/callback
INFO: [ app_init ] --START--
INFO: Run Behavior\BuildLiteBehavior [ RunTime:0.000018s ]
INFO: [ app_init ] --END-- [ RunTime:0.000382s ]
INFO: [ app_begin ] --START--
INFO: Run Behavior\ReadHtmlCacheBehavior [ RunTime:0.000542s ]
INFO: [ app_begin ] --END-- [ RunTime:0.000600s ]
SQL: SHOW COLUMNS FROM `tbfile` [ RunTime:0.0007s ]
SQL: SHOW COLUMNS FROM `tbMimeType` [ RunTime:0.0004s ]
SQL: SELECT * FROM `tbMimeType` WHERE `fdName` = 'text/plain' LIMIT 1   [ RunTime:0.0003s ]
SQL: INSERT INTO `tbfile` (`fdName`,`fdSize`,`fdKey`,`fdUserID`,`fdCreate`,`fdUpdate`,`fdMimeTypeID`) VALUES ('license.txt','19930','FjRi1MwKI6HsImtg4mKnqoIn3KZX','10110','2015-11-14 16:08:46','2015-11-14 16:08:46','160') [ RunTime:0.0111s ]

[ 2015-11-14T16:08:46+08:00 ] 183.136.139.14 /YouPan/index.php/Home/Disk/callback
INFO: [ app_init ] --START--
INFO: Run Behavior\BuildLiteBehavior [ RunTime:0.000016s ]
INFO: [ app_init ] --END-- [ RunTime:0.000339s ]
INFO: [ app_begin ] --START--
INFO: Run Behavior\ReadHtmlCacheBehavior [ RunTime:0.000391s ]
INFO: [ app_begin ] --END-- [ RunTime:0.000444s ]
SQL: SHOW COLUMNS FROM `tbfile` [ RunTime:0.0007s ]
SQL: SHOW COLUMNS FROM `tbMimeType` [ RunTime:0.0005s ]
SQL: SELECT * FROM `tbMimeType` WHERE `fdName` = 'text/html' LIMIT 1   [ RunTime:0.0003s ]
SQL: INSERT INTO `tbfile` (`fdName`,`fdSize`,`fdKey`,`fdUserID`,`fdCreate`,`fdUpdate`,`fdMimeTypeID`) VALUES ('readme.html','6575','FsIyUbTZ7isKYZIiB-PmTjhfjXlW','10110','2015-11-14 16:08:46','2015-11-14 16:08:46','156') [ RunTime:0.0063s ]

[ 2015-11-14T16:08:46+08:00 ] 183.136.139.19 /YouPan/index.php/Home/Disk/callback
INFO: [ app_init ] --START--
INFO: Run Behavior\BuildLiteBehavior [ RunTime:0.000019s ]
INFO: [ app_init ] --END-- [ RunTime:0.000371s ]
INFO: [ app_begin ] --START--
INFO: Run Behavior\ReadHtmlCacheBehavior [ RunTime:0.000406s ]
INFO: [ app_begin ] --END-- [ RunTime:0.000460s ]
SQL: SHOW COLUMNS FROM `tbfile` [ RunTime:0.0007s ]
SQL: SHOW COLUMNS FROM `tbMimeType` [ RunTime:0.0004s ]
SQL: SELECT * FROM `tbMimeType` WHERE `fdName` = 'application/x-httpd-php' LIMIT 1   [ RunTime:0.0003s ]
ERR: 1048:Column 'fdMimeTypeID' cannot be null
 [ SQL语句 ] : INSERT INTO `tbfile` (`fdName`,`fdSize`,`fdKey`,`fdUserID`,`fdCreate`,`fdUpdate`,`fdMimeTypeID`) VALUES ('wp-activate.php','4951','Fqqu1ipNlTRlFZf7bCbNNa7q_SGe','10110','2015-11-14 16:08:46','2015-11-14 16:08:46',NULL)
ERR: 1048:Column 'fdMimeTypeID' cannot be null
 [ SQL语句 ] : INSERT INTO `tbfile` (`fdName`,`fdSize`,`fdKey`,`fdUserID`,`fdCreate`,`fdUpdate`,`fdMimeTypeID`) VALUES ('wp-activate.php','4951','Fqqu1ipNlTRlFZf7bCbNNa7q_SGe','10110','2015-11-14 16:08:46','2015-11-14 16:08:46',NULL)

[ 2015-11-14T16:08:47+08:00 ] 183.136.139.14 /YouPan/index.php/Home/Disk/callback
INFO: [ app_init ] --START--
INFO: Run Behavior\BuildLiteBehavior [ RunTime:0.000018s ]
INFO: [ app_init ] --END-- [ RunTime:0.000353s ]
INFO: [ app_begin ] --START--
INFO: Run Behavior\ReadHtmlCacheBehavior [ RunTime:0.000420s ]
INFO: [ app_begin ] --END-- [ RunTime:0.000474s ]
SQL: SHOW COLUMNS FROM `tbfile` [ RunTime:0.0007s ]
SQL: SHOW COLUMNS FROM `tbMimeType` [ RunTime:0.0004s ]
SQL: SELECT * FROM `tbMimeType` WHERE `fdName` = 'application/x-httpd-php' LIMIT 1   [ RunTime:0.0003s ]
ERR: 1048:Column 'fdMimeTypeID' cannot be null
 [ SQL语句 ] : INSERT INTO `tbfile` (`fdName`,`fdSize`,`fdKey`,`fdUserID`,`fdCreate`,`fdUpdate`,`fdMimeTypeID`) VALUES ('wp-blog-header.php','271','FohSMpE40bYxZdcmCQ7ccX-6dwOa','10110','2015-11-14 16:08:47','2015-11-14 16:08:47',NULL)
ERR: 1048:Column 'fdMimeTypeID' cannot be null
 [ SQL语句 ] : INSERT INTO `tbfile` (`fdName`,`fdSize`,`fdKey`,`fdUserID`,`fdCreate`,`fdUpdate`,`fdMimeTypeID`) VALUES ('wp-blog-header.php','271','FohSMpE40bYxZdcmCQ7ccX-6dwOa','10110','2015-11-14 16:08:47','2015-11-14 16:08:47',NULL)

[ 2015-11-14T16:08:47+08:00 ] 183.136.139.14 /YouPan/index.php/Home/Disk/callback
INFO: [ app_init ] --START--
INFO: Run Behavior\BuildLiteBehavior [ RunTime:0.000015s ]
INFO: [ app_init ] --END-- [ RunTime:0.000344s ]
INFO: [ app_begin ] --START--
INFO: Run Behavior\ReadHtmlCacheBehavior [ RunTime:0.000461s ]
INFO: [ app_begin ] --END-- [ RunTime:0.000523s ]
SQL: SHOW COLUMNS FROM `tbfile` [ RunTime:0.0013s ]
SQL: SHOW COLUMNS FROM `tbMimeType` [ RunTime:0.0005s ]
SQL: SELECT * FROM `tbMimeType` WHERE `fdName` = 'application/x-httpd-php' LIMIT 1   [ RunTime:0.0003s ]
ERR: 1048:Column 'fdMimeTypeID' cannot be null
 [ SQL语句 ] : INSERT INTO `tbfile` (`fdName`,`fdSize`,`fdKey`,`fdUserID`,`fdCreate`,`fdUpdate`,`fdMimeTypeID`) VALUES ('wp-comments-post.php','5007','FhFahBOkGhRFK9XAsn7RR4u4y4KO','10110','2015-11-14 16:08:47','2015-11-14 16:08:47',NULL)
ERR: 1048:Column 'fdMimeTypeID' cannot be null
 [ SQL语句 ] : INSERT INTO `tbfile` (`fdName`,`fdSize`,`fdKey`,`fdUserID`,`fdCreate`,`fdUpdate`,`fdMimeTypeID`) VALUES ('wp-comments-post.php','5007','FhFahBOkGhRFK9XAsn7RR4u4y4KO','10110','2015-11-14 16:08:47','2015-11-14 16:08:47',NULL)

[ 2015-11-14T16:08:47+08:00 ] 183.136.139.11 /YouPan/index.php/Home/Disk/callback
INFO: [ app_init ] --START--
INFO: Run Behavior\BuildLiteBehavior [ RunTime:0.000016s ]
INFO: [ app_init ] --END-- [ RunTime:0.000313s ]
INFO: [ app_begin ] --START--
INFO: Run Behavior\ReadHtmlCacheBehavior [ RunTime:0.000392s ]
INFO: [ app_begin ] --END-- [ RunTime:0.000446s ]
SQL: SHOW COLUMNS FROM `tbfile` [ RunTime:0.0007s ]
SQL: SHOW COLUMNS FROM `tbMimeType` [ RunTime:0.0004s ]
SQL: SELECT * FROM `tbMimeType` WHERE `fdName` = 'application/x-httpd-php' LIMIT 1   [ RunTime:0.0004s ]
ERR: 1048:Column 'fdMimeTypeID' cannot be null
 [ SQL语句 ] : INSERT INTO `tbfile` (`fdName`,`fdSize`,`fdKey`,`fdUserID`,`fdCreate`,`fdUpdate`,`fdMimeTypeID`) VALUES ('wp-config.php','3204','FsTPovuQ57Q474GVRAXzY_Jdqp7G','10110','2015-11-14 16:08:47','2015-11-14 16:08:47',NULL)
ERR: 1048:Column 'fdMimeTypeID' cannot be null
 [ SQL语句 ] : INSERT INTO `tbfile` (`fdName`,`fdSize`,`fdKey`,`fdUserID`,`fdCreate`,`fdUpdate`,`fdMimeTypeID`) VALUES ('wp-config.php','3204','FsTPovuQ57Q474GVRAXzY_Jdqp7G','10110','2015-11-14 16:08:47','2015-11-14 16:08:47',NULL)

[ 2015-11-14T16:09:54+08:00 ] 183.136.139.17 /YouPan/index.php/Home/Disk/callback
INFO: [ app_init ] --START--
INFO: Run Behavior\BuildLiteBehavior [ RunTime:0.000016s ]
INFO: [ app_init ] --END-- [ RunTime:0.000314s ]
INFO: [ app_begin ] --START--
INFO: Run Behavior\ReadHtmlCacheBehavior [ RunTime:0.000437s ]
INFO: [ app_begin ] --END-- [ RunTime:0.000490s ]
SQL: SHOW COLUMNS FROM `tbfile` [ RunTime:0.0007s ]
SQL: SHOW COLUMNS FROM `tbMimeType` [ RunTime:0.0004s ]
SQL: SELECT * FROM `tbMimeType` WHERE `fdName` = 'application/x-httpd-php' LIMIT 1   [ RunTime:0.0003s ]
ERR: 1048:Column 'fdMimeTypeID' cannot be null
 [ SQL语句 ] : INSERT INTO `tbfile` (`fdName`,`fdSize`,`fdKey`,`fdUserID`,`fdCreate`,`fdUpdate`,`fdMimeTypeID`) VALUES ('index.php','418','FmjxSzurgXhi5Gy3_0vfqFBoAE55','10110','2015-11-14 16:09:54','2015-11-14 16:09:54',NULL)
ERR: 1048:Column 'fdMimeTypeID' cannot be null
 [ SQL语句 ] : INSERT INTO `tbfile` (`fdName`,`fdSize`,`fdKey`,`fdUserID`,`fdCreate`,`fdUpdate`,`fdMimeTypeID`) VALUES ('index.php','418','FmjxSzurgXhi5Gy3_0vfqFBoAE55','10110','2015-11-14 16:09:54','2015-11-14 16:09:54',NULL)

[ 2015-11-14T16:12:30+08:00 ] 183.136.139.14 /YouPan/index.php/Home/Disk/callback
INFO: [ app_init ] --START--
INFO: Run Behavior\BuildLiteBehavior [ RunTime:0.000021s ]
INFO: [ app_init ] --END-- [ RunTime:0.000354s ]
INFO: [ app_begin ] --START--
INFO: Run Behavior\ReadHtmlCacheBehavior [ RunTime:0.000451s ]
INFO: [ app_begin ] --END-- [ RunTime:0.000515s ]
SQL: SHOW COLUMNS FROM `tbfile` [ RunTime:0.0008s ]
SQL: SHOW COLUMNS FROM `tbMimeType` [ RunTime:0.0004s ]
SQL: SELECT * FROM `tbMimeType` WHERE `fdName` = 'application/x-httpd-php' LIMIT 1   [ RunTime:0.0003s ]
SQL: INSERT INTO `tbfile` (`fdName`,`fdSize`,`fdKey`,`fdUserID`,`fdCreate`,`fdUpdate`,`fdMimeTypeID`) VALUES ('wp-mail.php','8252','FoHh0Ws4JSmKK3o-QA4PF52xcWYn','10110','2015-11-14 16:12:30','2015-11-14 16:12:30','192') [ RunTime:0.0063s ]

[ 2015-11-14T16:12:42+08:00 ] 183.136.139.17 /YouPan/index.php/Home/Disk/callback
INFO: [ app_init ] --START--
INFO: Run Behavior\BuildLiteBehavior [ RunTime:0.000016s ]
INFO: [ app_init ] --END-- [ RunTime:0.000332s ]
INFO: [ app_begin ] --START--
INFO: Run Behavior\ReadHtmlCacheBehavior [ RunTime:0.000412s ]
INFO: [ app_begin ] --END-- [ RunTime:0.000466s ]
SQL: SHOW COLUMNS FROM `tbfile` [ RunTime:0.0006s ]
SQL: SHOW COLUMNS FROM `tbMimeType` [ RunTime:0.0004s ]
SQL: SELECT * FROM `tbMimeType` WHERE `fdName` = 'text/html' LIMIT 1   [ RunTime:0.0003s ]
SQL: INSERT INTO `tbfile` (`fdName`,`fdSize`,`fdKey`,`fdUserID`,`fdCreate`,`fdUpdate`,`fdMimeTypeID`) VALUES ('1.html','508','FuR1lrH8ZtlQ-AMcmUaREqGvSCuz','10110','2015-11-14 16:12:42','2015-11-14 16:12:42','156') [ RunTime:0.0067s ]

[ 2015-11-14T16:12:46+08:00 ] 183.136.139.11 /YouPan/index.php/Home/Disk/callback
INFO: [ app_init ] --START--
INFO: Run Behavior\BuildLiteBehavior [ RunTime:0.000019s ]
INFO: [ app_init ] --END-- [ RunTime:0.000352s ]
INFO: [ app_begin ] --START--
INFO: Run Behavior\ReadHtmlCacheBehavior [ RunTime:0.000402s ]
INFO: [ app_begin ] --END-- [ RunTime:0.000479s ]
SQL: SHOW COLUMNS FROM `tbfile` [ RunTime:0.0007s ]
SQL: SHOW COLUMNS FROM `tbMimeType` [ RunTime:0.0004s ]
SQL: SELECT * FROM `tbMimeType` WHERE `fdName` = 'image/x-icon' LIMIT 1   [ RunTime:0.0003s ]
SQL: INSERT INTO `tbfile` (`fdName`,`fdSize`,`fdKey`,`fdUserID`,`fdCreate`,`fdUpdate`,`fdMimeTypeID`) VALUES ('favicon.ico','202575','Fg37WC1K0ra5iidD4nim8XH2H7Yl','10110','2015-11-14 16:12:46','2015-11-14 16:12:46','142') [ RunTime:0.0072s ]

[ 2015-11-14T16:54:54+08:00 ] 110.64.213.10 /YouPan/index.php/Home/Disk
INFO: [ app_init ] --START--
INFO: Run Behavior\BuildLiteBehavior [ RunTime:0.000015s ]
INFO: [ app_init ] --END-- [ RunTime:0.000371s ]
INFO: [ app_begin ] --START--
INFO: Run Behavior\ReadHtmlCacheBehavior [ RunTime:0.000538s ]
INFO: [ app_begin ] --END-- [ RunTime:0.000607s ]
INFO: [ view_parse ] --START--
INFO: [ template_filter ] --START--
INFO: Run Behavior\ContentReplaceBehavior [ RunTime:0.000078s ]
INFO: [ template_filter ] --END-- [ RunTime:0.000161s ]
INFO: Run Behavior\ParseTemplateBehavior [ RunTime:0.008888s ]
INFO: [ view_parse ] --END-- [ RunTime:0.008955s ]
INFO: [ view_filter ] --START--
INFO: Run Behavior\WriteHtmlCacheBehavior [ RunTime:0.000160s ]
INFO: [ view_filter ] --END-- [ RunTime:0.000205s ]
INFO: [ app_end ] --START--
INFO: Run Behavior\ShowPageTraceBehavior [ RunTime:0.000497s ]
INFO: [ app_end ] --END-- [ RunTime:0.000566s ]

[ 2015-11-14T16:54:59+08:00 ] 183.136.139.17 /YouPan/index.php/Home/Disk/callback
INFO: [ app_init ] --START--
INFO: Run Behavior\BuildLiteBehavior [ RunTime:0.000017s ]
INFO: [ app_init ] --END-- [ RunTime:0.000352s ]
INFO: [ app_begin ] --START--
INFO: Run Behavior\ReadHtmlCacheBehavior [ RunTime:0.000690s ]
INFO: [ app_begin ] --END-- [ RunTime:0.000783s ]
SQL: SHOW COLUMNS FROM `tbfile` [ RunTime:0.0007s ]
SQL: SHOW COLUMNS FROM `tbMimeType` [ RunTime:0.0005s ]
NOTIC: [8] Undefined variable: body /application/httpd/htdocs/YouPan/Application/Home/Model/FileModel.class.php 第 24 行.
NOTIC: [8] Trying to get property of non-object /application/httpd/htdocs/YouPan/Application/Home/Model/FileModel.class.php 第 24 行.
SQL: SELECT * FROM `tbMimeType` WHERE `fdName` = null LIMIT 1   [ RunTime:0.0002s ]
ERR: 1048:Column 'fdMimeTypeID' cannot be null
 [ SQL语句 ] : INSERT INTO `tbfile` (`fdName`,`fdSize`,`fdKey`,`fdUserID`,`fdCreate`,`fdUpdate`,`fdMimeTypeID`) VALUES ('buffer.php','55','Fp4aSITJjMLi0oJWitZZDl0AOoPQ','10110','2015-11-14 16:54:59','2015-11-14 16:54:59',NULL)
ERR: 1048:Column 'fdMimeTypeID' cannot be null
 [ SQL语句 ] : INSERT INTO `tbfile` (`fdName`,`fdSize`,`fdKey`,`fdUserID`,`fdCreate`,`fdUpdate`,`fdMimeTypeID`) VALUES ('buffer.php','55','Fp4aSITJjMLi0oJWitZZDl0AOoPQ','10110','2015-11-14 16:54:59','2015-11-14 16:54:59',NULL)

[ 2015-11-14T16:55:02+08:00 ] 110.64.213.10 /YouPan/index.php/Home/Disk
INFO: [ app_init ] --START--
INFO: Run Behavior\BuildLiteBehavior [ RunTime:0.000020s ]
INFO: [ app_init ] --END-- [ RunTime:0.000342s ]
INFO: [ app_begin ] --START--
INFO: Run Behavior\ReadHtmlCacheBehavior [ RunTime:0.000423s ]
INFO: [ app_begin ] --END-- [ RunTime:0.000476s ]
INFO: [ view_parse ] --START--
INFO: [ template_filter ] --START--
INFO: Run Behavior\ContentReplaceBehavior [ RunTime:0.000090s ]
INFO: [ template_filter ] --END-- [ RunTime:0.000200s ]
INFO: Run Behavior\ParseTemplateBehavior [ RunTime:0.008823s ]
INFO: [ view_parse ] --END-- [ RunTime:0.008890s ]
INFO: [ view_filter ] --START--
INFO: Run Behavior\WriteHtmlCacheBehavior [ RunTime:0.000206s ]
INFO: [ view_filter ] --END-- [ RunTime:0.000274s ]
INFO: [ app_end ] --START--
INFO: Run Behavior\ShowPageTraceBehavior [ RunTime:0.000835s ]
INFO: [ app_end ] --END-- [ RunTime:0.000943s ]

[ 2015-11-14T16:55:13+08:00 ] 183.136.139.19 /YouPan/index.php/Home/Disk/callback
INFO: [ app_init ] --START--
INFO: Run Behavior\BuildLiteBehavior [ RunTime:0.000017s ]
INFO: [ app_init ] --END-- [ RunTime:0.000357s ]
INFO: [ app_begin ] --START--
INFO: Run Behavior\ReadHtmlCacheBehavior [ RunTime:0.000466s ]
INFO: [ app_begin ] --END-- [ RunTime:0.000520s ]
SQL: SHOW COLUMNS FROM `tbfile` [ RunTime:0.0007s ]
SQL: SHOW COLUMNS FROM `tbMimeType` [ RunTime:0.0004s ]
NOTIC: [8] Undefined variable: body /application/httpd/htdocs/YouPan/Application/Home/Model/FileModel.class.php 第 24 行.
NOTIC: [8] Trying to get property of non-object /application/httpd/htdocs/YouPan/Application/Home/Model/FileModel.class.php 第 24 行.
SQL: SELECT * FROM `tbMimeType` WHERE `fdName` = null LIMIT 1   [ RunTime:0.0002s ]
ERR: 1048:Column 'fdMimeTypeID' cannot be null
 [ SQL语句 ] : INSERT INTO `tbfile` (`fdName`,`fdSize`,`fdKey`,`fdUserID`,`fdCreate`,`fdUpdate`,`fdMimeTypeID`) VALUES ('微信截图_20151114100444.png','13535','FmeSmGaA6T_xO1idMn8EEc7MqR7Z','10110','2015-11-14 16:55:13','2015-11-14 16:55:13',NULL)
ERR: 1048:Column 'fdMimeTypeID' cannot be null
 [ SQL语句 ] : INSERT INTO `tbfile` (`fdName`,`fdSize`,`fdKey`,`fdUserID`,`fdCreate`,`fdUpdate`,`fdMimeTypeID`) VALUES ('微信截图_20151114100444.png','13535','FmeSmGaA6T_xO1idMn8EEc7MqR7Z','10110','2015-11-14 16:55:13','2015-11-14 16:55:13',NULL)

[ 2015-11-14T16:56:16+08:00 ] 110.64.213.10 /YouPan/index.php/Home/Disk
INFO: [ app_init ] --START--
INFO: Run Behavior\BuildLiteBehavior [ RunTime:0.000020s ]
INFO: [ app_init ] --END-- [ RunTime:0.000332s ]
INFO: [ app_begin ] --START--
INFO: Run Behavior\ReadHtmlCacheBehavior [ RunTime:0.000428s ]
INFO: [ app_begin ] --END-- [ RunTime:0.000481s ]
INFO: [ view_parse ] --START--
INFO: [ template_filter ] --START--
INFO: Run Behavior\ContentReplaceBehavior [ RunTime:0.000066s ]
INFO: [ template_filter ] --END-- [ RunTime:0.000146s ]
INFO: Run Behavior\ParseTemplateBehavior [ RunTime:0.008431s ]
INFO: [ view_parse ] --END-- [ RunTime:0.008482s ]
INFO: [ view_filter ] --START--
INFO: Run Behavior\WriteHtmlCacheBehavior [ RunTime:0.000208s ]
INFO: [ view_filter ] --END-- [ RunTime:0.000253s ]
INFO: [ app_end ] --START--
INFO: Run Behavior\ShowPageTraceBehavior [ RunTime:0.000487s ]
INFO: [ app_end ] --END-- [ RunTime:0.000551s ]

[ 2015-11-14T16:56:28+08:00 ] 183.136.139.19 /YouPan/index.php/Home/Disk/callback
INFO: [ app_init ] --START--
INFO: Run Behavior\BuildLiteBehavior [ RunTime:0.000022s ]
INFO: [ app_init ] --END-- [ RunTime:0.000391s ]
INFO: [ app_begin ] --START--
INFO: Run Behavior\ReadHtmlCacheBehavior [ RunTime:0.000447s ]
INFO: [ app_begin ] --END-- [ RunTime:0.000501s ]
SQL: SHOW COLUMNS FROM `tbfile` [ RunTime:0.0008s ]
SQL: SHOW COLUMNS FROM `tbMimeType` [ RunTime:0.0004s ]
NOTIC: [8] Undefined variable: body /application/httpd/htdocs/YouPan/Application/Home/Model/FileModel.class.php 第 24 行.
SQL: SELECT * FROM `tbMimeType` WHERE `fdName` = null LIMIT 1   [ RunTime:0.0002s ]
ERR: 1048:Column 'fdMimeTypeID' cannot be null
 [ SQL语句 ] : INSERT INTO `tbfile` (`fdName`,`fdSize`,`fdKey`,`fdUserID`,`fdCreate`,`fdUpdate`,`fdMimeTypeID`) VALUES ('Desert.jpg','845941','FjBCDRqa-yvLYDNYElaa9ENaWc4X','10110','2015-11-14 16:56:28','2015-11-14 16:56:28',NULL)
ERR: 1048:Column 'fdMimeTypeID' cannot be null
 [ SQL语句 ] : INSERT INTO `tbfile` (`fdName`,`fdSize`,`fdKey`,`fdUserID`,`fdCreate`,`fdUpdate`,`fdMimeTypeID`) VALUES ('Desert.jpg','845941','FjBCDRqa-yvLYDNYElaa9ENaWc4X','10110','2015-11-14 16:56:28','2015-11-14 16:56:28',NULL)

[ 2015-11-14T16:57:40+08:00 ] 110.64.213.10 /YouPan/index.php/Home/Disk
INFO: [ app_init ] --START--
INFO: Run Behavior\BuildLiteBehavior [ RunTime:0.000018s ]
INFO: [ app_init ] --END-- [ RunTime:0.000330s ]
INFO: [ app_begin ] --START--
INFO: Run Behavior\ReadHtmlCacheBehavior [ RunTime:0.000399s ]
INFO: [ app_begin ] --END-- [ RunTime:0.000452s ]
INFO: [ view_parse ] --START--
INFO: [ template_filter ] --START--
INFO: Run Behavior\ContentReplaceBehavior [ RunTime:0.000077s ]
INFO: [ template_filter ] --END-- [ RunTime:0.000132s ]
INFO: Run Behavior\ParseTemplateBehavior [ RunTime:0.007834s ]
INFO: [ view_parse ] --END-- [ RunTime:0.007883s ]
INFO: [ view_filter ] --START--
INFO: Run Behavior\WriteHtmlCacheBehavior [ RunTime:0.000131s ]
INFO: [ view_filter ] --END-- [ RunTime:0.000175s ]
INFO: [ app_end ] --START--
INFO: Run Behavior\ShowPageTraceBehavior [ RunTime:0.000422s ]
INFO: [ app_end ] --END-- [ RunTime:0.000483s ]

[ 2015-11-14T16:57:46+08:00 ] 183.136.139.19 /YouPan/index.php/Home/Disk/callback
INFO: [ app_init ] --START--
INFO: Run Behavior\BuildLiteBehavior [ RunTime:0.000019s ]
INFO: [ app_init ] --END-- [ RunTime:0.000352s ]
INFO: [ app_begin ] --START--
INFO: Run Behavior\ReadHtmlCacheBehavior [ RunTime:0.000639s ]
INFO: [ app_begin ] --END-- [ RunTime:0.000693s ]
SQL: SHOW COLUMNS FROM `tbfile` [ RunTime:0.0007s ]
SQL: SHOW COLUMNS FROM `tbMimeType` [ RunTime:0.0004s ]
SQL: SELECT * FROM `tbMimeType` WHERE `fdName` = 'image/jpeg' LIMIT 1   [ RunTime:0.0003s ]
SQL: INSERT INTO `tbfile` (`fdName`,`fdSize`,`fdKey`,`fdUserID`,`fdCreate`,`fdUpdate`,`fdMimeTypeID`) VALUES ('Desert.jpg','845941','FjBCDRqa-yvLYDNYElaa9ENaWc4X','10110','2015-11-14 16:57:46','2015-11-14 16:57:46','133') [ RunTime:0.0066s ]

[ 2015-11-14T17:23:36+08:00 ] 183.136.139.19 /YouPan/index.php/Home/Disk/callback
INFO: [ app_init ] --START--
INFO: Run Behavior\BuildLiteBehavior [ RunTime:0.000018s ]
INFO: [ app_init ] --END-- [ RunTime:0.000343s ]
INFO: [ app_begin ] --START--
INFO: Run Behavior\ReadHtmlCacheBehavior [ RunTime:0.000440s ]
INFO: [ app_begin ] --END-- [ RunTime:0.000494s ]

[ 2015-11-14T17:26:19+08:00 ] 183.136.139.17 /YouPan/index.php/Home/Disk/callback
INFO: [ app_init ] --START--
INFO: Run Behavior\BuildLiteBehavior [ RunTime:0.000018s ]
INFO: [ app_init ] --END-- [ RunTime:0.000343s ]
INFO: [ app_begin ] --START--
INFO: Run Behavior\ReadHtmlCacheBehavior [ RunTime:0.000416s ]
INFO: [ app_begin ] --END-- [ RunTime:0.000473s ]

[ 2015-11-14T17:27:35+08:00 ] 183.136.139.19 /YouPan/index.php/Home/Disk/callback
INFO: [ app_init ] --START--
INFO: Run Behavior\BuildLiteBehavior [ RunTime:0.000020s ]
INFO: [ app_init ] --END-- [ RunTime:0.000353s ]
INFO: [ app_begin ] --START--
INFO: Run Behavior\ReadHtmlCacheBehavior [ RunTime:0.000699s ]
INFO: [ app_begin ] --END-- [ RunTime:0.000822s ]

[ 2015-11-14T17:28:50+08:00 ] 183.136.139.19 /YouPan/index.php/Home/Disk/callback
INFO: [ app_init ] --START--
INFO: Run Behavior\BuildLiteBehavior [ RunTime:0.000016s ]
INFO: [ app_init ] --END-- [ RunTime:0.000321s ]
INFO: [ app_begin ] --START--
INFO: Run Behavior\ReadHtmlCacheBehavior [ RunTime:0.000423s ]
INFO: [ app_begin ] --END-- [ RunTime:0.000476s ]

[ 2015-11-14T17:29:39+08:00 ] 183.136.139.14 /YouPan/index.php/Home/Disk/callback
INFO: [ app_init ] --START--
INFO: Run Behavior\BuildLiteBehavior [ RunTime:0.000018s ]
INFO: [ app_init ] --END-- [ RunTime:0.000436s ]
INFO: [ app_begin ] --START--
INFO: Run Behavior\ReadHtmlCacheBehavior [ RunTime:0.000466s ]
INFO: [ app_begin ] --END-- [ RunTime:0.000528s ]

[ 2015-11-14T17:30:23+08:00 ] 183.136.139.17 /YouPan/index.php/Home/Disk/callback
INFO: [ app_init ] --START--
INFO: Run Behavior\BuildLiteBehavior [ RunTime:0.000016s ]
INFO: [ app_init ] --END-- [ RunTime:0.000381s ]
INFO: [ app_begin ] --START--
INFO: Run Behavior\ReadHtmlCacheBehavior [ RunTime:0.000424s ]
INFO: [ app_begin ] --END-- [ RunTime:0.000477s ]

[ 2015-11-14T23:06:30+08:00 ] 183.136.139.11 /YouPan/index.php/Home/Disk/callback
INFO: [ app_init ] --START--
INFO: Run Behavior\BuildLiteBehavior [ RunTime:0.000017s ]
INFO: [ app_init ] --END-- [ RunTime:0.000347s ]
INFO: [ app_begin ] --START--
INFO: Run Behavior\ReadHtmlCacheBehavior [ RunTime:0.000400s ]
INFO: [ app_begin ] --END-- [ RunTime:0.000464s ]

[ 2015-11-14T23:12:11+08:00 ] 183.136.139.11 /YouPan/index.php/Home/Disk/callback
INFO: [ app_init ] --START--
INFO: Run Behavior\BuildLiteBehavior [ RunTime:0.000017s ]
INFO: [ app_init ] --END-- [ RunTime:0.000317s ]
INFO: [ app_begin ] --START--
INFO: Run Behavior\ReadHtmlCacheBehavior [ RunTime:0.000520s ]
INFO: [ app_begin ] --END-- [ RunTime:0.000574s ]

[ 2015-11-14T23:18:03+08:00 ] 183.136.139.19 /YouPan/index.php/Home/Disk/callback
INFO: [ app_init ] --START--
INFO: Run Behavior\BuildLiteBehavior [ RunTime:0.000021s ]
INFO: [ app_init ] --END-- [ RunTime:0.000390s ]
INFO: [ app_begin ] --START--
INFO: Run Behavior\ReadHtmlCacheBehavior [ RunTime:0.000434s ]
INFO: [ app_begin ] --END-- [ RunTime:0.000491s ]

[ 2015-11-14T23:19:03+08:00 ] 183.136.139.17 /YouPan/index.php/Home/Disk/callback
INFO: [ app_init ] --START--
INFO: Run Behavior\BuildLiteBehavior [ RunTime:0.000015s ]
INFO: [ app_init ] --END-- [ RunTime:0.000316s ]
INFO: [ app_begin ] --START--
INFO: Run Behavior\ReadHtmlCacheBehavior [ RunTime:0.000460s ]
INFO: [ app_begin ] --END-- [ RunTime:0.000514s ]

[ 2015-11-14T23:19:40+08:00 ] 183.136.139.11 /YouPan/index.php/Home/Disk/callback
INFO: [ app_init ] --START--
INFO: Run Behavior\BuildLiteBehavior [ RunTime:0.000023s ]
INFO: [ app_init ] --END-- [ RunTime:0.000385s ]
INFO: [ app_begin ] --START--
INFO: Run Behavior\ReadHtmlCacheBehavior [ RunTime:0.000422s ]
INFO: [ app_begin ] --END-- [ RunTime:0.000570s ]

[ 2015-11-14T23:20:51+08:00 ] 183.136.139.14 /YouPan/index.php/Home/Disk/callback
INFO: [ app_init ] --START--
INFO: Run Behavior\BuildLiteBehavior [ RunTime:0.000025s ]
INFO: [ app_init ] --END-- [ RunTime:0.000503s ]
INFO: [ app_begin ] --START--
INFO: Run Behavior\ReadHtmlCacheBehavior [ RunTime:0.000617s ]
INFO: [ app_begin ] --END-- [ RunTime:0.000705s ]

[ 2015-11-14T23:26:18+08:00 ] 183.136.139.19 /YouPan/index.php/Home/Disk/callback
INFO: [ app_init ] --START--
INFO: Run Behavior\BuildLiteBehavior [ RunTime:0.000015s ]
INFO: [ app_init ] --END-- [ RunTime:0.000317s ]
INFO: [ app_begin ] --START--
INFO: Run Behavior\ReadHtmlCacheBehavior [ RunTime:0.000390s ]
INFO: [ app_begin ] --END-- [ RunTime:0.000443s ]

[ 2015-11-14T23:26:30+08:00 ] 211.66.89.98 /YouPan/index.php/Home/Disk/callback
INFO: [ app_init ] --START--
INFO: Run Behavior\BuildLiteBehavior [ RunTime:0.000025s ]
INFO: [ app_init ] --END-- [ RunTime:0.000386s ]
INFO: [ app_begin ] --START--
INFO: Run Behavior\ReadHtmlCacheBehavior [ RunTime:0.000403s ]
INFO: [ app_begin ] --END-- [ RunTime:0.000460s ]

[ 2015-11-14T23:27:05+08:00 ] 211.66.89.98 /YouPan/index.php/Home/Disk/callback
INFO: [ app_init ] --START--
INFO: Run Behavior\BuildLiteBehavior [ RunTime:0.000020s ]
INFO: [ app_init ] --END-- [ RunTime:0.000344s ]
INFO: [ app_begin ] --START--
INFO: Run Behavior\ReadHtmlCacheBehavior [ RunTime:0.000426s ]
INFO: [ app_begin ] --END-- [ RunTime:0.000478s ]

[ 2015-11-14T23:35:12+08:00 ] 183.136.139.17 /YouPan/index.php/Home/Disk/callback
INFO: [ app_init ] --START--
INFO: Run Behavior\BuildLiteBehavior [ RunTime:0.000022s ]
INFO: [ app_init ] --END-- [ RunTime:0.000460s ]
INFO: [ app_begin ] --START--
INFO: Run Behavior\ReadHtmlCacheBehavior [ RunTime:0.000434s ]
INFO: [ app_begin ] --END-- [ RunTime:0.000488s ]
SQL: SHOW COLUMNS FROM `tbfile` [ RunTime:0.0007s ]
ERR: Think\Model:checkFileRepeat方法不存在！

[ 2015-11-14T23:35:20+08:00 ] 211.66.89.98 /YouPan/index.php/Home/Disk/callback
INFO: [ app_init ] --START--
INFO: Run Behavior\BuildLiteBehavior [ RunTime:0.000017s ]
INFO: [ app_init ] --END-- [ RunTime:0.000386s ]
INFO: [ app_begin ] --START--
INFO: Run Behavior\ReadHtmlCacheBehavior [ RunTime:0.000462s ]
INFO: [ app_begin ] --END-- [ RunTime:0.000527s ]

[ 2015-11-14T23:36:29+08:00 ] 183.136.139.14 /YouPan/index.php/Home/Disk/callback
INFO: [ app_init ] --START--
INFO: Run Behavior\BuildLiteBehavior [ RunTime:0.000016s ]
INFO: [ app_init ] --END-- [ RunTime:0.000328s ]
INFO: [ app_begin ] --START--
INFO: Run Behavior\ReadHtmlCacheBehavior [ RunTime:0.000393s ]
INFO: [ app_begin ] --END-- [ RunTime:0.000447s ]
SQL: SHOW COLUMNS FROM `tbfile` [ RunTime:0.0008s ]
SQL: SELECT * FROM `tbfile` WHERE `fdKey` = 'FhMMteiMWBjDaCR8S5JfGq4YRomd' LIMIT 1   [ RunTime:0.0004s ]
SQL: SHOW COLUMNS FROM `tbMimeType` [ RunTime:0.0005s ]
SQL: SELECT * FROM `tbMimeType` WHERE `fdName` = 'application/x-sql' LIMIT 1   [ RunTime:0.0002s ]
ERR: 1048:Column 'fdMimeTypeID' cannot be null
 [ SQL语句 ] : INSERT INTO `tbfile` (`fdName`,`fdSize`,`fdKey`,`fdUserID`,`fdCreate`,`fdUpdate`,`fdMimeTypeID`) VALUES ('v_show.sql','33553','FhMMteiMWBjDaCR8S5JfGq4YRomd','10110','2015-11-14 23:36:29','2015-11-14 23:36:29',NULL)
ERR: 1048:Column 'fdMimeTypeID' cannot be null
 [ SQL语句 ] : INSERT INTO `tbfile` (`fdName`,`fdSize`,`fdKey`,`fdUserID`,`fdCreate`,`fdUpdate`,`fdMimeTypeID`) VALUES ('v_show.sql','33553','FhMMteiMWBjDaCR8S5JfGq4YRomd','10110','2015-11-14 23:36:29','2015-11-14 23:36:29',NULL)

[ 2015-11-14T23:38:14+08:00 ] 183.136.139.14 /YouPan/index.php/Home/Disk/callback
INFO: [ app_init ] --START--
INFO: Run Behavior\BuildLiteBehavior [ RunTime:0.000025s ]
INFO: [ app_init ] --END-- [ RunTime:0.000346s ]
INFO: [ app_begin ] --START--
INFO: Run Behavior\ReadHtmlCacheBehavior [ RunTime:0.000399s ]
INFO: [ app_begin ] --END-- [ RunTime:0.000462s ]
SQL: SHOW COLUMNS FROM `tbfile` [ RunTime:0.0007s ]
SQL: SELECT * FROM `tbfile` WHERE `fdKey` = 'FhMMteiMWBjDaCR8S5JfGq4YRomd' LIMIT 1   [ RunTime:0.0002s ]
SQL: SHOW COLUMNS FROM `tbMimeType` [ RunTime:0.0004s ]
SQL: SELECT * FROM `tbMimeType` WHERE `fdName` = 'application/x-sql' LIMIT 1   [ RunTime:0.0002s ]
SQL: INSERT INTO `tbfile` (`fdName`,`fdSize`,`fdKey`,`fdUserID`,`fdCreate`,`fdUpdate`,`fdMimeTypeID`) VALUES ('v_show.sql','33553','FhMMteiMWBjDaCR8S5JfGq4YRomd','10110','2015-11-14 23:38:14','2015-11-14 23:38:14','193') [ RunTime:0.0163s ]

[ 2015-11-14T23:38:34+08:00 ] 183.136.139.17 /YouPan/index.php/Home/Disk/callback
INFO: [ app_init ] --START--
INFO: Run Behavior\BuildLiteBehavior [ RunTime:0.000018s ]
INFO: [ app_init ] --END-- [ RunTime:0.000353s ]
INFO: [ app_begin ] --START--
INFO: Run Behavior\ReadHtmlCacheBehavior [ RunTime:0.000403s ]
INFO: [ app_begin ] --END-- [ RunTime:0.000457s ]
SQL: SHOW COLUMNS FROM `tbfile` [ RunTime:0.0007s ]
SQL: SELECT * FROM `tbfile` WHERE `fdKey` = 'FmeSmGaA6T_xO1idMn8EEc7MqR7Z' LIMIT 1   [ RunTime:0.0002s ]
SQL: SHOW COLUMNS FROM `tbMimeType` [ RunTime:0.0004s ]
SQL: SELECT * FROM `tbMimeType` WHERE `fdName` = 'image/png' LIMIT 1   [ RunTime:0.0002s ]
ERR: 1048:Column 'fdMimeTypeID' cannot be null
 [ SQL语句 ] : INSERT INTO `tbfile` (`fdName`,`fdSize`,`fdKey`,`fdUserID`,`fdCreate`,`fdUpdate`,`fdMimeTypeID`) VALUES ('微信截图_20151114100444.png','13535','FmeSmGaA6T_xO1idMn8EEc7MqR7Z','10110','2015-11-14 23:38:34','2015-11-14 23:38:34',NULL)
ERR: 1048:Column 'fdMimeTypeID' cannot be null
 [ SQL语句 ] : INSERT INTO `tbfile` (`fdName`,`fdSize`,`fdKey`,`fdUserID`,`fdCreate`,`fdUpdate`,`fdMimeTypeID`) VALUES ('微信截图_20151114100444.png','13535','FmeSmGaA6T_xO1idMn8EEc7MqR7Z','10110','2015-11-14 23:38:34','2015-11-14 23:38:34',NULL)

[ 2015-11-14T23:39:00+08:00 ] 183.136.139.17 /YouPan/index.php/Home/Disk/callback
INFO: [ app_init ] --START--
INFO: Run Behavior\BuildLiteBehavior [ RunTime:0.000017s ]
INFO: [ app_init ] --END-- [ RunTime:0.000350s ]
INFO: [ app_begin ] --START--
INFO: Run Behavior\ReadHtmlCacheBehavior [ RunTime:0.000418s ]
INFO: [ app_begin ] --END-- [ RunTime:0.000471s ]
SQL: SHOW COLUMNS FROM `tbfile` [ RunTime:0.0007s ]
SQL: SELECT * FROM `tbfile` WHERE `fdKey` = 'FhMMteiMWBjDaCR8S5JfGq4YRomd' LIMIT 1   [ RunTime:0.0003s ]

[ 2015-11-14T23:40:53+08:00 ] 183.136.139.19 /YouPan/index.php/Home/Disk/callback
INFO: [ app_init ] --START--
INFO: Run Behavior\BuildLiteBehavior [ RunTime:0.000017s ]
INFO: [ app_init ] --END-- [ RunTime:0.000321s ]
INFO: [ app_begin ] --START--
INFO: Run Behavior\ReadHtmlCacheBehavior [ RunTime:0.000391s ]
INFO: [ app_begin ] --END-- [ RunTime:0.000445s ]
SQL: SHOW COLUMNS FROM `tbfile` [ RunTime:0.0007s ]
SQL: SELECT * FROM `tbfile` WHERE `fdKey` = 'FvX4rSaBmkcTGNJGMfpQVQNnEqh-' LIMIT 1   [ RunTime:0.0002s ]
SQL: SHOW COLUMNS FROM `tbMimeType` [ RunTime:0.0004s ]
SQL: SELECT * FROM `tbMimeType` WHERE `fdName` = 'image/jpeg' LIMIT 1   [ RunTime:0.0003s ]
SQL: INSERT INTO `tbfile` (`fdName`,`fdSize`,`fdKey`,`fdUserID`,`fdCreate`,`fdUpdate`,`fdMimeTypeID`) VALUES ('Chrysanthemum.jpg','879394','FvX4rSaBmkcTGNJGMfpQVQNnEqh-','10110','2015-11-14 23:40:53','2015-11-14 23:40:53','133') [ RunTime:0.0082s ]

[ 2015-11-14T23:41:22+08:00 ] 183.136.139.19 /YouPan/index.php/Home/Disk/callback
INFO: [ app_init ] --START--
INFO: Run Behavior\BuildLiteBehavior [ RunTime:0.000023s ]
INFO: [ app_init ] --END-- [ RunTime:0.000388s ]
INFO: [ app_begin ] --START--
INFO: Run Behavior\ReadHtmlCacheBehavior [ RunTime:0.000433s ]
INFO: [ app_begin ] --END-- [ RunTime:0.000488s ]
SQL: SHOW COLUMNS FROM `tbfile` [ RunTime:0.0007s ]
SQL: SELECT * FROM `tbfile` WHERE `fdKey` = 'FjBCDRqa-yvLYDNYElaa9ENaWc4X' LIMIT 1   [ RunTime:0.0003s ]

[ 2015-11-14T23:41:45+08:00 ] 183.136.139.19 /YouPan/index.php/Home/Disk/callback
INFO: [ app_init ] --START--
INFO: Run Behavior\BuildLiteBehavior [ RunTime:0.000017s ]
INFO: [ app_init ] --END-- [ RunTime:0.000348s ]
INFO: [ app_begin ] --START--
INFO: Run Behavior\ReadHtmlCacheBehavior [ RunTime:0.000471s ]
INFO: [ app_begin ] --END-- [ RunTime:0.000530s ]
SQL: SHOW COLUMNS FROM `tbfile` [ RunTime:0.0007s ]
SQL: SELECT * FROM `tbfile` WHERE `fdKey` = 'FtmX4cN-3AWth9A2A-Mq1JXuLPzh' LIMIT 1   [ RunTime:0.0002s ]
SQL: SHOW COLUMNS FROM `tbMimeType` [ RunTime:0.0004s ]
SQL: SELECT * FROM `tbMimeType` WHERE `fdName` = 'image/jpeg' LIMIT 1   [ RunTime:0.0002s ]
SQL: INSERT INTO `tbfile` (`fdName`,`fdSize`,`fdKey`,`fdUserID`,`fdCreate`,`fdUpdate`,`fdMimeTypeID`) VALUES ('Hydrangeas.jpg','595284','FtmX4cN-3AWth9A2A-Mq1JXuLPzh','10110','2015-11-14 23:41:45','2015-11-14 23:41:45','133') [ RunTime:0.0094s ]

[ 2015-11-14T23:41:53+08:00 ] 183.136.139.19 /YouPan/index.php/Home/Disk/callback
INFO: [ app_init ] --START--
INFO: Run Behavior\BuildLiteBehavior [ RunTime:0.000018s ]
INFO: [ app_init ] --END-- [ RunTime:0.000355s ]
INFO: [ app_begin ] --START--
INFO: Run Behavior\ReadHtmlCacheBehavior [ RunTime:0.000455s ]
INFO: [ app_begin ] --END-- [ RunTime:0.000519s ]
SQL: SHOW COLUMNS FROM `tbfile` [ RunTime:0.0008s ]
SQL: SELECT * FROM `tbfile` WHERE `fdKey` = 'FjsVvoSv8gsyKpPAuaqmLiWtM7S0' LIMIT 1   [ RunTime:0.0002s ]
SQL: SHOW COLUMNS FROM `tbMimeType` [ RunTime:0.0004s ]
SQL: SELECT * FROM `tbMimeType` WHERE `fdName` = 'image/jpeg' LIMIT 1   [ RunTime:0.0002s ]
SQL: INSERT INTO `tbfile` (`fdName`,`fdSize`,`fdKey`,`fdUserID`,`fdCreate`,`fdUpdate`,`fdMimeTypeID`) VALUES ('Jellyfish.jpg','775702','FjsVvoSv8gsyKpPAuaqmLiWtM7S0','10110','2015-11-14 23:41:53','2015-11-14 23:41:53','133') [ RunTime:0.0062s ]

[ 2015-11-14T23:42:06+08:00 ] 183.136.139.17 /YouPan/index.php/Home/Disk/callback
INFO: [ app_init ] --START--
INFO: Run Behavior\BuildLiteBehavior [ RunTime:0.000017s ]
INFO: [ app_init ] --END-- [ RunTime:0.000324s ]
INFO: [ app_begin ] --START--
INFO: Run Behavior\ReadHtmlCacheBehavior [ RunTime:0.000670s ]
INFO: [ app_begin ] --END-- [ RunTime:0.000721s ]
SQL: SHOW COLUMNS FROM `tbfile` [ RunTime:0.0010s ]
SQL: SELECT * FROM `tbfile` WHERE `fdKey` = 'Fpw9yx-RhaMU6iXVGu07WIGzL0IM' LIMIT 1   [ RunTime:0.0003s ]
SQL: SHOW COLUMNS FROM `tbMimeType` [ RunTime:0.0004s ]
SQL: SELECT * FROM `tbMimeType` WHERE `fdName` = 'image/jpeg' LIMIT 1   [ RunTime:0.0003s ]
SQL: INSERT INTO `tbfile` (`fdName`,`fdSize`,`fdKey`,`fdUserID`,`fdCreate`,`fdUpdate`,`fdMimeTypeID`) VALUES ('Koala.jpg','780831','Fpw9yx-RhaMU6iXVGu07WIGzL0IM','10110','2015-11-14 23:42:06','2015-11-14 23:42:06','133') [ RunTime:0.0083s ]

[ 2015-11-14T23:42:14+08:00 ] 183.136.139.19 /YouPan/index.php/Home/Disk/callback
INFO: [ app_init ] --START--
INFO: Run Behavior\BuildLiteBehavior [ RunTime:0.000016s ]
INFO: [ app_init ] --END-- [ RunTime:0.000453s ]
INFO: [ app_begin ] --START--
INFO: Run Behavior\ReadHtmlCacheBehavior [ RunTime:0.000731s ]
INFO: [ app_begin ] --END-- [ RunTime:0.000836s ]
SQL: SHOW COLUMNS FROM `tbfile` [ RunTime:0.0007s ]
SQL: SELECT * FROM `tbfile` WHERE `fdKey` = 'FhtGBbDiDOzPkaonjRDoH61k4k4n' LIMIT 1   [ RunTime:0.0003s ]
SQL: SHOW COLUMNS FROM `tbMimeType` [ RunTime:0.0004s ]
SQL: SELECT * FROM `tbMimeType` WHERE `fdName` = 'image/jpeg' LIMIT 1   [ RunTime:0.0002s ]
SQL: INSERT INTO `tbfile` (`fdName`,`fdSize`,`fdKey`,`fdUserID`,`fdCreate`,`fdUpdate`,`fdMimeTypeID`) VALUES ('Lighthouse.jpg','561276','FhtGBbDiDOzPkaonjRDoH61k4k4n','10110','2015-11-14 23:42:14','2015-11-14 23:42:14','133') [ RunTime:0.0133s ]

[ 2015-11-14T23:42:33+08:00 ] 183.136.139.14 /YouPan/index.php/Home/Disk/callback
INFO: [ app_init ] --START--
INFO: Run Behavior\BuildLiteBehavior [ RunTime:0.000015s ]
INFO: [ app_init ] --END-- [ RunTime:0.000363s ]
INFO: [ app_begin ] --START--
INFO: Run Behavior\ReadHtmlCacheBehavior [ RunTime:0.000480s ]
INFO: [ app_begin ] --END-- [ RunTime:0.000534s ]
SQL: SHOW COLUMNS FROM `tbfile` [ RunTime:0.0008s ]
SQL: SELECT * FROM `tbfile` WHERE `fdKey` = 'Ft976dxPRnGHeDrKaMfOmOTfIXLQ' LIMIT 1   [ RunTime:0.0003s ]
SQL: SHOW COLUMNS FROM `tbMimeType` [ RunTime:0.0004s ]
SQL: SELECT * FROM `tbMimeType` WHERE `fdName` = 'image/jpeg' LIMIT 1   [ RunTime:0.0003s ]
SQL: INSERT INTO `tbfile` (`fdName`,`fdSize`,`fdKey`,`fdUserID`,`fdCreate`,`fdUpdate`,`fdMimeTypeID`) VALUES ('Penguins.jpg','777835','Ft976dxPRnGHeDrKaMfOmOTfIXLQ','10110','2015-11-14 23:42:33','2015-11-14 23:42:33','133') [ RunTime:0.0068s ]

[ 2015-11-14T23:42:42+08:00 ] 183.136.139.19 /YouPan/index.php/Home/Disk/callback
INFO: [ app_init ] --START--
INFO: Run Behavior\BuildLiteBehavior [ RunTime:0.000020s ]
INFO: [ app_init ] --END-- [ RunTime:0.000369s ]
INFO: [ app_begin ] --START--
INFO: Run Behavior\ReadHtmlCacheBehavior [ RunTime:0.000426s ]
INFO: [ app_begin ] --END-- [ RunTime:0.000479s ]
SQL: SHOW COLUMNS FROM `tbfile` [ RunTime:0.0010s ]
SQL: SELECT * FROM `tbfile` WHERE `fdKey` = 'FlTC8aHrbxLWgaXHB4QhpVAM7gKt' LIMIT 1   [ RunTime:0.0003s ]
SQL: SHOW COLUMNS FROM `tbMimeType` [ RunTime:0.0006s ]
SQL: SELECT * FROM `tbMimeType` WHERE `fdName` = 'image/jpeg' LIMIT 1   [ RunTime:0.0002s ]
SQL: INSERT INTO `tbfile` (`fdName`,`fdSize`,`fdKey`,`fdUserID`,`fdCreate`,`fdUpdate`,`fdMimeTypeID`) VALUES ('Tulips.jpg','620888','FlTC8aHrbxLWgaXHB4QhpVAM7gKt','10110','2015-11-14 23:42:42','2015-11-14 23:42:42','133') [ RunTime:0.0129s ]

[ 2015-11-14T23:44:30+08:00 ] 183.136.139.11 /YouPan/index.php/Home/Disk/callback
INFO: [ app_init ] --START--
INFO: Run Behavior\BuildLiteBehavior [ RunTime:0.000022s ]
INFO: [ app_init ] --END-- [ RunTime:0.000480s ]
INFO: [ app_begin ] --START--
INFO: Run Behavior\ReadHtmlCacheBehavior [ RunTime:0.000616s ]
INFO: [ app_begin ] --END-- [ RunTime:0.000691s ]
SQL: SHOW COLUMNS FROM `tbfile` [ RunTime:0.0007s ]
SQL: SELECT * FROM `tbfile` WHERE `fdKey` = 'FvX4rSaBmkcTGNJGMfpQVQNnEqh-' LIMIT 1   [ RunTime:0.0003s ]

[ 2015-11-14T23:45:36+08:00 ] 183.136.139.17 /YouPan/index.php/Home/Disk/callback
INFO: [ app_init ] --START--
INFO: Run Behavior\BuildLiteBehavior [ RunTime:0.000016s ]
INFO: [ app_init ] --END-- [ RunTime:0.000338s ]
INFO: [ app_begin ] --START--
INFO: Run Behavior\ReadHtmlCacheBehavior [ RunTime:0.000426s ]
INFO: [ app_begin ] --END-- [ RunTime:0.000480s ]
SQL: SHOW COLUMNS FROM `tbfile` [ RunTime:0.0007s ]
SQL: SELECT * FROM `tbfile` WHERE `fdKey` = 'FjBCDRqa-yvLYDNYElaa9ENaWc4X' LIMIT 1   [ RunTime:0.0002s ]

[ 2015-11-14T23:45:44+08:00 ] 183.136.139.11 /YouPan/index.php/Home/Disk/callback
INFO: [ app_init ] --START--
INFO: Run Behavior\BuildLiteBehavior [ RunTime:0.000036s ]
INFO: [ app_init ] --END-- [ RunTime:0.000667s ]
INFO: [ app_begin ] --START--
INFO: Run Behavior\ReadHtmlCacheBehavior [ RunTime:0.000663s ]
INFO: [ app_begin ] --END-- [ RunTime:0.000719s ]
SQL: SHOW COLUMNS FROM `tbfile` [ RunTime:0.0008s ]
SQL: SELECT * FROM `tbfile` WHERE `fdKey` = 'FhtGBbDiDOzPkaonjRDoH61k4k4n' LIMIT 1   [ RunTime:0.0003s ]

