[ 2015-11-15T18:01:23+08:00 ] 211.66.89.98 /YouPan/index.php/Home/Disk
INFO: [ app_init ] --START--
INFO: Run Behavior\BuildLiteBehavior [ RunTime:0.000019s ]
INFO: [ app_init ] --END-- [ RunTime:0.000365s ]
INFO: [ app_begin ] --START--
INFO: Run Behavior\ReadHtmlCacheBehavior [ RunTime:0.000435s ]
INFO: [ app_begin ] --END-- [ RunTime:0.000492s ]
INFO: [ view_parse ] --START--
INFO: [ template_filter ] --START--
INFO: Run Behavior\ContentReplaceBehavior [ RunTime:0.000058s ]
INFO: [ template_filter ] --END-- [ RunTime:0.000116s ]
INFO: Run Behavior\ParseTemplateBehavior [ RunTime:0.008710s ]
INFO: [ view_parse ] --END-- [ RunTime:0.008768s ]
INFO: [ view_filter ] --START--
INFO: Run Behavior\WriteHtmlCacheBehavior [ RunTime:0.000149s ]
INFO: [ view_filter ] --END-- [ RunTime:0.000193s ]
INFO: [ app_end ] --START--
INFO: Run Behavior\ShowPageTraceBehavior [ RunTime:0.000528s ]
INFO: [ app_end ] --END-- [ RunTime:0.000581s ]

[ 2015-11-15T18:01:34+08:00 ] 183.136.139.11 /YouPan/index.php/Home/Disk/callback
INFO: [ app_init ] --START--
INFO: Run Behavior\BuildLiteBehavior [ RunTime:0.000017s ]
INFO: [ app_init ] --END-- [ RunTime:0.000343s ]
INFO: [ app_begin ] --START--
INFO: Run Behavior\ReadHtmlCacheBehavior [ RunTime:0.000426s ]
INFO: [ app_begin ] --END-- [ RunTime:0.000479s ]
SQL: SHOW COLUMNS FROM `tbfile` [ RunTime:0.0007s ]
SQL: SELECT * FROM `tbfile` WHERE `fdKey` = 'FtmX4cN-3AWth9A2A-Mq1JXuLPzh' LIMIT 1   [ RunTime:0.0002s ]

[ 2015-11-15T18:03:58+08:00 ] 211.66.89.98 /YouPan/index.php/Home/Disk
INFO: [ app_init ] --START--
INFO: Run Behavior\BuildLiteBehavior [ RunTime:0.000018s ]
INFO: [ app_init ] --END-- [ RunTime:0.000341s ]
INFO: [ app_begin ] --START--
INFO: Run Behavior\ReadHtmlCacheBehavior [ RunTime:0.000422s ]
INFO: [ app_begin ] --END-- [ RunTime:0.000479s ]
INFO: [ view_parse ] --START--
INFO: [ template_filter ] --START--
INFO: Run Behavior\ContentReplaceBehavior [ RunTime:0.000059s ]
INFO: [ template_filter ] --END-- [ RunTime:0.000113s ]
INFO: Run Behavior\ParseTemplateBehavior [ RunTime:0.008102s ]
INFO: [ view_parse ] --END-- [ RunTime:0.008179s ]
INFO: [ view_filter ] --START--
INFO: Run Behavior\WriteHtmlCacheBehavior [ RunTime:0.000133s ]
INFO: [ view_filter ] --END-- [ RunTime:0.000178s ]
INFO: [ app_end ] --START--
INFO: Run Behavior\ShowPageTraceBehavior [ RunTime:0.000480s ]
INFO: [ app_end ] --END-- [ RunTime:0.000537s ]

[ 2015-11-15T18:03:59+08:00 ] 211.66.89.98 /YouPan/index.php/Home/Disk/index.html
INFO: [ app_init ] --START--
INFO: Run Behavior\BuildLiteBehavior [ RunTime:0.000016s ]
INFO: [ app_init ] --END-- [ RunTime:0.000317s ]
INFO: [ app_begin ] --START--
INFO: Run Behavior\ReadHtmlCacheBehavior [ RunTime:0.000400s ]
INFO: [ app_begin ] --END-- [ RunTime:0.000453s ]
INFO: [ view_parse ] --START--
INFO: [ template_filter ] --START--
INFO: Run Behavior\ContentReplaceBehavior [ RunTime:0.000057s ]
INFO: [ template_filter ] --END-- [ RunTime:0.000118s ]
INFO: Run Behavior\ParseTemplateBehavior [ RunTime:0.008737s ]
INFO: [ view_parse ] --END-- [ RunTime:0.008792s ]
INFO: [ view_filter ] --START--
INFO: Run Behavior\WriteHtmlCacheBehavior [ RunTime:0.000141s ]
INFO: [ view_filter ] --END-- [ RunTime:0.000193s ]
INFO: [ app_end ] --START--
INFO: Run Behavior\ShowPageTraceBehavior [ RunTime:0.000434s ]
INFO: [ app_end ] --END-- [ RunTime:0.000497s ]

[ 2015-11-15T18:04:21+08:00 ] 183.136.139.17 /YouPan/index.php/Home/Disk/callback
INFO: [ app_init ] --START--
INFO: Run Behavior\BuildLiteBehavior [ RunTime:0.000021s ]
INFO: [ app_init ] --END-- [ RunTime:0.000330s ]
INFO: [ app_begin ] --START--
INFO: Run Behavior\ReadHtmlCacheBehavior [ RunTime:0.000394s ]
INFO: [ app_begin ] --END-- [ RunTime:0.000448s ]
SQL: SHOW COLUMNS FROM `tbfile` [ RunTime:0.0007s ]
SQL: SELECT * FROM `tbfile` WHERE `fdKey` = 'FlTC8aHrbxLWgaXHB4QhpVAM7gKt' LIMIT 1   [ RunTime:0.0003s ]

[ 2015-11-15T18:04:29+08:00 ] 183.136.139.11 /YouPan/index.php/Home/Disk/callback
INFO: [ app_init ] --START--
INFO: Run Behavior\BuildLiteBehavior [ RunTime:0.000020s ]
INFO: [ app_init ] --END-- [ RunTime:0.000368s ]
INFO: [ app_begin ] --START--
INFO: Run Behavior\ReadHtmlCacheBehavior [ RunTime:0.000624s ]
INFO: [ app_begin ] --END-- [ RunTime:0.000704s ]
SQL: SHOW COLUMNS FROM `tbfile` [ RunTime:0.0008s ]
SQL: SELECT * FROM `tbfile` WHERE `fdKey` = 'Fo_jfFKd6wM5IzVGUf1--cCrHtel' LIMIT 1   [ RunTime:0.0003s ]
SQL: SHOW COLUMNS FROM `tbMimeType` [ RunTime:0.0004s ]
SQL: SELECT * FROM `tbMimeType` WHERE `fdName` = 'application/vnd.openxmlformats-officedocument.wordprocessingml.document' LIMIT 1   [ RunTime:0.0002s ]
ERR: 1048:Column 'fdMimeTypeID' cannot be null
 [ SQL语句 ] : INSERT INTO `tbfile` (`fdName`,`fdSize`,`fdKey`,`fdUserID`,`fdCreate`,`fdUpdate`,`fdMimeTypeID`) VALUES ('课程表.docx','15306','Fo_jfFKd6wM5IzVGUf1--cCrHtel','10110','2015-11-15 18:04:29','2015-11-15 18:04:29',NULL)
ERR: 1048:Column 'fdMimeTypeID' cannot be null
 [ SQL语句 ] : INSERT INTO `tbfile` (`fdName`,`fdSize`,`fdKey`,`fdUserID`,`fdCreate`,`fdUpdate`,`fdMimeTypeID`) VALUES ('课程表.docx','15306','Fo_jfFKd6wM5IzVGUf1--cCrHtel','10110','2015-11-15 18:04:29','2015-11-15 18:04:29',NULL)

[ 2015-11-15T18:24:17+08:00 ] 110.64.218.54 /YouPan/
INFO: [ app_init ] --START--
INFO: Run Behavior\BuildLiteBehavior [ RunTime:0.000016s ]
INFO: [ app_init ] --END-- [ RunTime:0.000324s ]
INFO: [ app_begin ] --START--
INFO: Run Behavior\ReadHtmlCacheBehavior [ RunTime:0.000472s ]
INFO: [ app_begin ] --END-- [ RunTime:0.000525s ]
INFO: [ view_parse ] --START--
INFO: [ template_filter ] --START--
INFO: Run Behavior\ContentReplaceBehavior [ RunTime:0.000064s ]
INFO: [ template_filter ] --END-- [ RunTime:0.000120s ]
INFO: Run Behavior\ParseTemplateBehavior [ RunTime:0.005919s ]
INFO: [ view_parse ] --END-- [ RunTime:0.005969s ]
INFO: [ view_filter ] --START--
INFO: Run Behavior\WriteHtmlCacheBehavior [ RunTime:0.000182s ]
INFO: [ view_filter ] --END-- [ RunTime:0.000227s ]
INFO: [ app_end ] --START--
INFO: Run Behavior\ShowPageTraceBehavior [ RunTime:0.000431s ]
INFO: [ app_end ] --END-- [ RunTime:0.000501s ]

[ 2015-11-15T18:24:30+08:00 ] 110.64.218.54 /YouPan/index.php/Home/user/signin.html
INFO: [ app_init ] --START--
INFO: Run Behavior\BuildLiteBehavior [ RunTime:0.000017s ]
INFO: [ app_init ] --END-- [ RunTime:0.000375s ]
INFO: [ app_begin ] --START--
INFO: Run Behavior\ReadHtmlCacheBehavior [ RunTime:0.000419s ]
INFO: [ app_begin ] --END-- [ RunTime:0.000474s ]
INFO: [ view_parse ] --START--
INFO: [ template_filter ] --START--
INFO: Run Behavior\ContentReplaceBehavior [ RunTime:0.000045s ]
INFO: [ template_filter ] --END-- [ RunTime:0.000110s ]
INFO: Run Behavior\ParseTemplateBehavior [ RunTime:0.007464s ]
INFO: [ view_parse ] --END-- [ RunTime:0.007522s ]
INFO: [ view_filter ] --START--
INFO: Run Behavior\WriteHtmlCacheBehavior [ RunTime:0.000140s ]
INFO: [ view_filter ] --END-- [ RunTime:0.000195s ]
INFO: [ app_end ] --START--
INFO: Run Behavior\ShowPageTraceBehavior [ RunTime:0.000422s ]
INFO: [ app_end ] --END-- [ RunTime:0.000476s ]

[ 2015-11-15T18:24:35+08:00 ] 110.64.218.54 /YouPan/index.php/Home/Disk/index.html
INFO: [ app_init ] --START--
INFO: Run Behavior\BuildLiteBehavior [ RunTime:0.000026s ]
INFO: [ app_init ] --END-- [ RunTime:0.000556s ]
INFO: [ app_begin ] --START--
INFO: Run Behavior\ReadHtmlCacheBehavior [ RunTime:0.000487s ]
INFO: [ app_begin ] --END-- [ RunTime:0.000542s ]
INFO: [ view_parse ] --START--
INFO: [ template_filter ] --START--
INFO: Run Behavior\ContentReplaceBehavior [ RunTime:0.000059s ]
INFO: [ template_filter ] --END-- [ RunTime:0.000127s ]
INFO: Run Behavior\ParseTemplateBehavior [ RunTime:0.007994s ]
INFO: [ view_parse ] --END-- [ RunTime:0.008047s ]
INFO: [ view_filter ] --START--
INFO: Run Behavior\WriteHtmlCacheBehavior [ RunTime:0.000143s ]
INFO: [ view_filter ] --END-- [ RunTime:0.000187s ]
INFO: [ app_end ] --START--
INFO: Run Behavior\ShowPageTraceBehavior [ RunTime:0.000423s ]
INFO: [ app_end ] --END-- [ RunTime:0.000477s ]

[ 2015-11-15T18:25:01+08:00 ] 110.64.218.54 /YouPan/index.php/Home/Disk/index.html
INFO: [ app_init ] --START--
INFO: Run Behavior\BuildLiteBehavior [ RunTime:0.000018s ]
INFO: [ app_init ] --END-- [ RunTime:0.000344s ]
INFO: [ app_begin ] --START--
INFO: Run Behavior\ReadHtmlCacheBehavior [ RunTime:0.000414s ]
INFO: [ app_begin ] --END-- [ RunTime:0.000468s ]
INFO: [ view_parse ] --START--
INFO: [ template_filter ] --START--
INFO: Run Behavior\ContentReplaceBehavior [ RunTime:0.000096s ]
INFO: [ template_filter ] --END-- [ RunTime:0.000203s ]
INFO: Run Behavior\ParseTemplateBehavior [ RunTime:0.009200s ]
INFO: [ view_parse ] --END-- [ RunTime:0.009274s ]
INFO: [ view_filter ] --START--
INFO: Run Behavior\WriteHtmlCacheBehavior [ RunTime:0.000209s ]
INFO: [ view_filter ] --END-- [ RunTime:0.000281s ]
INFO: [ app_end ] --START--
INFO: Run Behavior\ShowPageTraceBehavior [ RunTime:0.000688s ]
INFO: [ app_end ] --END-- [ RunTime:0.000872s ]

[ 2015-11-15T18:25:12+08:00 ] 183.136.139.11 /YouPan/index.php/Home/Disk/callback
INFO: [ app_init ] --START--
INFO: Run Behavior\BuildLiteBehavior [ RunTime:0.000016s ]
INFO: [ app_init ] --END-- [ RunTime:0.000346s ]
INFO: [ app_begin ] --START--
INFO: Run Behavior\ReadHtmlCacheBehavior [ RunTime:0.000428s ]
INFO: [ app_begin ] --END-- [ RunTime:0.000482s ]
SQL: SHOW COLUMNS FROM `tbfile` [ RunTime:0.0007s ]
SQL: SELECT * FROM `tbfile` WHERE `fdKey` = 'FjcAZNQ7PI8ngJ4RwbU27eU5bh2L' LIMIT 1   [ RunTime:0.0003s ]
SQL: SHOW COLUMNS FROM `tbMimeType` [ RunTime:0.0004s ]
SQL: SELECT * FROM `tbMimeType` WHERE `fdName` = 'text/plain' LIMIT 1   [ RunTime:0.0002s ]
SQL: INSERT INTO `tbfile` (`fdName`,`fdSize`,`fdKey`,`fdUserID`,`fdCreate`,`fdUpdate`,`fdMimeTypeID`) VALUES ('2345加速浏览器免责声明.txt','4940','FjcAZNQ7PI8ngJ4RwbU27eU5bh2L','10110','2015-11-15 18:25:12','2015-11-15 18:25:12','160') [ RunTime:0.0216s ]

[ 2015-11-15T18:26:18+08:00 ] 183.136.139.14 /YouPan/index.php/Home/Disk/callback
INFO: [ app_init ] --START--
INFO: Run Behavior\BuildLiteBehavior [ RunTime:0.000016s ]
INFO: [ app_init ] --END-- [ RunTime:0.000314s ]
INFO: [ app_begin ] --START--
INFO: Run Behavior\ReadHtmlCacheBehavior [ RunTime:0.000391s ]
INFO: [ app_begin ] --END-- [ RunTime:0.000445s ]
SQL: SHOW COLUMNS FROM `tbfile` [ RunTime:0.0007s ]
SQL: SELECT * FROM `tbfile` WHERE `fdKey` = 'FjcAZNQ7PI8ngJ4RwbU27eU5bh2L' LIMIT 1   [ RunTime:0.0003s ]

[ 2015-11-15T18:26:49+08:00 ] 183.136.139.14 /YouPan/index.php/Home/Disk/callback
INFO: [ app_init ] --START--
INFO: Run Behavior\BuildLiteBehavior [ RunTime:0.000017s ]
INFO: [ app_init ] --END-- [ RunTime:0.000358s ]
INFO: [ app_begin ] --START--
INFO: Run Behavior\ReadHtmlCacheBehavior [ RunTime:0.000398s ]
INFO: [ app_begin ] --END-- [ RunTime:0.000477s ]
SQL: SHOW COLUMNS FROM `tbfile` [ RunTime:0.0007s ]
SQL: SELECT * FROM `tbfile` WHERE `fdKey` = 'FjcAZNQ7PI8ngJ4RwbU27eU5bh2L' LIMIT 1   [ RunTime:0.0003s ]

[ 2015-11-15T18:27:15+08:00 ] 183.136.139.19 /YouPan/index.php/Home/Disk/callback
INFO: [ app_init ] --START--
INFO: Run Behavior\BuildLiteBehavior [ RunTime:0.000025s ]
INFO: [ app_init ] --END-- [ RunTime:0.000491s ]
INFO: [ app_begin ] --START--
INFO: Run Behavior\ReadHtmlCacheBehavior [ RunTime:0.000614s ]
INFO: [ app_begin ] --END-- [ RunTime:0.000736s ]
SQL: SHOW COLUMNS FROM `tbfile` [ RunTime:0.0008s ]
SQL: SELECT * FROM `tbfile` WHERE `fdKey` = 'FtYmNtjK7BPwTihEKgpvoa_rAku7' LIMIT 1   [ RunTime:0.0003s ]
SQL: SHOW COLUMNS FROM `tbMimeType` [ RunTime:0.0004s ]
SQL: SELECT * FROM `tbMimeType` WHERE `fdName` = 'text/plain' LIMIT 1   [ RunTime:0.0003s ]
SQL: INSERT INTO `tbfile` (`fdName`,`fdSize`,`fdKey`,`fdUserID`,`fdCreate`,`fdUpdate`,`fdMimeTypeID`) VALUES ('2345加速浏览器免责声.txt','2','FtYmNtjK7BPwTihEKgpvoa_rAku7','10110','2015-11-15 18:27:15','2015-11-15 18:27:15','160') [ RunTime:0.0131s ]

[ 2015-11-15T18:28:57+08:00 ] 183.136.139.17 /YouPan/index.php/Home/Disk/callback
INFO: [ app_init ] --START--
INFO: Run Behavior\BuildLiteBehavior [ RunTime:0.000017s ]
INFO: [ app_init ] --END-- [ RunTime:0.000333s ]
INFO: [ app_begin ] --START--
INFO: Run Behavior\ReadHtmlCacheBehavior [ RunTime:0.000459s ]
INFO: [ app_begin ] --END-- [ RunTime:0.000514s ]
SQL: SHOW COLUMNS FROM `tbfile` [ RunTime:0.0007s ]
SQL: SELECT * FROM `tbfile` WHERE `fdKey` = 'Fo_jfFKd6wM5IzVGUf1--cCrHtel' LIMIT 1   [ RunTime:0.0002s ]
SQL: SHOW COLUMNS FROM `tbMimeType` [ RunTime:0.0005s ]
SQL: SELECT * FROM `tbMimeType` WHERE `fdName` = 'application/vnd.openxmlformats-officedocument.wordprocessingml.document' LIMIT 1   [ RunTime:0.0002s ]
ERR: 1048:Column 'fdMimeTypeID' cannot be null
 [ SQL语句 ] : INSERT INTO `tbfile` (`fdName`,`fdSize`,`fdKey`,`fdUserID`,`fdCreate`,`fdUpdate`,`fdMimeTypeID`) VALUES ('课程表.docx','15306','Fo_jfFKd6wM5IzVGUf1--cCrHtel','10110','2015-11-15 18:28:57','2015-11-15 18:28:57',NULL)
ERR: 1048:Column 'fdMimeTypeID' cannot be null
 [ SQL语句 ] : INSERT INTO `tbfile` (`fdName`,`fdSize`,`fdKey`,`fdUserID`,`fdCreate`,`fdUpdate`,`fdMimeTypeID`) VALUES ('课程表.docx','15306','Fo_jfFKd6wM5IzVGUf1--cCrHtel','10110','2015-11-15 18:28:57','2015-11-15 18:28:57',NULL)

[ 2015-11-15T18:29:17+08:00 ] 183.136.139.11 /YouPan/index.php/Home/Disk/callback
INFO: [ app_init ] --START--
INFO: Run Behavior\BuildLiteBehavior [ RunTime:0.000016s ]
INFO: [ app_init ] --END-- [ RunTime:0.000321s ]
INFO: [ app_begin ] --START--
INFO: Run Behavior\ReadHtmlCacheBehavior [ RunTime:0.000428s ]
INFO: [ app_begin ] --END-- [ RunTime:0.000481s ]
SQL: SHOW COLUMNS FROM `tbfile` [ RunTime:0.0007s ]
SQL: SELECT * FROM `tbfile` WHERE `fdKey` = 'FjLgGeQ4CKPqai0zEUQJmhdfjlT0' LIMIT 1   [ RunTime:0.0003s ]
SQL: SHOW COLUMNS FROM `tbMimeType` [ RunTime:0.0004s ]
SQL: SELECT * FROM `tbMimeType` WHERE `fdName` = 'text/plain' LIMIT 1   [ RunTime:0.0002s ]
SQL: INSERT INTO `tbfile` (`fdName`,`fdSize`,`fdKey`,`fdUserID`,`fdCreate`,`fdUpdate`,`fdMimeTypeID`) VALUES ('第二周作业.txt','180','FjLgGeQ4CKPqai0zEUQJmhdfjlT0','10110','2015-11-15 18:29:17','2015-11-15 18:29:17','160') [ RunTime:0.0103s ]

[ 2015-11-15T18:29:31+08:00 ] 183.136.139.17 /YouPan/index.php/Home/Disk/callback
INFO: [ app_init ] --START--
INFO: Run Behavior\BuildLiteBehavior [ RunTime:0.000017s ]
INFO: [ app_init ] --END-- [ RunTime:0.000357s ]
INFO: [ app_begin ] --START--
INFO: Run Behavior\ReadHtmlCacheBehavior [ RunTime:0.000438s ]
INFO: [ app_begin ] --END-- [ RunTime:0.000502s ]
SQL: SHOW COLUMNS FROM `tbfile` [ RunTime:0.0009s ]
SQL: SELECT * FROM `tbfile` WHERE `fdKey` = 'FjLgGeQ4CKPqai0zEUQJmhdfjlT0' LIMIT 1   [ RunTime:0.0003s ]

[ 2015-11-15T18:30:24+08:00 ] 183.136.139.14 /YouPan/index.php/Home/Disk/callback
INFO: [ app_init ] --START--
INFO: Run Behavior\BuildLiteBehavior [ RunTime:0.000021s ]
INFO: [ app_init ] --END-- [ RunTime:0.000380s ]
INFO: [ app_begin ] --START--
INFO: Run Behavior\ReadHtmlCacheBehavior [ RunTime:0.000445s ]
INFO: [ app_begin ] --END-- [ RunTime:0.000506s ]
SQL: SHOW COLUMNS FROM `tbfile` [ RunTime:0.0007s ]
SQL: SELECT * FROM `tbfile` WHERE `fdKey` = 'FjLgGeQ4CKPqai0zEUQJmhdfjlT0' LIMIT 1   [ RunTime:0.0003s ]

[ 2015-11-15T18:30:37+08:00 ] 183.136.139.11 /YouPan/index.php/Home/Disk/callback
INFO: [ app_init ] --START--
INFO: Run Behavior\BuildLiteBehavior [ RunTime:0.000016s ]
INFO: [ app_init ] --END-- [ RunTime:0.000338s ]
INFO: [ app_begin ] --START--
INFO: Run Behavior\ReadHtmlCacheBehavior [ RunTime:0.000424s ]
INFO: [ app_begin ] --END-- [ RunTime:0.000482s ]
SQL: SHOW COLUMNS FROM `tbfile` [ RunTime:0.0007s ]
SQL: SELECT * FROM `tbfile` WHERE `fdKey` = 'FjLgGeQ4CKPqai0zEUQJmhdfjlT0' LIMIT 1   [ RunTime:0.0003s ]

[ 2015-11-15T18:30:37+08:00 ] 183.136.139.11 /YouPan/index.php/Home/Disk/callback
INFO: [ app_init ] --START--
INFO: Run Behavior\BuildLiteBehavior [ RunTime:0.000016s ]
INFO: [ app_init ] --END-- [ RunTime:0.000348s ]
INFO: [ app_begin ] --START--
INFO: Run Behavior\ReadHtmlCacheBehavior [ RunTime:0.000405s ]
INFO: [ app_begin ] --END-- [ RunTime:0.000459s ]
SQL: SHOW COLUMNS FROM `tbfile` [ RunTime:0.0010s ]
SQL: SELECT * FROM `tbfile` WHERE `fdKey` = 'FqMiWq_Msn0HsQHV2gONs6vhDODD' LIMIT 1   [ RunTime:0.0003s ]
SQL: SHOW COLUMNS FROM `tbMimeType` [ RunTime:0.0004s ]
SQL: SELECT * FROM `tbMimeType` WHERE `fdName` = 'image/jpeg' LIMIT 1   [ RunTime:0.0002s ]
SQL: INSERT INTO `tbfile` (`fdName`,`fdSize`,`fdKey`,`fdUserID`,`fdCreate`,`fdUpdate`,`fdMimeTypeID`) VALUES ('龙天论坛专用壁纸.jpg','113850','FqMiWq_Msn0HsQHV2gONs6vhDODD','10110','2015-11-15 18:30:37','2015-11-15 18:30:37','133') [ RunTime:0.0085s ]

[ 2015-11-15T18:30:37+08:00 ] 183.136.139.19 /YouPan/index.php/Home/Disk/callback
INFO: [ app_init ] --START--
INFO: Run Behavior\BuildLiteBehavior [ RunTime:0.000040s ]
INFO: [ app_init ] --END-- [ RunTime:0.000353s ]
INFO: [ app_begin ] --START--
INFO: Run Behavior\ReadHtmlCacheBehavior [ RunTime:0.000399s ]
INFO: [ app_begin ] --END-- [ RunTime:0.000456s ]
SQL: SHOW COLUMNS FROM `tbfile` [ RunTime:0.0007s ]
SQL: SELECT * FROM `tbfile` WHERE `fdKey` = 'Fjwh0IKpar48uWSJNx5_WWEtdb1Z' LIMIT 1   [ RunTime:0.0003s ]
SQL: SHOW COLUMNS FROM `tbMimeType` [ RunTime:0.0004s ]
SQL: SELECT * FROM `tbMimeType` WHERE `fdName` = 'text/plain' LIMIT 1   [ RunTime:0.0002s ]
SQL: INSERT INTO `tbfile` (`fdName`,`fdSize`,`fdKey`,`fdUserID`,`fdCreate`,`fdUpdate`,`fdMimeTypeID`) VALUES ('下载必看.txt','2373','Fjwh0IKpar48uWSJNx5_WWEtdb1Z','10110','2015-11-15 18:30:37','2015-11-15 18:30:37','160') [ RunTime:0.0072s ]

[ 2015-11-15T18:34:39+08:00 ] 183.136.139.19 /YouPan/index.php/Home/Disk/callback
INFO: [ app_init ] --START--
INFO: Run Behavior\BuildLiteBehavior [ RunTime:0.000019s ]
INFO: [ app_init ] --END-- [ RunTime:0.000352s ]
INFO: [ app_begin ] --START--
INFO: Run Behavior\ReadHtmlCacheBehavior [ RunTime:0.000453s ]
INFO: [ app_begin ] --END-- [ RunTime:0.000507s ]
SQL: SHOW COLUMNS FROM `tbfile` [ RunTime:0.0008s ]
SQL: SELECT * FROM `tbfile` WHERE `fdKey` = 'FjLgGeQ4CKPqai0zEUQJmhdfjlT0' LIMIT 1   [ RunTime:0.0003s ]

[ 2015-11-15T18:35:54+08:00 ] 183.136.139.19 /YouPan/index.php/Home/Disk/callback
INFO: [ app_init ] --START--
INFO: Run Behavior\BuildLiteBehavior [ RunTime:0.000017s ]
INFO: [ app_init ] --END-- [ RunTime:0.000328s ]
INFO: [ app_begin ] --START--
INFO: Run Behavior\ReadHtmlCacheBehavior [ RunTime:0.000419s ]
INFO: [ app_begin ] --END-- [ RunTime:0.000495s ]
SQL: SHOW COLUMNS FROM `tbfile` [ RunTime:0.0007s ]
SQL: SELECT * FROM `tbfile` WHERE `fdKey` = 'FjLgGeQ4CKPqai0zEUQJmhdfjlT0' LIMIT 1   [ RunTime:0.0003s ]

[ 2015-11-15T18:36:18+08:00 ] 183.136.139.17 /YouPan/index.php/Home/Disk/callback
INFO: [ app_init ] --START--
INFO: Run Behavior\BuildLiteBehavior [ RunTime:0.000037s ]
INFO: [ app_init ] --END-- [ RunTime:0.000338s ]
INFO: [ app_begin ] --START--
INFO: Run Behavior\ReadHtmlCacheBehavior [ RunTime:0.000396s ]
INFO: [ app_begin ] --END-- [ RunTime:0.000455s ]
SQL: SHOW COLUMNS FROM `tbfile` [ RunTime:0.0007s ]
SQL: SELECT * FROM `tbfile` WHERE `fdKey` = 'FmZlDmfehV-fG1HTwBvoBXQUCECH' LIMIT 1   [ RunTime:0.0003s ]
SQL: SHOW COLUMNS FROM `tbMimeType` [ RunTime:0.0004s ]
SQL: SELECT * FROM `tbMimeType` WHERE `fdName` = 'application/pdf' LIMIT 1   [ RunTime:0.0002s ]
SQL: INSERT INTO `tbfile` (`fdName`,`fdSize`,`fdKey`,`fdUserID`,`fdCreate`,`fdUpdate`,`fdMimeTypeID`) VALUES ('大型电商分布式系统实践 第二周.pdf','955474','FmZlDmfehV-fG1HTwBvoBXQUCECH','10110','2015-11-15 18:36:18','2015-11-15 18:36:18','18') [ RunTime:0.0070s ]

[ 2015-11-15T18:37:36+08:00 ] 183.136.139.19 /YouPan/index.php/Home/Disk/callback
INFO: [ app_init ] --START--
INFO: Run Behavior\BuildLiteBehavior [ RunTime:0.000016s ]
INFO: [ app_init ] --END-- [ RunTime:0.000324s ]
INFO: [ app_begin ] --START--
INFO: Run Behavior\ReadHtmlCacheBehavior [ RunTime:0.000389s ]
INFO: [ app_begin ] --END-- [ RunTime:0.000447s ]
SQL: SHOW COLUMNS FROM `tbfile` [ RunTime:0.0007s ]
SQL: SELECT * FROM `tbfile` WHERE `fdKey` = 'FmZlDmfehV-fG1HTwBvoBXQUCECH' LIMIT 1   [ RunTime:0.0003s ]

[ 2015-11-15T18:38:32+08:00 ] 183.136.139.19 /YouPan/index.php/Home/Disk/callback
INFO: [ app_init ] --START--
INFO: Run Behavior\BuildLiteBehavior [ RunTime:0.000021s ]
INFO: [ app_init ] --END-- [ RunTime:0.000323s ]
INFO: [ app_begin ] --START--
INFO: Run Behavior\ReadHtmlCacheBehavior [ RunTime:0.000585s ]
INFO: [ app_begin ] --END-- [ RunTime:0.000678s ]
SQL: SHOW COLUMNS FROM `tbfile` [ RunTime:0.0007s ]
SQL: SELECT * FROM `tbfile` WHERE `fdKey` = 'FmZlDmfehV-fG1HTwBvoBXQUCECH' LIMIT 1   [ RunTime:0.0005s ]

[ 2015-11-15T18:39:22+08:00 ] 183.136.139.11 /YouPan/index.php/Home/Disk/callback
INFO: [ app_init ] --START--
INFO: Run Behavior\BuildLiteBehavior [ RunTime:0.000016s ]
INFO: [ app_init ] --END-- [ RunTime:0.000364s ]
INFO: [ app_begin ] --START--
INFO: Run Behavior\ReadHtmlCacheBehavior [ RunTime:0.000451s ]
INFO: [ app_begin ] --END-- [ RunTime:0.000515s ]
SQL: SHOW COLUMNS FROM `tbfile` [ RunTime:0.0007s ]
SQL: SELECT * FROM `tbfile` WHERE `fdKey` = 'FmZlDmfehV-fG1HTwBvoBXQUCECH' LIMIT 1   [ RunTime:0.0003s ]

[ 2015-11-15T18:39:53+08:00 ] 183.136.139.11 /YouPan/index.php/Home/Disk/callback
INFO: [ app_init ] --START--
INFO: Run Behavior\BuildLiteBehavior [ RunTime:0.000016s ]
INFO: [ app_init ] --END-- [ RunTime:0.000343s ]
INFO: [ app_begin ] --START--
INFO: Run Behavior\ReadHtmlCacheBehavior [ RunTime:0.000389s ]
INFO: [ app_begin ] --END-- [ RunTime:0.000441s ]
SQL: SHOW COLUMNS FROM `tbfile` [ RunTime:0.0007s ]
SQL: SELECT * FROM `tbfile` WHERE `fdKey` = 'FmZlDmfehV-fG1HTwBvoBXQUCECH' LIMIT 1   [ RunTime:0.0003s ]

[ 2015-11-15T18:40:44+08:00 ] 183.136.139.17 /YouPan/index.php/Home/Disk/callback
INFO: [ app_init ] --START--
INFO: Run Behavior\BuildLiteBehavior [ RunTime:0.000022s ]
INFO: [ app_init ] --END-- [ RunTime:0.000549s ]
INFO: [ app_begin ] --START--
INFO: Run Behavior\ReadHtmlCacheBehavior [ RunTime:0.000607s ]
INFO: [ app_begin ] --END-- [ RunTime:0.000685s ]
SQL: SHOW COLUMNS FROM `tbfile` [ RunTime:0.0007s ]
SQL: SELECT * FROM `tbfile` WHERE `fdKey` = 'FmZlDmfehV-fG1HTwBvoBXQUCECH' LIMIT 1   [ RunTime:0.0003s ]

[ 2015-11-15T18:41:07+08:00 ] 183.136.139.14 /YouPan/index.php/Home/Disk/callback
INFO: [ app_init ] --START--
INFO: Run Behavior\BuildLiteBehavior [ RunTime:0.000016s ]
INFO: [ app_init ] --END-- [ RunTime:0.000342s ]
INFO: [ app_begin ] --START--
INFO: Run Behavior\ReadHtmlCacheBehavior [ RunTime:0.000431s ]
INFO: [ app_begin ] --END-- [ RunTime:0.000484s ]
SQL: SHOW COLUMNS FROM `tbfile` [ RunTime:0.0007s ]
SQL: SELECT * FROM `tbfile` WHERE `fdKey` = 'FmZlDmfehV-fG1HTwBvoBXQUCECH' LIMIT 1   [ RunTime:0.0003s ]

[ 2015-11-15T18:42:23+08:00 ] 183.136.139.17 /YouPan/index.php/Home/Disk/callback
INFO: [ app_init ] --START--
INFO: Run Behavior\BuildLiteBehavior [ RunTime:0.000018s ]
INFO: [ app_init ] --END-- [ RunTime:0.000329s ]
INFO: [ app_begin ] --START--
INFO: Run Behavior\ReadHtmlCacheBehavior [ RunTime:0.000395s ]
INFO: [ app_begin ] --END-- [ RunTime:0.000448s ]
SQL: SHOW COLUMNS FROM `tbfile` [ RunTime:0.0007s ]
SQL: SELECT * FROM `tbfile` WHERE `fdKey` = 'FmZlDmfehV-fG1HTwBvoBXQUCECH' LIMIT 1   [ RunTime:0.0003s ]

[ 2015-11-15T18:44:56+08:00 ] 183.136.139.14 /YouPan/index.php/Home/Disk/callback
INFO: [ app_init ] --START--
INFO: Run Behavior\BuildLiteBehavior [ RunTime:0.000030s ]
INFO: [ app_init ] --END-- [ RunTime:0.000610s ]
INFO: [ app_begin ] --START--
INFO: Run Behavior\ReadHtmlCacheBehavior [ RunTime:0.000451s ]
INFO: [ app_begin ] --END-- [ RunTime:0.000505s ]
SQL: SHOW COLUMNS FROM `tbfile` [ RunTime:0.0007s ]
SQL: SELECT * FROM `tbfile` WHERE `fdKey` = 'FjLgGeQ4CKPqai0zEUQJmhdfjlT0' LIMIT 1   [ RunTime:0.0003s ]

[ 2015-11-15T18:45:09+08:00 ] 183.136.139.11 /YouPan/index.php/Home/Disk/callback
INFO: [ app_init ] --START--
INFO: Run Behavior\BuildLiteBehavior [ RunTime:0.000017s ]
INFO: [ app_init ] --END-- [ RunTime:0.000358s ]
INFO: [ app_begin ] --START--
INFO: Run Behavior\ReadHtmlCacheBehavior [ RunTime:0.000425s ]
INFO: [ app_begin ] --END-- [ RunTime:0.000479s ]
SQL: SHOW COLUMNS FROM `tbfile` [ RunTime:0.0007s ]
SQL: SELECT * FROM `tbfile` WHERE `fdKey` = 'FqMiWq_Msn0HsQHV2gONs6vhDODD' LIMIT 1   [ RunTime:0.0003s ]

[ 2015-11-15T18:45:37+08:00 ] 183.136.139.17 /YouPan/index.php/Home/Disk/callback
INFO: [ app_init ] --START--
INFO: Run Behavior\BuildLiteBehavior [ RunTime:0.000017s ]
INFO: [ app_init ] --END-- [ RunTime:0.000319s ]
INFO: [ app_begin ] --START--
INFO: Run Behavior\ReadHtmlCacheBehavior [ RunTime:0.000422s ]
INFO: [ app_begin ] --END-- [ RunTime:0.000487s ]
SQL: SHOW COLUMNS FROM `tbfile` [ RunTime:0.0007s ]
SQL: SELECT * FROM `tbfile` WHERE `fdKey` = 'FmZlDmfehV-fG1HTwBvoBXQUCECH' LIMIT 1   [ RunTime:0.0003s ]

[ 2015-11-15T18:47:20+08:00 ] 183.136.139.14 /YouPan/index.php/Home/Disk/callback
INFO: [ app_init ] --START--
INFO: Run Behavior\BuildLiteBehavior [ RunTime:0.000023s ]
INFO: [ app_init ] --END-- [ RunTime:0.000368s ]
INFO: [ app_begin ] --START--
INFO: Run Behavior\ReadHtmlCacheBehavior [ RunTime:0.000445s ]
INFO: [ app_begin ] --END-- [ RunTime:0.000500s ]
SQL: SHOW COLUMNS FROM `tbfile` [ RunTime:0.0007s ]
SQL: SELECT * FROM `tbfile` WHERE `fdKey` = 'FmZlDmfehV-fG1HTwBvoBXQUCECH' LIMIT 1   [ RunTime:0.0003s ]

[ 2015-11-15T18:55:05+08:00 ] 183.136.139.11 /YouPan/index.php/Home/Disk/callback
INFO: [ app_init ] --START--
INFO: Run Behavior\BuildLiteBehavior [ RunTime:0.000023s ]
INFO: [ app_init ] --END-- [ RunTime:0.000400s ]
INFO: [ app_begin ] --START--
INFO: Run Behavior\ReadHtmlCacheBehavior [ RunTime:0.000477s ]
INFO: [ app_begin ] --END-- [ RunTime:0.000537s ]
SQL: SHOW COLUMNS FROM `tbfile` [ RunTime:0.0008s ]
SQL: SELECT * FROM `tbfile` WHERE `fdKey` = 'FqMiWq_Msn0HsQHV2gONs6vhDODD' LIMIT 1   [ RunTime:0.0003s ]

[ 2015-11-15T18:55:18+08:00 ] 183.136.139.11 /YouPan/index.php/Home/Disk/callback
INFO: [ app_init ] --START--
INFO: Run Behavior\BuildLiteBehavior [ RunTime:0.000019s ]
INFO: [ app_init ] --END-- [ RunTime:0.000337s ]
INFO: [ app_begin ] --START--
INFO: Run Behavior\ReadHtmlCacheBehavior [ RunTime:0.000439s ]
INFO: [ app_begin ] --END-- [ RunTime:0.000507s ]
SQL: SHOW COLUMNS FROM `tbfile` [ RunTime:0.0008s ]
SQL: SELECT * FROM `tbfile` WHERE `fdKey` = 'FjBCDRqa-yvLYDNYElaa9ENaWc4X' LIMIT 1   [ RunTime:0.0002s ]

[ 2015-11-15T18:56:05+08:00 ] 183.136.139.19 /YouPan/index.php/Home/Disk/callback
INFO: [ app_init ] --START--
INFO: Run Behavior\BuildLiteBehavior [ RunTime:0.000019s ]
INFO: [ app_init ] --END-- [ RunTime:0.000437s ]
INFO: [ app_begin ] --START--
INFO: Run Behavior\ReadHtmlCacheBehavior [ RunTime:0.000487s ]
INFO: [ app_begin ] --END-- [ RunTime:0.000551s ]
SQL: SHOW COLUMNS FROM `tbfile` [ RunTime:0.0007s ]
SQL: SELECT * FROM `tbfile` WHERE `fdKey` = 'FvX4rSaBmkcTGNJGMfpQVQNnEqh-' LIMIT 1   [ RunTime:0.0003s ]

[ 2015-11-15T18:59:58+08:00 ] 183.136.139.14 /YouPan/index.php/Home/Disk/callback
INFO: [ app_init ] --START--
INFO: Run Behavior\BuildLiteBehavior [ RunTime:0.000016s ]
INFO: [ app_init ] --END-- [ RunTime:0.000323s ]
INFO: [ app_begin ] --START--
INFO: Run Behavior\ReadHtmlCacheBehavior [ RunTime:0.000418s ]
INFO: [ app_begin ] --END-- [ RunTime:0.000495s ]
SQL: SHOW COLUMNS FROM `tbfile` [ RunTime:0.0010s ]
SQL: SELECT * FROM `tbfile` WHERE `fdKey` = 'FlTC8aHrbxLWgaXHB4QhpVAM7gKt' LIMIT 1   [ RunTime:0.0005s ]

[ 2015-11-15T19:00:20+08:00 ] 183.136.139.11 /YouPan/index.php/Home/Disk/callback
INFO: [ app_init ] --START--
INFO: Run Behavior\BuildLiteBehavior [ RunTime:0.000024s ]
INFO: [ app_init ] --END-- [ RunTime:0.000502s ]
INFO: [ app_begin ] --START--
INFO: Run Behavior\ReadHtmlCacheBehavior [ RunTime:0.000673s ]
INFO: [ app_begin ] --END-- [ RunTime:0.000755s ]
SQL: SHOW COLUMNS FROM `tbfile` [ RunTime:0.0007s ]
SQL: SELECT * FROM `tbfile` WHERE `fdKey` = 'FvX4rSaBmkcTGNJGMfpQVQNnEqh-' LIMIT 1   [ RunTime:0.0002s ]

[ 2015-11-15T19:00:26+08:00 ] 183.136.139.14 /YouPan/index.php/Home/Disk/callback
INFO: [ app_init ] --START--
INFO: Run Behavior\BuildLiteBehavior [ RunTime:0.000016s ]
INFO: [ app_init ] --END-- [ RunTime:0.000335s ]
INFO: [ app_begin ] --START--
INFO: Run Behavior\ReadHtmlCacheBehavior [ RunTime:0.000463s ]
INFO: [ app_begin ] --END-- [ RunTime:0.000519s ]
SQL: SHOW COLUMNS FROM `tbfile` [ RunTime:0.0007s ]
SQL: SELECT * FROM `tbfile` WHERE `fdKey` = 'FjBCDRqa-yvLYDNYElaa9ENaWc4X' LIMIT 1   [ RunTime:0.0002s ]

[ 2015-11-15T19:00:30+08:00 ] 183.136.139.19 /YouPan/index.php/Home/Disk/callback
INFO: [ app_init ] --START--
INFO: Run Behavior\BuildLiteBehavior [ RunTime:0.000017s ]
INFO: [ app_init ] --END-- [ RunTime:0.000322s ]
INFO: [ app_begin ] --START--
INFO: Run Behavior\ReadHtmlCacheBehavior [ RunTime:0.000409s ]
INFO: [ app_begin ] --END-- [ RunTime:0.000463s ]
SQL: SHOW COLUMNS FROM `tbfile` [ RunTime:0.0007s ]
SQL: SELECT * FROM `tbfile` WHERE `fdKey` = 'FtmX4cN-3AWth9A2A-Mq1JXuLPzh' LIMIT 1   [ RunTime:0.0003s ]

[ 2015-11-15T19:00:36+08:00 ] 183.136.139.11 /YouPan/index.php/Home/Disk/callback
INFO: [ app_init ] --START--
INFO: Run Behavior\BuildLiteBehavior [ RunTime:0.000021s ]
INFO: [ app_init ] --END-- [ RunTime:0.000411s ]
INFO: [ app_begin ] --START--
INFO: Run Behavior\ReadHtmlCacheBehavior [ RunTime:0.000551s ]
INFO: [ app_begin ] --END-- [ RunTime:0.000612s ]
SQL: SHOW COLUMNS FROM `tbfile` [ RunTime:0.0007s ]
SQL: SELECT * FROM `tbfile` WHERE `fdKey` = 'FjsVvoSv8gsyKpPAuaqmLiWtM7S0' LIMIT 1   [ RunTime:0.0003s ]

[ 2015-11-15T19:00:42+08:00 ] 183.136.139.17 /YouPan/index.php/Home/Disk/callback
INFO: [ app_init ] --START--
INFO: Run Behavior\BuildLiteBehavior [ RunTime:0.000018s ]
INFO: [ app_init ] --END-- [ RunTime:0.000329s ]
INFO: [ app_begin ] --START--
INFO: Run Behavior\ReadHtmlCacheBehavior [ RunTime:0.000429s ]
INFO: [ app_begin ] --END-- [ RunTime:0.000482s ]
SQL: SHOW COLUMNS FROM `tbfile` [ RunTime:0.0007s ]
SQL: SELECT * FROM `tbfile` WHERE `fdKey` = 'Fpw9yx-RhaMU6iXVGu07WIGzL0IM' LIMIT 1   [ RunTime:0.0003s ]

[ 2015-11-15T19:00:46+08:00 ] 183.136.139.14 /YouPan/index.php/Home/Disk/callback
INFO: [ app_init ] --START--
INFO: Run Behavior\BuildLiteBehavior [ RunTime:0.000016s ]
INFO: [ app_init ] --END-- [ RunTime:0.000354s ]
INFO: [ app_begin ] --START--
INFO: Run Behavior\ReadHtmlCacheBehavior [ RunTime:0.000403s ]
INFO: [ app_begin ] --END-- [ RunTime:0.000480s ]
SQL: SHOW COLUMNS FROM `tbfile` [ RunTime:0.0007s ]
SQL: SELECT * FROM `tbfile` WHERE `fdKey` = 'FhtGBbDiDOzPkaonjRDoH61k4k4n' LIMIT 1   [ RunTime:0.0003s ]

[ 2015-11-15T19:00:51+08:00 ] 183.136.139.17 /YouPan/index.php/Home/Disk/callback
INFO: [ app_init ] --START--
INFO: Run Behavior\BuildLiteBehavior [ RunTime:0.000019s ]
INFO: [ app_init ] --END-- [ RunTime:0.000371s ]
INFO: [ app_begin ] --START--
INFO: Run Behavior\ReadHtmlCacheBehavior [ RunTime:0.000458s ]
INFO: [ app_begin ] --END-- [ RunTime:0.000523s ]
SQL: SHOW COLUMNS FROM `tbfile` [ RunTime:0.0007s ]
SQL: SELECT * FROM `tbfile` WHERE `fdKey` = 'Ft976dxPRnGHeDrKaMfOmOTfIXLQ' LIMIT 1   [ RunTime:0.0003s ]

[ 2015-11-15T19:00:56+08:00 ] 183.136.139.14 /YouPan/index.php/Home/Disk/callback
INFO: [ app_init ] --START--
INFO: Run Behavior\BuildLiteBehavior [ RunTime:0.000016s ]
INFO: [ app_init ] --END-- [ RunTime:0.000319s ]
INFO: [ app_begin ] --START--
INFO: Run Behavior\ReadHtmlCacheBehavior [ RunTime:0.000427s ]
INFO: [ app_begin ] --END-- [ RunTime:0.000481s ]
SQL: SHOW COLUMNS FROM `tbfile` [ RunTime:0.0007s ]
SQL: SELECT * FROM `tbfile` WHERE `fdKey` = 'FlTC8aHrbxLWgaXHB4QhpVAM7gKt' LIMIT 1   [ RunTime:0.0003s ]

[ 2015-11-15T22:21:02+08:00 ] 211.66.89.74 /YouPan/index.php/Home/Disk
INFO: [ app_init ] --START--
INFO: Run Behavior\BuildLiteBehavior [ RunTime:0.000022s ]
INFO: [ app_init ] --END-- [ RunTime:0.000329s ]
INFO: [ app_begin ] --START--
INFO: Run Behavior\ReadHtmlCacheBehavior [ RunTime:0.000397s ]
INFO: [ app_begin ] --END-- [ RunTime:0.000451s ]
INFO: [ view_parse ] --START--
INFO: [ template_filter ] --START--
INFO: Run Behavior\ContentReplaceBehavior [ RunTime:0.000063s ]
INFO: [ template_filter ] --END-- [ RunTime:0.000137s ]
INFO: Run Behavior\ParseTemplateBehavior [ RunTime:0.009346s ]
INFO: [ view_parse ] --END-- [ RunTime:0.009435s ]
INFO: [ view_filter ] --START--
INFO: Run Behavior\WriteHtmlCacheBehavior [ RunTime:0.000163s ]
INFO: [ view_filter ] --END-- [ RunTime:0.000211s ]
INFO: [ app_end ] --START--
INFO: Run Behavior\ShowPageTraceBehavior [ RunTime:0.000558s ]
INFO: [ app_end ] --END-- [ RunTime:0.000652s ]

[ 2015-11-15T22:23:10+08:00 ] 183.136.139.14 /YouPan/index.php/Home/Disk/callback
INFO: [ app_init ] --START--
INFO: Run Behavior\BuildLiteBehavior [ RunTime:0.000020s ]
INFO: [ app_init ] --END-- [ RunTime:0.000395s ]
INFO: [ app_begin ] --START--
INFO: Run Behavior\ReadHtmlCacheBehavior [ RunTime:0.000430s ]
INFO: [ app_begin ] --END-- [ RunTime:0.000487s ]
SQL: SHOW COLUMNS FROM `tbfile` [ RunTime:0.0007s ]
SQL: SELECT * FROM `tbfile` WHERE `fdKey` = 'Fi8QXYlUerFVZSrPBKdxgq_c3KGj' LIMIT 1   [ RunTime:0.0003s ]
SQL: SHOW COLUMNS FROM `tbMimeType` [ RunTime:0.0004s ]
SQL: SELECT * FROM `tbMimeType` WHERE `fdName` = 'image/png' LIMIT 1   [ RunTime:0.0002s ]
ERR: 1048:Column 'fdMimeTypeID' cannot be null
 [ SQL语句 ] : INSERT INTO `tbfile` (`fdName`,`fdSize`,`fdKey`,`fdUserID`,`fdCreate`,`fdUpdate`,`fdMimeTypeID`) VALUES ('user_hd_97cf30bf914e37360e8fb9e9b04ba4b6.png','81874','Fi8QXYlUerFVZSrPBKdxgq_c3KGj','10110','2015-11-15 22:23:10','2015-11-15 22:23:10',NULL)
ERR: 1048:Column 'fdMimeTypeID' cannot be null
 [ SQL语句 ] : INSERT INTO `tbfile` (`fdName`,`fdSize`,`fdKey`,`fdUserID`,`fdCreate`,`fdUpdate`,`fdMimeTypeID`) VALUES ('user_hd_97cf30bf914e37360e8fb9e9b04ba4b6.png','81874','Fi8QXYlUerFVZSrPBKdxgq_c3KGj','10110','2015-11-15 22:23:10','2015-11-15 22:23:10',NULL)

[ 2015-11-15T22:29:01+08:00 ] 211.66.89.74 /YouPan/index.php/Home/Disk
INFO: [ app_init ] --START--
INFO: Run Behavior\BuildLiteBehavior [ RunTime:0.000017s ]
INFO: [ app_init ] --END-- [ RunTime:0.000376s ]
INFO: [ app_begin ] --START--
INFO: Run Behavior\ReadHtmlCacheBehavior [ RunTime:0.000465s ]
INFO: [ app_begin ] --END-- [ RunTime:0.000528s ]
INFO: [ view_parse ] --START--
INFO: [ template_filter ] --START--
INFO: Run Behavior\ContentReplaceBehavior [ RunTime:0.000069s ]
INFO: [ template_filter ] --END-- [ RunTime:0.000133s ]
INFO: Run Behavior\ParseTemplateBehavior [ RunTime:0.008530s ]
INFO: [ view_parse ] --END-- [ RunTime:0.008616s ]
INFO: [ view_filter ] --START--
INFO: Run Behavior\WriteHtmlCacheBehavior [ RunTime:0.000140s ]
INFO: [ view_filter ] --END-- [ RunTime:0.000189s ]
INFO: [ app_end ] --START--
INFO: Run Behavior\ShowPageTraceBehavior [ RunTime:0.000640s ]
INFO: [ app_end ] --END-- [ RunTime:0.000719s ]

